[ 2017-03-21T01:25:51+08:00 ] 120.27.153.16 183.57.53.197 GET /home/index/shows/chapter/1/page/2.html
[ log ] 120.27.153.16/home/index/shows/chapter/1/page/2.html [运行时间：0.007627s][吞吐率：131.11req/s] [内存消耗：571.34kb] [文件加载：41]
[ info ] [ LANG ] /home/wwwroot/default/thinkphp/lang/zh-cn.php
[ info ] [ ROUTE ] array (
  'type' => 'module',
  'module' => 
  array (
    0 => 'home',
    1 => 'index',
    2 => 'shows',
  ),
)
[ info ] [ HEADER ] array (
  'host' => '120.27.153.16',
  'accept-encoding' => 'deflate, gzip',
  'accept' => '*/*',
  'accept-language' => 'zh-cn',
  'user-agent' => 'Mozilla/5.0 (iPhone; CPU iPhone OS 9_3_4 like Mac OS X) AppleWebKit/601.1.46 (KHTML, like Gecko) Mobile/13G35 QQ/6.5.3.410 V1_IPH_SQ_6.5.3_1_APP_A Pixel/750 Core/UIWebView NetType/2G Mem/117',
  'connection' => 'Close',
)
[ info ] [ PARAM ] array (
  '/home/index/shows/chapter/1/page/2_html' => '',
  'chapter' => '1',
  'page' => '2',
)
[ info ] [ RUN ] app\home\controller\Index->shows[ /home/wwwroot/default/application/home/controller/Index.php ]
[ info ] [ DB ] INIT mysql
[ info ] [ VIEW ] /home/wwwroot/default/application/home/view/index/shows.html [ array (
  0 => 'img',
  1 => 'page',
) ]
[ info ] [ LOG ] INIT File
[ sql ] [ DB ] CONNECT:[ UseTime:0.000305s ] mysql:dbname=thinkphp;host=127.0.0.1;port=3306;charset=utf8
[ sql ] [ SQL ] SHOW COLUMNS FROM `xx_comics_image` [ RunTime:0.001051s ]
[ sql ] [ SQL ] SELECT * FROM `xx_comics_image` WHERE  `tid` = 21  AND `zid` = 1  AND `yid` = 2 LIMIT 1 [ RunTime:0.000305s ]
[ sql ] [ SQL ] SELECT MAX(yid) AS tp_max FROM `xx_comics_image` WHERE  `tid` = 21  AND `zid` = 1 LIMIT 1 [ RunTime:0.000225s ]

---------------------------------------------------------------
[ 2017-03-21T01:26:21+08:00 ] 120.27.153.16 101.201.116.52 GET /pmd
[ log ] 120.27.153.16/pmd [运行时间：0.006037s][吞吐率：165.65req/s] [内存消耗：336.20kb] [文件加载：26]
[ info ] [ LANG ] /home/wwwroot/default/thinkphp/lang/zh-cn.php
[ info ] [ ROUTE ] array (
  'type' => 'module',
  'module' => 
  array (
    0 => 'pmd',
    1 => NULL,
    2 => NULL,
  ),
)
[ info ] [ HEADER ] array (
  'connection' => 'Keep-Alive',
  'content-type' => 'application/x-www-form-urlencoded',
  'accept' => '*/*',
  'accept-language' => 'zh-cn',
  'referer' => 'http://120.27.153.16:80/pmd',
  'user-agent' => 'Mozilla/4.0 (compatible; MSIE 9.0; Windows NT 6.1)',
  'host' => '120.27.153.16',
)
[ info ] [ PARAM ] array (
  '/pmd' => '',
)
[ info ] [ LOG ] INIT File

---------------------------------------------------------------
[ 2017-03-21T01:59:55+08:00 ] 120.27.153.16 61.151.226.16 GET /admin/comics/index.html?page%253D1
[ log ] 120.27.153.16/admin/comics/index.html?page%253D1 [运行时间：0.006041s][吞吐率：165.54req/s] [内存消耗：432.88kb] [文件加载：37]
[ info ] [ LANG ] /home/wwwroot/default/thinkphp/lang/zh-cn.php
[ info ] [ ROUTE ] array (
  'type' => 'module',
  'module' => 
  array (
    0 => 'admin',
    1 => 'comics',
    2 => 'index',
  ),
)
[ info ] [ HEADER ] array (
  'user-agent' => 'Mozilla/5.0 (Macintosh; Intel Mac OS X 10_12_4) AppleWebKit/537.36 (KHTML, like Gecko) 			Chrome/55.0.2883.95 Safari/537.36',
  'accept' => '*/*',
  'accept-encoding' => 'gzip, deflate, sdch, br',
  'accept-language' => 'zh-CN,zh;q=0.8,en-US;q=0.6,en;q=0.4',
  'host' => '120.27.153.16',
  'connection' => 'keep-alive',
)
[ info ] [ PARAM ] array (
  '/admin/comics/index_html' => '',
  'page%3D1' => '',
)
[ info ] [ SESSION ] INIT array (
  'id' => '',
  'var_session_id' => '',
  'prefix' => 'think',
  'type' => '',
  'auto_start' => true,
)
[ info ] [ LOG ] INIT File

---------------------------------------------------------------
[ 2017-03-21T01:59:55+08:00 ] 120.27.153.16 61.151.226.16 GET /admin/login/index.html
[ log ] 120.27.153.16/admin/login/index.html [运行时间：0.005544s][吞吐率：180.38req/s] [内存消耗：331.31kb] [文件加载：26]
[ info ] [ LANG ] /home/wwwroot/default/thinkphp/lang/zh-cn.php
[ info ] [ LOG ] INIT File

---------------------------------------------------------------
[ 2017-03-21T02:21:22+08:00 ] 120.27.153.16 212.47.246.179 GET http://www.baidu.com/cache/global/img/gs.gif
[ log ] www.baidu.comhttp://www.baidu.com/cache/global/img/gs.gif [运行时间：0.004687s][吞吐率：213.35req/s] [内存消耗：334.84kb] [文件加载：26]
[ info ] [ LANG ] /home/wwwroot/default/thinkphp/lang/zh-cn.php
[ info ] [ ROUTE ] array (
  'type' => 'module',
  'module' => 
  array (
    0 => 'cache',
    1 => 'global',
    2 => 'img',
  ),
)
[ info ] [ HEADER ] array (
  'host' => 'www.baidu.com',
  'user-agent' => 'Mozilla',
  'if-modified-since' => 'Thu, 19 Apr 2012 09:51:20 GMT',
)
[ info ] [ PARAM ] array (
  '/cache/global/img/gs_gif' => '',
)
[ info ] [ LOG ] INIT File

---------------------------------------------------------------
[ 2017-03-21T03:15:37+08:00 ] 120.27.153.16 183.136.190.40 GET /
[ log ] mallapi.edianlai.com/ [运行时间：0.006571s][吞吐率：152.18req/s] [内存消耗：427.83kb] [文件加载：34]
[ info ] [ LANG ] /home/wwwroot/default/thinkphp/lang/zh-cn.php
[ info ] [ ROUTE ] array (
  'type' => 'module',
  'module' => 
  array (
    0 => '',
    1 => NULL,
    2 => NULL,
  ),
)
[ info ] [ HEADER ] array (
  'host' => 'mallapi.edianlai.com',
  'user-agent' => 'Mozilla/5.0 (Windows NT 6.1) AppleWebKit/537.36 (KHTML, like Gecko) Chrome/35.0.1916.153 Safari/537.36',
  'accept' => 'text/html,application/xhtml+xml,application/xml;q=0.9,image/webp,*/*;q=0.8',
  'accept-encoding' => '',
  'accept-language' => 'zh-CN,zh;q=0.8',
  'cache-control' => 'max-age=0',
  'connection' => 'close',
)
[ info ] [ PARAM ] array (
)
[ info ] [ RUN ] app\home\controller\Index->index[ /home/wwwroot/default/application/home/controller/Index.php ]
[ info ] [ SESSION ] INIT array (
  'id' => '',
  'var_session_id' => '',
  'prefix' => 'think',
  'type' => '',
  'auto_start' => true,
)
[ info ] [ VIEW ] /home/wwwroot/default/application/home/view/index/index.html [ array (
) ]
[ info ] [ LOG ] INIT File

---------------------------------------------------------------
[ 2017-03-21T05:29:27+08:00 ] 120.27.153.16 120.132.3.151 GET http://www.qq.com/404/search_children.js
[ log ] www.qq.comhttp://www.qq.com/404/search_children.js [运行时间：0.008393s][吞吐率：119.15req/s] [内存消耗：335.20kb] [文件加载：26]
[ info ] [ LANG ] /home/wwwroot/default/thinkphp/lang/zh-cn.php
[ info ] [ ROUTE ] array (
  'type' => 'module',
  'module' => 
  array (
    0 => '404',
    1 => 'search_children.js',
    2 => NULL,
  ),
)
[ info ] [ HEADER ] array (
  'host' => 'www.qq.com',
  'accept' => '*/*',
  'pragma' => 'no-cache',
  'user-agent' => 'Mozilla/5.0 (X11; Linux x86_64) AppleWebKit/537.36 (KHTML, like Gecko) Chrome/35.0.1916.114 Safari/537.36',
)
[ info ] [ PARAM ] array (
  '/404/search_children_js' => '',
)
[ info ] [ LOG ] INIT File

---------------------------------------------------------------
[ 2017-03-21T05:56:12+08:00 ] 120.27.153.16 101.226.66.191 GET /admin/comics/index_tag.html
[ log ] 120.27.153.16/admin/comics/index_tag.html [运行时间：0.005961s][吞吐率：167.76req/s] [内存消耗：432.64kb] [文件加载：37]
[ info ] [ LANG ] /home/wwwroot/default/thinkphp/lang/zh-cn.php
[ info ] [ ROUTE ] array (
  'type' => 'module',
  'module' => 
  array (
    0 => 'admin',
    1 => 'comics',
    2 => 'index_tag',
  ),
)
[ info ] [ HEADER ] array (
  'user-agent' => 'Mozilla/5.0 (Windows NT 6.1; WOW64) AppleWebKit/537.36 (KHTML, like Gecko) Chrome/43.0.2357.124 Safari/537.36',
  'accept' => '*/*',
  'accept-encoding' => 'gzip, deflate, sdch, br',
  'accept-language' => 'zh-CN,zh;q=0.8,en-US;q=0.6,en;q=0.4',
  'host' => '120.27.153.16',
  'connection' => 'keep-alive',
)
[ info ] [ PARAM ] array (
  '/admin/comics/index_tag_html' => '',
)
[ info ] [ SESSION ] INIT array (
  'id' => '',
  'var_session_id' => '',
  'prefix' => 'think',
  'type' => '',
  'auto_start' => true,
)
[ info ] [ LOG ] INIT File

---------------------------------------------------------------
[ 2017-03-21T05:56:12+08:00 ] 120.27.153.16 101.226.66.191 GET /admin/login/index.html
[ log ] 120.27.153.16/admin/login/index.html [运行时间：0.007475s][吞吐率：133.78req/s] [内存消耗：331.27kb] [文件加载：26]
[ info ] [ LANG ] /home/wwwroot/default/thinkphp/lang/zh-cn.php
[ info ] [ LOG ] INIT File

---------------------------------------------------------------
[ 2017-03-21T07:38:19+08:00 ] 120.27.153.16 80.82.78.38 GET http://www.baidu.com/cache/global/img/gs.gif
[ log ] www.baidu.comhttp://www.baidu.com/cache/global/img/gs.gif [运行时间：0.005681s][吞吐率：176.02req/s] [内存消耗：334.84kb] [文件加载：26]
[ info ] [ LANG ] /home/wwwroot/default/thinkphp/lang/zh-cn.php
[ info ] [ ROUTE ] array (
  'type' => 'module',
  'module' => 
  array (
    0 => 'cache',
    1 => 'global',
    2 => 'img',
  ),
)
[ info ] [ HEADER ] array (
  'host' => 'www.baidu.com',
  'user-agent' => 'Mozilla',
  'if-modified-since' => 'Thu, 19 Apr 2012 09:51:20 GMT',
)
[ info ] [ PARAM ] array (
  '/cache/global/img/gs_gif' => '',
)
[ info ] [ LOG ] INIT File

---------------------------------------------------------------
[ 2017-03-21T08:00:01+08:00 ] 120.27.153.16 59.110.6.177 GET /
[ log ] 59.110.13.12:80/ [运行时间：0.006914s][吞吐率：144.63req/s] [内存消耗：426.70kb] [文件加载：34]
[ info ] [ LANG ] /home/wwwroot/default/thinkphp/lang/zh-cn.php
[ info ] [ ROUTE ] array (
  'type' => 'module',
  'module' => 
  array (
    0 => '',
    1 => NULL,
    2 => NULL,
  ),
)
[ info ] [ HEADER ] array (
  'host' => '59.110.13.12:80',
  'connection' => 'Close',
  'accept-encoding' => 'identity',
)
[ info ] [ PARAM ] array (
)
[ info ] [ RUN ] app\home\controller\Index->index[ /home/wwwroot/default/application/home/controller/Index.php ]
[ info ] [ SESSION ] INIT array (
  'id' => '',
  'var_session_id' => '',
  'prefix' => 'think',
  'type' => '',
  'auto_start' => true,
)
[ info ] [ VIEW ] /home/wwwroot/default/application/home/view/index/index.html [ array (
) ]
[ info ] [ LOG ] INIT File

---------------------------------------------------------------
[ 2017-03-21T11:12:51+08:00 ] 120.27.153.16 120.26.55.211 GET /
[ log ] 120.27.153.16:80/ [运行时间：0.005003s][吞吐率：199.88req/s] [内存消耗：428.13kb] [文件加载：34]
[ info ] [ LANG ] /home/wwwroot/default/thinkphp/lang/zh-cn.php
[ info ] [ ROUTE ] array (
  'type' => 'module',
  'module' => 
  array (
    0 => '',
    1 => NULL,
    2 => NULL,
  ),
)
[ info ] [ HEADER ] array (
  'host' => '120.27.153.16:80',
  'content-type' => 'multipart/form-data; boundary=---------------------------735323031399963166993862150',
  'connection' => 'close',
  'content-length' => '529',
)
[ info ] [ PARAM ] array (
)
[ info ] [ RUN ] app\home\controller\Index->index[ /home/wwwroot/default/application/home/controller/Index.php ]
[ info ] [ SESSION ] INIT array (
  'id' => '',
  'var_session_id' => '',
  'prefix' => 'think',
  'type' => '',
  'auto_start' => true,
)
[ info ] [ VIEW ] /home/wwwroot/default/application/home/view/index/index.html [ array (
) ]
[ info ] [ LOG ] INIT File

---------------------------------------------------------------
[ 2017-03-21T11:15:04+08:00 ] 120.27.153.16 125.64.94.197 GET /
[ log ] news.smzdm.com/ [运行时间：0.012510s][吞吐率：79.94req/s] [内存消耗：426.27kb] [文件加载：34]
[ info ] [ LANG ] /home/wwwroot/default/thinkphp/lang/zh-cn.php
[ info ] [ ROUTE ] array (
  'type' => 'module',
  'module' => 
  array (
    0 => '',
    1 => NULL,
    2 => NULL,
  ),
)
[ info ] [ HEADER ] array (
  'host' => 'news.smzdm.com',
)
[ info ] [ PARAM ] array (
)
[ info ] [ RUN ] app\home\controller\Index->index[ /home/wwwroot/default/application/home/controller/Index.php ]
[ info ] [ SESSION ] INIT array (
  'id' => '',
  'var_session_id' => '',
  'prefix' => 'think',
  'type' => '',
  'auto_start' => true,
)
[ info ] [ VIEW ] /home/wwwroot/default/application/home/view/index/index.html [ array (
) ]
[ info ] [ LOG ] INIT File

---------------------------------------------------------------
[ 2017-03-21T15:36:20+08:00 ] 120.27.153.16 123.151.42.61 GET http://www.baidu.com/
[ log ] www.baidu.comhttp://www.baidu.com/ [运行时间：0.006410s][吞吐率：156.00req/s] [内存消耗：427.12kb] [文件加载：34]
[ info ] [ LANG ] /home/wwwroot/default/thinkphp/lang/zh-cn.php
[ info ] [ ROUTE ] array (
  'type' => 'module',
  'module' => 
  array (
    0 => '',
    1 => NULL,
    2 => NULL,
  ),
)
[ info ] [ HEADER ] array (
  'host' => 'www.baidu.com',
  'accept' => '*/*',
  'content-type' => 'text/html',
  'proxy-connection' => 'Keep-Alive',
  'content-length' => '0',
)
[ info ] [ PARAM ] array (
)
[ info ] [ RUN ] app\home\controller\Index->index[ /home/wwwroot/default/application/home/controller/Index.php ]
[ info ] [ SESSION ] INIT array (
  'id' => '',
  'var_session_id' => '',
  'prefix' => 'think',
  'type' => '',
  'auto_start' => true,
)
[ info ] [ VIEW ] /home/wwwroot/default/application/home/view/index/index.html [ array (
) ]
[ info ] [ LOG ] INIT File

---------------------------------------------------------------
[ 2017-03-21T16:42:14+08:00 ] 120.27.153.16 125.64.94.197 GET /
[ log ] www.weibo.com/ [运行时间：0.007286s][吞吐率：137.25req/s] [内存消耗：426.27kb] [文件加载：34]
[ info ] [ LANG ] /home/wwwroot/default/thinkphp/lang/zh-cn.php
[ info ] [ ROUTE ] array (
  'type' => 'module',
  'module' => 
  array (
    0 => '',
    1 => NULL,
    2 => NULL,
  ),
)
[ info ] [ HEADER ] array (
  'host' => 'www.weibo.com',
)
[ info ] [ PARAM ] array (
)
[ info ] [ RUN ] app\home\controller\Index->index[ /home/wwwroot/default/application/home/controller/Index.php ]
[ info ] [ SESSION ] INIT array (
  'id' => '',
  'var_session_id' => '',
  'prefix' => 'think',
  'type' => '',
  'auto_start' => true,
)
[ info ] [ VIEW ] /home/wwwroot/default/application/home/view/index/index.html [ array (
) ]
[ info ] [ LOG ] INIT File

---------------------------------------------------------------
[ 2017-03-21T17:18:25+08:00 ] 120.27.153.16 83.128.50.118 GET /
[ log ] 120.27.153.16/ [运行时间：0.011124s][吞吐率：89.89req/s] [内存消耗：427.46kb] [文件加载：34]
[ info ] [ LANG ] /home/wwwroot/default/thinkphp/lang/zh-cn.php
[ info ] [ ROUTE ] array (
  'type' => 'module',
  'module' => 
  array (
    0 => '',
    1 => NULL,
    2 => NULL,
  ),
)
[ info ] [ HEADER ] array (
  'host' => '120.27.153.16',
  'accept' => 'text/html, application/xhtml+xml, */*',
  'accept-language' => 'en-US',
  'user-agent' => 'Mozilla/5.0 (compatible; MSIE 9.0; Windows NT 6.1; WOW64; Trident/5.0)',
  'accept-encoding' => '',
  'connection' => 'Keep-Alive',
)
[ info ] [ PARAM ] array (
)
[ info ] [ RUN ] app\home\controller\Index->index[ /home/wwwroot/default/application/home/controller/Index.php ]
[ info ] [ SESSION ] INIT array (
  'id' => '',
  'var_session_id' => '',
  'prefix' => 'think',
  'type' => '',
  'auto_start' => true,
)
[ info ] [ VIEW ] /home/wwwroot/default/application/home/view/index/index.html [ array (
) ]
[ info ] [ LOG ] INIT File

---------------------------------------------------------------
[ 2017-03-21T18:18:15+08:00 ] 120.27.153.16 113.225.214.134 GET /
[ log ] 120.27.153.16/ [运行时间：0.004585s][吞吐率：218.10req/s] [内存消耗：427.30kb] [文件加载：34]
[ info ] [ LANG ] /home/wwwroot/default/thinkphp/lang/zh-cn.php
[ info ] [ ROUTE ] array (
  'type' => 'module',
  'module' => 
  array (
    0 => '',
    1 => NULL,
    2 => NULL,
  ),
)
[ info ] [ HEADER ] array (
  'host' => '120.27.153.16',
  'connection' => 'close',
  'accept-encoding' => 'gzip, deflate',
  'accept' => '*/*',
  'user-agent' => 'Mozilla/5.0 (Windows NT 6.1; WOW64) AppleWebKit/537.36 (KHTML, like Gecko) Chrome/44.0.2403.125 Safari/537.36',
)
[ info ] [ PARAM ] array (
)
[ info ] [ RUN ] app\home\controller\Index->index[ /home/wwwroot/default/application/home/controller/Index.php ]
[ info ] [ SESSION ] INIT array (
  'id' => '',
  'var_session_id' => '',
  'prefix' => 'think',
  'type' => '',
  'auto_start' => true,
)
[ info ] [ VIEW ] /home/wwwroot/default/application/home/view/index/index.html [ array (
) ]
[ info ] [ LOG ] INIT File

---------------------------------------------------------------
[ 2017-03-21T18:43:50+08:00 ] 120.27.153.16 140.205.201.38 POST /mirwyulaqpgd
[ log ] 120.27.153.16:80/mirwyulaqpgd [运行时间：0.006629s][吞吐率：150.85req/s] [内存消耗：335.48kb] [文件加载：26]
[ info ] [ LANG ] /home/wwwroot/default/thinkphp/lang/zh-cn.php
[ info ] [ ROUTE ] array (
  'type' => 'module',
  'module' => 
  array (
    0 => 'mirwyulaqpgd',
    1 => NULL,
    2 => NULL,
  ),
)
[ info ] [ HEADER ] array (
  'accept-encoding' => 'identity',
  'content-length' => '22',
  'host' => '120.27.153.16:80',
  'content-type' => 'application/x-www-form-urlencoded',
  'connection' => 'close',
  'user-agent' => 'Mozilla/4.0 (compatible; MSIE 6.0; Windows NT 5.1;Alibaba.Security.Heimdall.4015170.elasticsearch_unauthorized)',
)
[ info ] [ PARAM ] array (
  '/mirwyulaqpgd' => '',
  '{"aliyun":_"vulntest"}' => '',
)
[ info ] [ LOG ] INIT File

---------------------------------------------------------------
[ 2017-03-21T18:43:50+08:00 ] 120.27.153.16 140.205.201.38 GET /mirwyulaqpgd
[ log ] 120.27.153.16:80/mirwyulaqpgd [运行时间：0.005759s][吞吐率：173.64req/s] [内存消耗：335.13kb] [文件加载：26]
[ info ] [ LANG ] /home/wwwroot/default/thinkphp/lang/zh-cn.php
[ info ] [ ROUTE ] array (
  'type' => 'module',
  'module' => 
  array (
    0 => 'mirwyulaqpgd',
    1 => NULL,
    2 => NULL,
  ),
)
[ info ] [ HEADER ] array (
  'accept-encoding' => 'identity',
  'host' => '120.27.153.16:80',
  'connection' => 'close',
  'user-agent' => 'Mozilla/4.0 (compatible; MSIE 6.0; Windows NT 5.1;Alibaba.Security.Heimdall.4015170.elasticsearch_unauthorized)',
)
[ info ] [ PARAM ] array (
  '/mirwyulaqpgd' => '',
)
[ info ] [ LOG ] INIT File

---------------------------------------------------------------
[ 2017-03-21T18:43:50+08:00 ] 120.27.153.16 140.205.201.38 DELETE /mirwyulaqpgd
[ log ] 120.27.153.16:80/mirwyulaqpgd [运行时间：0.006034s][吞吐率：165.72req/s] [内存消耗：335.31kb] [文件加载：26]
[ info ] [ LANG ] /home/wwwroot/default/thinkphp/lang/zh-cn.php
[ info ] [ ROUTE ] array (
  'type' => 'module',
  'module' => 
  array (
    0 => 'mirwyulaqpgd',
    1 => NULL,
    2 => NULL,
  ),
)
[ info ] [ HEADER ] array (
  'accept-encoding' => 'identity',
  'host' => '120.27.153.16:80',
  'connection' => 'close',
  'user-agent' => 'Mozilla/4.0 (compatible; MSIE 6.0; Windows NT 5.1;Alibaba.Security.Heimdall.4015170.elasticsearch_unauthorized)',
)
[ info ] [ PARAM ] array (
  '/mirwyulaqpgd' => '',
)
[ info ] [ LOG ] INIT File

---------------------------------------------------------------
[ 2017-03-21T18:45:04+08:00 ] 120.27.153.16 140.205.201.38 GET /
[ log ] 120.27.153.16/ [运行时间：0.005749s][吞吐率：173.94req/s] [内存消耗：427.25kb] [文件加载：34]
[ info ] [ LANG ] /home/wwwroot/default/thinkphp/lang/zh-cn.php
[ info ] [ ROUTE ] array (
  'type' => 'module',
  'module' => 
  array (
    0 => '',
    1 => NULL,
    2 => NULL,
  ),
)
[ info ] [ HEADER ] array (
  'referer' => 'http://120.27.153.16',
  'user-agent' => 'Mozilla/4.0 (compatible; MSIE 6.0; Windows NT 5.1;Alibaba.Security.Heimdall.4015170)',
  'host' => '120.27.153.16',
  'accept' => '*/*',
  'connection' => 'keep-alive',
)
[ info ] [ PARAM ] array (
)
[ info ] [ RUN ] app\home\controller\Index->index[ /home/wwwroot/default/application/home/controller/Index.php ]
[ info ] [ SESSION ] INIT array (
  'id' => '',
  'var_session_id' => '',
  'prefix' => 'think',
  'type' => '',
  'auto_start' => true,
)
[ info ] [ VIEW ] /home/wwwroot/default/application/home/view/index/index.html [ array (
) ]
[ info ] [ LOG ] INIT File

---------------------------------------------------------------
[ 2017-03-21T18:48:41+08:00 ] 120.27.153.16 45.63.92.80 GET /
[ log ] www.shanxinhui.com/ [运行时间：0.008812s][吞吐率：113.48req/s] [内存消耗：426.73kb] [文件加载：34]
[ info ] [ LANG ] /home/wwwroot/default/thinkphp/lang/zh-cn.php
[ info ] [ ROUTE ] array (
  'type' => 'module',
  'module' => 
  array (
    0 => '',
    1 => NULL,
    2 => NULL,
  ),
)
[ info ] [ HEADER ] array (
  'accept' => 'text/html,application/xhtml+xml',
  'cache-control' => 'no-cache',
  'host' => 'www.shanxinhui.com',
)
[ info ] [ PARAM ] array (
)
[ info ] [ RUN ] app\home\controller\Index->index[ /home/wwwroot/default/application/home/controller/Index.php ]
[ info ] [ SESSION ] INIT array (
  'id' => '',
  'var_session_id' => '',
  'prefix' => 'think',
  'type' => '',
  'auto_start' => true,
)
[ info ] [ VIEW ] /home/wwwroot/default/application/home/view/index/index.html [ array (
) ]
[ info ] [ LOG ] INIT File

---------------------------------------------------------------
[ 2017-03-21T18:50:00+08:00 ] 120.27.153.16 140.205.201.38 GET /dfshealth.jsp
[ log ] 120.27.153.16:80/dfshealth.jsp [运行时间：0.007103s][吞吐率：140.79req/s] [内存消耗：335.73kb] [文件加载：26]
[ info ] [ LANG ] /home/wwwroot/default/thinkphp/lang/zh-cn.php
[ info ] [ ROUTE ] array (
  'type' => 'module',
  'module' => 
  array (
    0 => 'dfshealth.jsp',
    1 => NULL,
    2 => NULL,
  ),
)
[ info ] [ HEADER ] array (
  'referer' => 'http://120.27.153.16/public/statisc/Font-Awesome/fonts/fontawesome-webfont.woff2',
  'user-agent' => 'Mozilla/4.0 (compatible; MSIE 6.0; Windows NT 5.1;Alibaba.Security.Heimdall.4015170)',
  'host' => '120.27.153.16:80',
  'accept' => '*/*',
  'connection' => 'keep-alive',
)
[ info ] [ PARAM ] array (
  '/dfshealth_jsp' => '',
)
[ info ] [ LOG ] INIT File

---------------------------------------------------------------
[ 2017-03-21T18:50:42+08:00 ] 120.27.153.16 140.205.201.38 GET /spaces/viewdefaultdecorator.action?decoratorName=file:///etc/passwd
[ log ] 120.27.153.16/spaces/viewdefaultdecorator.action?decoratorName=file:///etc/passwd [运行时间：0.006732s][吞吐率：148.54req/s] [内存消耗：336.14kb] [文件加载：26]
[ info ] [ LANG ] /home/wwwroot/default/thinkphp/lang/zh-cn.php
[ info ] [ ROUTE ] array (
  'type' => 'module',
  'module' => 
  array (
    0 => 'spaces',
    1 => 'viewdefaultdecorator.action',
    2 => NULL,
  ),
)
[ info ] [ HEADER ] array (
  'referer' => 'http://120.27.153.16',
  'user-agent' => 'Mozilla/4.0 (compatible; MSIE 6.0; Windows NT 5.1;Alibaba.Security.Heimdall.4015170)',
  'host' => '120.27.153.16',
  'accept' => '*/*',
  'connection' => 'keep-alive',
)
[ info ] [ PARAM ] array (
  '/spaces/viewdefaultdecorator_action' => '',
  'decoratorName' => 'file:///etc/passwd',
)
[ info ] [ LOG ] INIT File

---------------------------------------------------------------
[ 2017-03-21T18:50:48+08:00 ] 120.27.153.16 140.205.201.38 GET /hadoop/dfshealth.jsp
[ log ] 120.27.153.16:80/hadoop/dfshealth.jsp [运行时间：0.006538s][吞吐率：152.95req/s] [内存消耗：335.82kb] [文件加载：26]
[ info ] [ LANG ] /home/wwwroot/default/thinkphp/lang/zh-cn.php
[ info ] [ ROUTE ] array (
  'type' => 'module',
  'module' => 
  array (
    0 => 'hadoop',
    1 => 'dfshealth.jsp',
    2 => NULL,
  ),
)
[ info ] [ HEADER ] array (
  'referer' => 'http://120.27.153.16/public/statisc/Font-Awesome/fonts/fontawesome-webfont.woff2',
  'user-agent' => 'Mozilla/4.0 (compatible; MSIE 6.0; Windows NT 5.1;Alibaba.Security.Heimdall.4015170)',
  'host' => '120.27.153.16:80',
  'accept' => '*/*',
  'connection' => 'keep-alive',
)
[ info ] [ PARAM ] array (
  '/hadoop/dfshealth_jsp' => '',
)
[ info ] [ LOG ] INIT File

---------------------------------------------------------------
[ 2017-03-21T18:51:10+08:00 ] 120.27.153.16 140.205.201.38 GET /
[ log ] 120.27.153.16/ [运行时间：0.004906s][吞吐率：203.83req/s] [内存消耗：428.13kb] [文件加载：34]
[ info ] [ LANG ] /home/wwwroot/default/thinkphp/lang/zh-cn.php
[ info ] [ ROUTE ] array (
  'type' => 'module',
  'module' => 
  array (
    0 => '',
    1 => NULL,
    2 => NULL,
  ),
)
[ info ] [ HEADER ] array (
  'host' => '120.27.153.16',
  'referer' => 'http://120.27.153.16',
  'user-agent' => 'Mozilla/4.0 (compatible; MSIE 6.0; Windows NT 5.1;Alibaba.Security.Heimdall.4015170)',
  'content-type' => '${(\\u0023a1=333053153\\u0029\\u002e(#a2=1234567890).(#a3=#a1+#a2).(#a4=\'ttpS\\u0065rvletR\\u0065sponse\').(#a6=\'com.op\\u0065nsympho\').(#a5=\'ny.x\\u0077ork2.disp\\u0061tcher.H\').(#a7=#a6+#a5+#a4).(#a8=\'un\').(#a9=\'_\\u0061liy\').(#a10=#a9+#a8).(#x1=#cont\\u0065xt[#a7].getWr\\u0069ter()).(#x1.pr\\u0069nt(#a3+#a10)).(#x1.cl\\u006fse())}%0d%0a%20multipart/form-data',
  'accept' => '*/*',
  'connection' => 'keep-alive',
)
[ info ] [ PARAM ] array (
)
[ info ] [ RUN ] app\home\controller\Index->index[ /home/wwwroot/default/application/home/controller/Index.php ]
[ info ] [ SESSION ] INIT array (
  'id' => '',
  'var_session_id' => '',
  'prefix' => 'think',
  'type' => '',
  'auto_start' => true,
)
[ info ] [ VIEW ] /home/wwwroot/default/application/home/view/index/index.html [ array (
) ]
[ info ] [ LOG ] INIT File

---------------------------------------------------------------
[ 2017-03-21T18:51:39+08:00 ] 120.27.153.16 140.205.201.38 POST /
[ log ] 120.27.153.16/ [运行时间：0.005328s][吞吐率：187.68req/s] [内存消耗：428.55kb] [文件加载：34]
[ info ] [ LANG ] /home/wwwroot/default/thinkphp/lang/zh-cn.php
[ info ] [ ROUTE ] array (
  'type' => 'module',
  'module' => 
  array (
    0 => '',
    1 => NULL,
    2 => NULL,
  ),
)
[ info ] [ HEADER ] array (
  'host' => '120.27.153.16',
  'referer' => 'http://120.27.153.16',
  'user-agent' => 'Mozilla/4.0 (compatible; MSIE 6.0; Windows NT 5.1;Alibaba.Security.Heimdall.4015170)',
  'content-type' => '${(\\u0023a1=333053153\\u0029\\u002e(#a2=1234567890).(#a3=#a1+#a2).(#a4=\'ttpS\\u0065rvletR\\u0065sponse\').(#a6=\'com.op\\u0065nsympho\').(#a5=\'ny.x\\u0077ork2.disp\\u0061tcher.H\').(#a7=#a6+#a5+#a4).(#a8=\'un\').(#a9=\'_\\u0061liy\').(#a10=#a9+#a8).(#x1=#cont\\u0065xt[#a7].getWr\\u0069ter()).(#x1.pr\\u0069nt(#a3+#a10)).(#x1.cl\\u006fse())}%0d%0a%20multipart/form-data',
  'accept' => '*/*',
  'connection' => 'keep-alive',
  'content-length' => '1',
)
[ info ] [ PARAM ] array (
)
[ info ] [ RUN ] app\home\controller\Index->index[ /home/wwwroot/default/application/home/controller/Index.php ]
[ info ] [ SESSION ] INIT array (
  'id' => '',
  'var_session_id' => '',
  'prefix' => 'think',
  'type' => '',
  'auto_start' => true,
)
[ info ] [ VIEW ] /home/wwwroot/default/application/home/view/index/index.html [ array (
) ]
[ info ] [ LOG ] INIT File

---------------------------------------------------------------
[ 2017-03-21T18:52:00+08:00 ] 120.27.153.16 140.205.201.38 HEAD /
[ log ] 120.27.153.16/ [运行时间：0.005735s][吞吐率：174.37req/s] [内存消耗：427.13kb] [文件加载：34]
[ info ] [ LANG ] /home/wwwroot/default/thinkphp/lang/zh-cn.php
[ info ] [ ROUTE ] array (
  'type' => 'module',
  'module' => 
  array (
    0 => '',
    1 => NULL,
    2 => NULL,
  ),
)
[ info ] [ HEADER ] array (
  'referer' => 'http://120.27.153.16',
  'user-agent' => 'Mozilla/4.0 (compatible; MSIE 6.0; Windows NT 5.1;Alibaba.Security.Heimdall.4015170)',
  'host' => '120.27.153.16',
  'accept' => '*/*',
  'connection' => 'keep-alive',
)
[ info ] [ PARAM ] array (
)
[ info ] [ RUN ] app\home\controller\Index->index[ /home/wwwroot/default/application/home/controller/Index.php ]
[ info ] [ SESSION ] INIT array (
  'id' => '',
  'var_session_id' => '',
  'prefix' => 'think',
  'type' => '',
  'auto_start' => true,
)
[ info ] [ VIEW ] /home/wwwroot/default/application/home/view/index/index.html [ array (
) ]
[ info ] [ LOG ] INIT File

---------------------------------------------------------------
[ 2017-03-21T18:54:35+08:00 ] 120.27.153.16 140.205.201.38 GET /'%22+onmouseover=alert()+d='%22
[ log ] 120.27.153.16/'%22+onmouseover=alert()+d='%22 [运行时间：0.007468s][吞吐率：133.90req/s] [内存消耗：339.08kb] [文件加载：27]
[ info ] [ LANG ] /home/wwwroot/default/thinkphp/lang/zh-cn.php
[ info ] [ LOG ] INIT File
[ error ] [8]未定义变量: path[/home/wwwroot/default/thinkphp/library/think/Route.php:1289]

---------------------------------------------------------------
[ 2017-03-21T18:55:23+08:00 ] 120.27.153.16 140.205.201.38 GET /about/
[ log ] 120.27.153.16:80/about/ [运行时间：0.006311s][吞吐率：158.46req/s] [内存消耗：335.70kb] [文件加载：26]
[ info ] [ LANG ] /home/wwwroot/default/thinkphp/lang/zh-cn.php
[ info ] [ ROUTE ] array (
  'type' => 'module',
  'module' => 
  array (
    0 => 'about',
    1 => NULL,
    2 => NULL,
  ),
)
[ info ] [ HEADER ] array (
  'referer' => 'http://120.27.153.16/public/statisc/Font-Awesome/fonts/fontawesome-webfont.woff2',
  'user-agent' => 'Mozilla/4.0 (compatible; MSIE 6.0; Windows NT 5.1;Alibaba.Security.Heimdall.4015170)',
  'host' => '120.27.153.16:80',
  'accept' => '*/*',
  'connection' => 'keep-alive',
)
[ info ] [ PARAM ] array (
  '/about/' => '',
)
[ info ] [ LOG ] INIT File

---------------------------------------------------------------
[ 2017-03-21T18:57:42+08:00 ] 120.27.153.16 140.205.201.38 GET /%27%22%20onmouseover%3Dalert%28%29%20d%3D%27%22
[ log ] 120.27.153.16/%27%22%20onmouseover%3Dalert%28%29%20d%3D%27%22 [运行时间：0.006420s][吞吐率：155.77req/s] [内存消耗：339.05kb] [文件加载：27]
[ info ] [ LANG ] /home/wwwroot/default/thinkphp/lang/zh-cn.php
[ info ] [ LOG ] INIT File
[ error ] [8]未定义变量: path[/home/wwwroot/default/thinkphp/library/think/Route.php:1289]

---------------------------------------------------------------
[ 2017-03-21T19:00:04+08:00 ] 120.27.153.16 140.205.201.38 GET /dfshealth.html
[ log ] 120.27.153.16:80/dfshealth.html [运行时间：0.006204s][吞吐率：161.18req/s] [内存消耗：335.71kb] [文件加载：26]
[ info ] [ LANG ] /home/wwwroot/default/thinkphp/lang/zh-cn.php
[ info ] [ ROUTE ] array (
  'type' => 'module',
  'module' => 
  array (
    0 => 'dfshealth',
    1 => NULL,
    2 => NULL,
  ),
)
[ info ] [ HEADER ] array (
  'referer' => 'http://120.27.153.16/public/statisc/Font-Awesome/fonts/fontawesome-webfont.woff2',
  'user-agent' => 'Mozilla/4.0 (compatible; MSIE 6.0; Windows NT 5.1;Alibaba.Security.Heimdall.4015170)',
  'host' => '120.27.153.16:80',
  'accept' => '*/*',
  'connection' => 'keep-alive',
)
[ info ] [ PARAM ] array (
  '/dfshealth_html' => '',
)
[ info ] [ LOG ] INIT File

---------------------------------------------------------------
[ 2017-03-21T19:00:09+08:00 ] 120.27.153.16 140.205.201.38 GET /%2527%2522%2520onmouseover%253Dalert%2528%2529%2520d%253D%2527%2522
[ log ] 120.27.153.16/%2527%2522%2520onmouseover%253Dalert%2528%2529%2520d%253D%2527%2522 [运行时间：0.005663s][吞吐率：176.59req/s] [内存消耗：335.87kb] [文件加载：26]
[ info ] [ LANG ] /home/wwwroot/default/thinkphp/lang/zh-cn.php
[ info ] [ ROUTE ] array (
  'type' => 'module',
  'module' => 
  array (
    0 => '%27%22%20onmouseover%3Dalert%28%29%20d%3D%27%22',
    1 => NULL,
    2 => NULL,
  ),
)
[ info ] [ HEADER ] array (
  'referer' => 'http://120.27.153.16',
  'user-agent' => 'Mozilla/4.0 (compatible; MSIE 6.0; Windows NT 5.1;Alibaba.Security.Heimdall.4015170)',
  'host' => '120.27.153.16',
  'accept' => '*/*',
  'connection' => 'keep-alive',
)
[ info ] [ PARAM ] array (
  '/\'"_onmouseover=alert()_d=\'"' => '',
)
[ info ] [ LOG ] INIT File

---------------------------------------------------------------
[ 2017-03-21T19:01:36+08:00 ] 120.27.153.16 140.205.201.38 GET /'%22/%3E%3C/script%3E%3Cscript%3Ealert()%3C/script%3E
[ log ] 120.27.153.16/'%22/%3E%3C/script%3E%3Cscript%3Ealert()%3C/script%3E [运行时间：0.006413s][吞吐率：155.93req/s] [内存消耗：335.86kb] [文件加载：26]
[ info ] [ LANG ] /home/wwwroot/default/thinkphp/lang/zh-cn.php
[ info ] [ ROUTE ] array (
  'type' => 'module',
  'module' => 
  array (
    0 => '\'"',
    1 => '><',
    2 => 'script><script>alert()<',
  ),
)
[ info ] [ HEADER ] array (
  'referer' => 'http://120.27.153.16',
  'user-agent' => 'Mozilla/4.0 (compatible; MSIE 6.0; Windows NT 5.1;Alibaba.Security.Heimdall.4015170)',
  'host' => '120.27.153.16',
  'accept' => '*/*',
  'connection' => 'keep-alive',
)
[ info ] [ PARAM ] array (
  '/\'"/></script><script>alert()</script>' => '',
)
[ info ] [ LOG ] INIT File

---------------------------------------------------------------
[ 2017-03-21T19:03:33+08:00 ] 120.27.153.16 140.205.201.38 GET /%2527%2522%252f%253E%253C%252fscript%253E%253Cscript%253Ealert%2528%2529%253C%252fscript%253E
[ log ] 120.27.153.16/%2527%2522%252f%253E%253C%252fscript%253E%253Cscript%253Ealert%2528%2529%253C%252fscript%253E [运行时间：0.005935s][吞吐率：168.49req/s] [内存消耗：336.04kb] [文件加载：26]
[ info ] [ LANG ] /home/wwwroot/default/thinkphp/lang/zh-cn.php
[ info ] [ ROUTE ] array (
  'type' => 'module',
  'module' => 
  array (
    0 => '%27%22%2f%3E%3C%2fscript%3E%3Cscript%3Ealert%28%29%3C%2fscript%3E',
    1 => NULL,
    2 => NULL,
  ),
)
[ info ] [ HEADER ] array (
  'referer' => 'http://120.27.153.16',
  'user-agent' => 'Mozilla/4.0 (compatible; MSIE 6.0; Windows NT 5.1;Alibaba.Security.Heimdall.4015170)',
  'host' => '120.27.153.16',
  'accept' => '*/*',
  'connection' => 'keep-alive',
)
[ info ] [ PARAM ] array (
  '/\'"/></script><script>alert()</script>' => '',
)
[ info ] [ LOG ] INIT File

---------------------------------------------------------------
[ 2017-03-21T19:03:42+08:00 ] 120.27.153.16 140.205.201.38 GET /master-status
[ log ] 120.27.153.16:80/master-status [运行时间：0.006465s][吞吐率：154.68req/s] [内存消耗：335.73kb] [文件加载：26]
[ info ] [ LANG ] /home/wwwroot/default/thinkphp/lang/zh-cn.php
[ info ] [ ROUTE ] array (
  'type' => 'module',
  'module' => 
  array (
    0 => 'master-status',
    1 => NULL,
    2 => NULL,
  ),
)
[ info ] [ HEADER ] array (
  'referer' => 'http://120.27.153.16/public/statisc/Font-Awesome/fonts/fontawesome-webfont.woff2',
  'user-agent' => 'Mozilla/4.0 (compatible; MSIE 6.0; Windows NT 5.1;Alibaba.Security.Heimdall.4015170)',
  'host' => '120.27.153.16:80',
  'accept' => '*/*',
  'connection' => 'keep-alive',
)
[ info ] [ PARAM ] array (
  '/master-status' => '',
)
[ info ] [ LOG ] INIT File

---------------------------------------------------------------
[ 2017-03-21T19:03:45+08:00 ] 120.27.153.16 140.205.201.38 GET /
[ log ] 120.27.153.16/ [运行时间：0.006021s][吞吐率：166.08req/s] [内存消耗：427.22kb] [文件加载：34]
[ info ] [ LANG ] /home/wwwroot/default/thinkphp/lang/zh-cn.php
[ info ] [ ROUTE ] array (
  'type' => 'module',
  'module' => 
  array (
    0 => '',
    1 => NULL,
    2 => NULL,
  ),
)
[ info ] [ HEADER ] array (
  'referer' => 'http://120.27.153.16',
  'user-agent' => 'Mozilla/4.0 (compatible; MSIE 6.0; Windows NT 5.1;Alibaba.Security.Heimdall.4015170)',
  'host' => '120.27.153.16',
  'accept' => '*/*',
  'connection' => 'keep-alive',
)
[ info ] [ PARAM ] array (
)
[ info ] [ RUN ] app\home\controller\Index->index[ /home/wwwroot/default/application/home/controller/Index.php ]
[ info ] [ SESSION ] INIT array (
  'id' => '',
  'var_session_id' => '',
  'prefix' => 'think',
  'type' => '',
  'auto_start' => true,
)
[ info ] [ VIEW ] /home/wwwroot/default/application/home/view/index/index.html [ array (
) ]
[ info ] [ LOG ] INIT File

---------------------------------------------------------------
[ 2017-03-21T19:05:14+08:00 ] 120.27.153.16 140.205.201.38 GET /rs-status
[ log ] 120.27.153.16:80/rs-status [运行时间：0.005479s][吞吐率：182.51req/s] [内存消耗：335.71kb] [文件加载：26]
[ info ] [ LANG ] /home/wwwroot/default/thinkphp/lang/zh-cn.php
[ info ] [ ROUTE ] array (
  'type' => 'module',
  'module' => 
  array (
    0 => 'rs-status',
    1 => NULL,
    2 => NULL,
  ),
)
[ info ] [ HEADER ] array (
  'referer' => 'http://120.27.153.16/public/statisc/Font-Awesome/fonts/fontawesome-webfont.woff2',
  'user-agent' => 'Mozilla/4.0 (compatible; MSIE 6.0; Windows NT 5.1;Alibaba.Security.Heimdall.4015170)',
  'host' => '120.27.153.16:80',
  'accept' => '*/*',
  'connection' => 'keep-alive',
)
[ info ] [ PARAM ] array (
  '/rs-status' => '',
)
[ info ] [ LOG ] INIT File

---------------------------------------------------------------
[ 2017-03-21T19:05:56+08:00 ] 120.27.153.16 140.205.201.38 GET /ganglia/index.php
[ log ] 120.27.153.16:80/ganglia/index.php [运行时间：0.005619s][吞吐率：177.97req/s] [内存消耗：335.81kb] [文件加载：26]
[ info ] [ LANG ] /home/wwwroot/default/thinkphp/lang/zh-cn.php
[ info ] [ ROUTE ] array (
  'type' => 'module',
  'module' => 
  array (
    0 => 'ganglia',
    1 => 'index.php',
    2 => NULL,
  ),
)
[ info ] [ HEADER ] array (
  'referer' => 'http://120.27.153.16/public/statisc/Font-Awesome/fonts/fontawesome-webfont.woff2',
  'user-agent' => 'Mozilla/4.0 (compatible; MSIE 6.0; Windows NT 5.1;Alibaba.Security.Heimdall.4015170)',
  'host' => '120.27.153.16:80',
  'accept' => '*/*',
  'connection' => 'keep-alive',
)
[ info ] [ PARAM ] array (
  '/ganglia/index_php' => '',
)
[ info ] [ LOG ] INIT File

---------------------------------------------------------------
[ 2017-03-21T19:06:52+08:00 ] 120.27.153.16 140.205.201.38 GET /index.php
[ log ] 120.27.153.16:80/index.php [运行时间：0.006623s][吞吐率：150.99req/s] [内存消耗：427.38kb] [文件加载：34]
[ info ] [ LANG ] /home/wwwroot/default/thinkphp/lang/zh-cn.php
[ info ] [ ROUTE ] array (
  'type' => 'module',
  'module' => 
  array (
    0 => '',
    1 => NULL,
    2 => NULL,
  ),
)
[ info ] [ HEADER ] array (
  'referer' => 'http://120.27.153.16/public/statisc/Font-Awesome/fonts/fontawesome-webfont.woff2',
  'user-agent' => 'Mozilla/4.0 (compatible; MSIE 6.0; Windows NT 5.1;Alibaba.Security.Heimdall.4015170)',
  'host' => '120.27.153.16:80',
  'accept' => '*/*',
  'connection' => 'keep-alive',
)
[ info ] [ PARAM ] array (
)
[ info ] [ RUN ] app\home\controller\Index->index[ /home/wwwroot/default/application/home/controller/Index.php ]
[ info ] [ SESSION ] INIT array (
  'id' => '',
  'var_session_id' => '',
  'prefix' => 'think',
  'type' => '',
  'auto_start' => true,
)
[ info ] [ VIEW ] /home/wwwroot/default/application/home/view/index/index.html [ array (
) ]
[ info ] [ LOG ] INIT File

---------------------------------------------------------------
[ 2017-03-21T19:08:06+08:00 ] 120.27.153.16 140.205.201.38 GET /jobs/
[ log ] 120.27.153.16:80/jobs/ [运行时间：0.006513s][吞吐率：153.54req/s] [内存消耗：335.66kb] [文件加载：26]
[ info ] [ LANG ] /home/wwwroot/default/thinkphp/lang/zh-cn.php
[ info ] [ ROUTE ] array (
  'type' => 'module',
  'module' => 
  array (
    0 => 'jobs',
    1 => NULL,
    2 => NULL,
  ),
)
[ info ] [ HEADER ] array (
  'referer' => 'http://120.27.153.16/public/statisc/Font-Awesome/fonts/fontawesome-webfont.woff2',
  'user-agent' => 'Mozilla/4.0 (compatible; MSIE 6.0; Windows NT 5.1;Alibaba.Security.Heimdall.4015170)',
  'host' => '120.27.153.16:80',
  'accept' => '*/*',
  'connection' => 'keep-alive',
)
[ info ] [ PARAM ] array (
  '/jobs/' => '',
)
[ info ] [ LOG ] INIT File

---------------------------------------------------------------
[ 2017-03-21T19:10:43+08:00 ] 120.27.153.16 193.63.58.83 GET /
[ log ] 120.27.153.16/ [运行时间：0.003120s][吞吐率：320.52req/s] [内存消耗：426.69kb] [文件加载：34]
[ info ] [ LANG ] /home/wwwroot/default/thinkphp/lang/zh-cn.php
[ info ] [ ROUTE ] array (
  'type' => 'module',
  'module' => 
  array (
    0 => '',
    1 => NULL,
    2 => NULL,
  ),
)
[ info ] [ HEADER ] array (
  'host' => '120.27.153.16',
  'user-agent' => 'Mozilla/5.0 zgrab/0.x',
  'accept-encoding' => 'gzip',
)
[ info ] [ PARAM ] array (
)
[ info ] [ RUN ] app\home\controller\Index->index[ /home/wwwroot/default/application/home/controller/Index.php ]
[ info ] [ SESSION ] INIT array (
  'id' => '',
  'var_session_id' => '',
  'prefix' => 'think',
  'type' => '',
  'auto_start' => true,
)
[ info ] [ VIEW ] /home/wwwroot/default/application/home/view/index/index.html [ array (
) ]
[ info ] [ LOG ] INIT File

---------------------------------------------------------------
[ 2017-03-21T19:11:46+08:00 ] 120.27.153.16 140.205.201.38 GET /
[ log ] 120.27.153.16:80/ [运行时间：0.007053s][吞吐率：141.79req/s] [内存消耗：427.37kb] [文件加载：34]
[ info ] [ LANG ] /home/wwwroot/default/thinkphp/lang/zh-cn.php
[ info ] [ ROUTE ] array (
  'type' => 'module',
  'module' => 
  array (
    0 => '',
    1 => NULL,
    2 => NULL,
  ),
)
[ info ] [ HEADER ] array (
  'referer' => 'http://120.27.153.16/public/statisc/Font-Awesome/fonts/fontawesome-webfont.woff2',
  'user-agent' => 'Mozilla/4.0 (compatible; MSIE 6.0; Windows NT 5.1;Alibaba.Security.Heimdall.4015170)',
  'host' => '120.27.153.16:80',
  'accept' => '*/*',
  'connection' => 'keep-alive',
)
[ info ] [ PARAM ] array (
)
[ info ] [ RUN ] app\home\controller\Index->index[ /home/wwwroot/default/application/home/controller/Index.php ]
[ info ] [ SESSION ] INIT array (
  'id' => '',
  'var_session_id' => '',
  'prefix' => 'think',
  'type' => '',
  'auto_start' => true,
)
[ info ] [ VIEW ] /home/wwwroot/default/application/home/view/index/index.html [ array (
) ]
[ info ] [ LOG ] INIT File

---------------------------------------------------------------
[ 2017-03-21T19:13:00+08:00 ] 120.27.153.16 140.205.201.38 GET /
[ log ] 120.27.153.16:80/ [运行时间：0.006772s][吞吐率：147.67req/s] [内存消耗：427.37kb] [文件加载：34]
[ info ] [ LANG ] /home/wwwroot/default/thinkphp/lang/zh-cn.php
[ info ] [ ROUTE ] array (
  'type' => 'module',
  'module' => 
  array (
    0 => '',
    1 => NULL,
    2 => NULL,
  ),
)
[ info ] [ HEADER ] array (
  'referer' => 'http://120.27.153.16/public/statisc/Font-Awesome/fonts/fontawesome-webfont.woff2',
  'user-agent' => 'Mozilla/4.0 (compatible; MSIE 6.0; Windows NT 5.1;Alibaba.Security.Heimdall.4015170)',
  'host' => '120.27.153.16:80',
  'accept' => '*/*',
  'connection' => 'keep-alive',
)
[ info ] [ PARAM ] array (
)
[ info ] [ RUN ] app\home\controller\Index->index[ /home/wwwroot/default/application/home/controller/Index.php ]
[ info ] [ SESSION ] INIT array (
  'id' => '',
  'var_session_id' => '',
  'prefix' => 'think',
  'type' => '',
  'auto_start' => true,
)
[ info ] [ VIEW ] /home/wwwroot/default/application/home/view/index/index.html [ array (
) ]
[ info ] [ LOG ] INIT File

---------------------------------------------------------------
[ 2017-03-21T19:13:39+08:00 ] 120.27.153.16 140.205.201.38 GET /
[ log ] 120.27.153.16:80/ [运行时间：0.006857s][吞吐率：145.83req/s] [内存消耗：427.38kb] [文件加载：34]
[ info ] [ LANG ] /home/wwwroot/default/thinkphp/lang/zh-cn.php
[ info ] [ ROUTE ] array (
  'type' => 'module',
  'module' => 
  array (
    0 => '',
    1 => NULL,
    2 => NULL,
  ),
)
[ info ] [ HEADER ] array (
  'referer' => 'http://120.27.153.16/public/statisc/Font-Awesome/fonts/fontawesome-webfont.woff2',
  'user-agent' => 'Mozilla/4.0 (compatible; MSIE 6.0; Windows NT 5.1;Alibaba.Security.Heimdall.4015170)',
  'host' => '120.27.153.16:80',
  'accept' => '*/*',
  'connection' => 'keep-alive',
)
[ info ] [ PARAM ] array (
)
[ info ] [ RUN ] app\home\controller\Index->index[ /home/wwwroot/default/application/home/controller/Index.php ]
[ info ] [ SESSION ] INIT array (
  'id' => '',
  'var_session_id' => '',
  'prefix' => 'think',
  'type' => '',
  'auto_start' => true,
)
[ info ] [ VIEW ] /home/wwwroot/default/application/home/view/index/index.html [ array (
) ]
[ info ] [ LOG ] INIT File

---------------------------------------------------------------
[ 2017-03-21T19:14:52+08:00 ] 120.27.153.16 140.205.201.38 GET /hwi/
[ log ] 120.27.153.16:80/hwi/ [运行时间：0.006175s][吞吐率：161.95req/s] [内存消耗：335.66kb] [文件加载：26]
[ info ] [ LANG ] /home/wwwroot/default/thinkphp/lang/zh-cn.php
[ info ] [ ROUTE ] array (
  'type' => 'module',
  'module' => 
  array (
    0 => 'hwi',
    1 => NULL,
    2 => NULL,
  ),
)
[ info ] [ HEADER ] array (
  'referer' => 'http://120.27.153.16/public/statisc/Font-Awesome/fonts/fontawesome-webfont.woff2',
  'user-agent' => 'Mozilla/4.0 (compatible; MSIE 6.0; Windows NT 5.1;Alibaba.Security.Heimdall.4015170)',
  'host' => '120.27.153.16:80',
  'accept' => '*/*',
  'connection' => 'keep-alive',
)
[ info ] [ PARAM ] array (
  '/hwi/' => '',
)
[ info ] [ LOG ] INIT File

---------------------------------------------------------------
[ 2017-03-21T19:16:26+08:00 ] 120.27.153.16 140.205.201.38 GET /
[ log ] 120.27.153.16:80/ [运行时间：0.007611s][吞吐率：131.39req/s] [内存消耗：427.37kb] [文件加载：34]
[ info ] [ LANG ] /home/wwwroot/default/thinkphp/lang/zh-cn.php
[ info ] [ ROUTE ] array (
  'type' => 'module',
  'module' => 
  array (
    0 => '',
    1 => NULL,
    2 => NULL,
  ),
)
[ info ] [ HEADER ] array (
  'referer' => 'http://120.27.153.16/public/statisc/Font-Awesome/fonts/fontawesome-webfont.woff2',
  'user-agent' => 'Mozilla/4.0 (compatible; MSIE 6.0; Windows NT 5.1;Alibaba.Security.Heimdall.4015170)',
  'host' => '120.27.153.16:80',
  'accept' => '*/*',
  'connection' => 'keep-alive',
)
[ info ] [ PARAM ] array (
)
[ info ] [ RUN ] app\home\controller\Index->index[ /home/wwwroot/default/application/home/controller/Index.php ]
[ info ] [ SESSION ] INIT array (
  'id' => '',
  'var_session_id' => '',
  'prefix' => 'think',
  'type' => '',
  'auto_start' => true,
)
[ info ] [ VIEW ] /home/wwwroot/default/application/home/view/index/index.html [ array (
) ]
[ info ] [ LOG ] INIT File

---------------------------------------------------------------
[ 2017-03-21T19:17:33+08:00 ] 120.27.153.16 140.205.201.38 GET /clusters.jsf
[ log ] 120.27.153.16:80/clusters.jsf [运行时间：0.006910s][吞吐率：144.72req/s] [内存消耗：335.73kb] [文件加载：26]
[ info ] [ LANG ] /home/wwwroot/default/thinkphp/lang/zh-cn.php
[ info ] [ ROUTE ] array (
  'type' => 'module',
  'module' => 
  array (
    0 => 'clusters.jsf',
    1 => NULL,
    2 => NULL,
  ),
)
[ info ] [ HEADER ] array (
  'referer' => 'http://120.27.153.16/public/statisc/Font-Awesome/fonts/fontawesome-webfont.woff2',
  'user-agent' => 'Mozilla/4.0 (compatible; MSIE 6.0; Windows NT 5.1;Alibaba.Security.Heimdall.4015170)',
  'host' => '120.27.153.16:80',
  'accept' => '*/*',
  'connection' => 'keep-alive',
)
[ info ] [ PARAM ] array (
  '/clusters_jsf' => '',
)
[ info ] [ LOG ] INIT File

---------------------------------------------------------------
[ 2017-03-21T19:20:32+08:00 ] 120.27.153.16 140.205.201.38 GET /spaces/viewdefaultdecorator.action?decoratorName=file:///etc/passwd
[ log ] 120.27.153.16:80/spaces/viewdefaultdecorator.action?decoratorName=file:///etc/passwd [运行时间：0.005917s][吞吐率：169.01req/s] [内存消耗：336.23kb] [文件加载：26]
[ info ] [ LANG ] /home/wwwroot/default/thinkphp/lang/zh-cn.php
[ info ] [ ROUTE ] array (
  'type' => 'module',
  'module' => 
  array (
    0 => 'spaces',
    1 => 'viewdefaultdecorator.action',
    2 => NULL,
  ),
)
[ info ] [ HEADER ] array (
  'referer' => 'http://120.27.153.16/public/statisc/Font-Awesome/fonts/fontawesome-webfont.woff2',
  'user-agent' => 'Mozilla/4.0 (compatible; MSIE 6.0; Windows NT 5.1;Alibaba.Security.Heimdall.4015170)',
  'host' => '120.27.153.16:80',
  'accept' => '*/*',
  'connection' => 'keep-alive',
)
[ info ] [ PARAM ] array (
  '/spaces/viewdefaultdecorator_action' => '',
  'decoratorName' => 'file:///etc/passwd',
)
[ info ] [ LOG ] INIT File

---------------------------------------------------------------
[ 2017-03-21T19:21:20+08:00 ] 120.27.153.16 140.205.201.38 GET /public/statisc/Font-Awesome/fonts/spaces/viewdefaultdecorator.action?decoratorName=file:///etc/passwd
[ log ] 120.27.153.16/public/statisc/Font-Awesome/fonts/spaces/viewdefaultdecorator.action?decoratorName=file:///etc/passwd [运行时间：0.006018s][吞吐率：166.16req/s] [内存消耗：336.94kb] [文件加载：26]
[ info ] [ LANG ] /home/wwwroot/default/thinkphp/lang/zh-cn.php
[ info ] [ ROUTE ] array (
  'type' => 'module',
  'module' => 
  array (
    0 => 'public',
    1 => 'statisc',
    2 => 'Font-Awesome',
  ),
)
[ info ] [ HEADER ] array (
  'referer' => 'http://120.27.153.16/public/statisc/Font-Awesome/fonts/fontawesome-webfont.woff2',
  'user-agent' => 'Mozilla/4.0 (compatible; MSIE 6.0; Windows NT 5.1;Alibaba.Security.Heimdall.4015170)',
  'host' => '120.27.153.16',
  'accept' => '*/*',
  'connection' => 'keep-alive',
)
[ info ] [ PARAM ] array (
  '/statisc/Font-Awesome/fonts/spaces/viewdefaultdecorator_action' => '',
  'decoratorName' => 'file:///etc/passwd',
  'fonts' => 'spaces',
)
[ info ] [ LOG ] INIT File

---------------------------------------------------------------
[ 2017-03-21T19:28:21+08:00 ] 120.27.153.16 140.205.201.38 GET /public/statisc/Font-Awesome/fonts/'%22+onmouseover=alert()+d='%22
[ log ] 120.27.153.16/public/statisc/Font-Awesome/fonts/'%22+onmouseover=alert()+d='%22 [运行时间：0.006294s][吞吐率：158.88req/s] [内存消耗：336.63kb] [文件加载：26]
[ info ] [ LANG ] /home/wwwroot/default/thinkphp/lang/zh-cn.php
[ info ] [ ROUTE ] array (
  'type' => 'module',
  'module' => 
  array (
    0 => 'public',
    1 => 'statisc',
    2 => 'Font-Awesome',
  ),
)
[ info ] [ HEADER ] array (
  'referer' => 'http://120.27.153.16/public/statisc/Font-Awesome/fonts/fontawesome-webfont.woff2',
  'user-agent' => 'Mozilla/4.0 (compatible; MSIE 6.0; Windows NT 5.1;Alibaba.Security.Heimdall.4015170)',
  'host' => '120.27.153.16',
  'accept' => '*/*',
  'connection' => 'keep-alive',
)
[ info ] [ PARAM ] array (
  '/statisc/Font-Awesome/fonts/\'"_onmouseover' => 'alert() d=\'&quot;',
  'fonts' => '\'&quot;+onmouseover=alert()+d=\'&quot;',
)
[ info ] [ LOG ] INIT File

---------------------------------------------------------------
[ 2017-03-21T19:28:52+08:00 ] 120.27.153.16 140.205.201.38 GET /public/statisc/Font-Awesome/fonts/%27%22%20onmouseover%3Dalert%28%29%20d%3D%27%22
[ log ] 120.27.153.16/public/statisc/Font-Awesome/fonts/%27%22%20onmouseover%3Dalert%28%29%20d%3D%27%22 [运行时间：0.005935s][吞吐率：168.49req/s] [内存消耗：336.63kb] [文件加载：26]
[ info ] [ LANG ] /home/wwwroot/default/thinkphp/lang/zh-cn.php
[ info ] [ ROUTE ] array (
  'type' => 'module',
  'module' => 
  array (
    0 => 'public',
    1 => 'statisc',
    2 => 'Font-Awesome',
  ),
)
[ info ] [ HEADER ] array (
  'referer' => 'http://120.27.153.16/public/statisc/Font-Awesome/fonts/fontawesome-webfont.woff2',
  'user-agent' => 'Mozilla/4.0 (compatible; MSIE 6.0; Windows NT 5.1;Alibaba.Security.Heimdall.4015170)',
  'host' => '120.27.153.16',
  'accept' => '*/*',
  'connection' => 'keep-alive',
)
[ info ] [ PARAM ] array (
  '/statisc/Font-Awesome/fonts/\'"_onmouseover' => 'alert() d=\'&quot;',
  'fonts' => '\'&quot; onmouseover=alert() d=\'&quot;',
)
[ info ] [ LOG ] INIT File

---------------------------------------------------------------
[ 2017-03-21T19:30:32+08:00 ] 120.27.153.16 140.205.201.38 GET /public/statisc/Font-Awesome/fonts/%2527%2522%2520onmouseover%253Dalert%2528%2529%2520d%253D%2527%2522
[ log ] 120.27.153.16/public/statisc/Font-Awesome/fonts/%2527%2522%2520onmouseover%253Dalert%2528%2529%2520d%253D%2527%2522 [运行时间：0.004766s][吞吐率：209.82req/s] [内存消耗：336.74kb] [文件加载：26]
[ info ] [ LANG ] /home/wwwroot/default/thinkphp/lang/zh-cn.php
[ info ] [ ROUTE ] array (
  'type' => 'module',
  'module' => 
  array (
    0 => 'public',
    1 => 'statisc',
    2 => 'Font-Awesome',
  ),
)
[ info ] [ HEADER ] array (
  'referer' => 'http://120.27.153.16/public/statisc/Font-Awesome/fonts/fontawesome-webfont.woff2',
  'user-agent' => 'Mozilla/4.0 (compatible; MSIE 6.0; Windows NT 5.1;Alibaba.Security.Heimdall.4015170)',
  'host' => '120.27.153.16',
  'accept' => '*/*',
  'connection' => 'keep-alive',
)
[ info ] [ PARAM ] array (
  '/statisc/Font-Awesome/fonts/\'"_onmouseover=alert()_d=\'"' => '',
  'fonts' => '%27%22%20onmouseover%3Dalert%28%29%20d%3D%27%22',
)
[ info ] [ LOG ] INIT File

---------------------------------------------------------------
[ 2017-03-21T19:38:03+08:00 ] 120.27.153.16 140.205.201.38 GET /public/statisc/Font-Awesome/fonts/'%22/%3E%3C/script%3E%3Cscript%3Ealert()%3C/script%3E
[ log ] 120.27.153.16/public/statisc/Font-Awesome/fonts/'%22/%3E%3C/script%3E%3Cscript%3Ealert()%3C/script%3E [运行时间：0.003036s][吞吐率：329.38req/s] [内存消耗：336.66kb] [文件加载：26]
[ info ] [ LANG ] /home/wwwroot/default/thinkphp/lang/zh-cn.php
[ info ] [ ROUTE ] array (
  'type' => 'module',
  'module' => 
  array (
    0 => 'public',
    1 => 'statisc',
    2 => 'Font-Awesome',
  ),
)
[ info ] [ HEADER ] array (
  'referer' => 'http://120.27.153.16/public/statisc/Font-Awesome/fonts/fontawesome-webfont.woff2',
  'user-agent' => 'Mozilla/4.0 (compatible; MSIE 6.0; Windows NT 5.1;Alibaba.Security.Heimdall.4015170)',
  'host' => '120.27.153.16',
  'accept' => '*/*',
  'connection' => 'keep-alive',
)
[ info ] [ PARAM ] array (
  '/statisc/Font-Awesome/fonts/\'"/></script><script>alert()</script>' => '',
  'fonts' => '\'&quot;',
)
[ info ] [ LOG ] INIT File

---------------------------------------------------------------
[ 2017-03-21T19:41:08+08:00 ] 120.27.153.16 140.205.201.38 GET /public/statisc/Font-Awesome/fonts/%2527%2522%252f%253E%253C%252fscript%253E%253Cscript%253Ealert%2528%2529%253C%252fscript%253E
[ log ] 120.27.153.16/public/statisc/Font-Awesome/fonts/%2527%2522%252f%253E%253C%252fscript%253E%253Cscript%253Ealert%2528%2529%253C%252fscript%253E [运行时间：0.005996s][吞吐率：166.78req/s] [内存消耗：336.91kb] [文件加载：26]
[ info ] [ LANG ] /home/wwwroot/default/thinkphp/lang/zh-cn.php
[ info ] [ ROUTE ] array (
  'type' => 'module',
  'module' => 
  array (
    0 => 'public',
    1 => 'statisc',
    2 => 'Font-Awesome',
  ),
)
[ info ] [ HEADER ] array (
  'referer' => 'http://120.27.153.16/public/statisc/Font-Awesome/fonts/fontawesome-webfont.woff2',
  'user-agent' => 'Mozilla/4.0 (compatible; MSIE 6.0; Windows NT 5.1;Alibaba.Security.Heimdall.4015170)',
  'host' => '120.27.153.16',
  'accept' => '*/*',
  'connection' => 'keep-alive',
)
[ info ] [ PARAM ] array (
  '/statisc/Font-Awesome/fonts/\'"/></script><script>alert()</script>' => '',
  'fonts' => '%27%22%2f%3E%3C%2fscript%3E%3Cscript%3Ealert%28%29%3C%2fscript%3E',
)
[ info ] [ LOG ] INIT File

---------------------------------------------------------------
[ 2017-03-21T20:04:20+08:00 ] 120.27.153.16 104.148.75.76 GET /
[ log ] www.la008.com/ [运行时间：0.005417s][吞吐率：184.60req/s] [内存消耗：426.95kb] [文件加载：34]
[ info ] [ LANG ] /home/wwwroot/default/thinkphp/lang/zh-cn.php
[ info ] [ ROUTE ] array (
  'type' => 'module',
  'module' => 
  array (
    0 => '',
    1 => NULL,
    2 => NULL,
  ),
)
[ info ] [ HEADER ] array (
  'host' => 'www.la008.com',
  'user-agent' => 'Mozilla/4.0 (compatible; MSIE 8.0; Windows NT 6.1; Trident/4.0; SLCC2; .NET CLR 2.0.50727; .NET CLR 3.5.30729; .NET CLR 3.0.30729; Media Center PC 6.0)',
  'accept' => '*/*',
)
[ info ] [ PARAM ] array (
)
[ info ] [ RUN ] app\home\controller\Index->index[ /home/wwwroot/default/application/home/controller/Index.php ]
[ info ] [ SESSION ] INIT array (
  'id' => '',
  'var_session_id' => '',
  'prefix' => 'think',
  'type' => '',
  'auto_start' => true,
)
[ info ] [ VIEW ] /home/wwwroot/default/application/home/view/index/index.html [ array (
) ]
[ info ] [ LOG ] INIT File

---------------------------------------------------------------
[ 2017-03-21T20:08:49+08:00 ] 120.27.153.16 140.205.201.38 GET /admin/
[ log ] 120.27.153.16:80/admin/ [运行时间：0.002685s][吞吐率：372.46req/s] [内存消耗：429.41kb] [文件加载：37]
[ info ] [ LANG ] /home/wwwroot/default/thinkphp/lang/zh-cn.php
[ info ] [ ROUTE ] array (
  'type' => 'module',
  'module' => 
  array (
    0 => 'admin',
    1 => NULL,
    2 => NULL,
  ),
)
[ info ] [ HEADER ] array (
  'authorization' => 'Basic MTox',
  'referer' => 'http://120.27.153.16/public/statisc/Font-Awesome/fonts/fontawesome-webfont.woff2',
  'user-agent' => 'Mozilla/4.0 (compatible; MSIE 6.0; Windows NT 5.1;Alibaba.Security.Heimdall.4015170)',
  'host' => '120.27.153.16:80',
  'accept' => '*/*',
  'connection' => 'keep-alive',
)
[ info ] [ PARAM ] array (
  '/admin/' => '',
)
[ info ] [ SESSION ] INIT array (
  'id' => '',
  'var_session_id' => '',
  'prefix' => 'think',
  'type' => '',
  'auto_start' => true,
)
[ info ] [ LOG ] INIT File

---------------------------------------------------------------
[ 2017-03-21T20:14:26+08:00 ] 120.27.153.16 140.205.201.38 GET /
[ log ] 120.27.153.16:80/ [运行时间：0.007011s][吞吐率：142.63req/s] [内存消耗：427.59kb] [文件加载：34]
[ info ] [ LANG ] /home/wwwroot/default/thinkphp/lang/zh-cn.php
[ info ] [ ROUTE ] array (
  'type' => 'module',
  'module' => 
  array (
    0 => '',
    1 => NULL,
    2 => NULL,
  ),
)
[ info ] [ HEADER ] array (
  'authorization' => 'Basic MTox',
  'referer' => 'http://120.27.153.16/public/statisc/Font-Awesome/fonts/fontawesome-webfont.woff2',
  'user-agent' => 'Mozilla/4.0 (compatible; MSIE 6.0; Windows NT 5.1;Alibaba.Security.Heimdall.4015170)',
  'host' => '120.27.153.16:80',
  'accept' => '*/*',
  'connection' => 'keep-alive',
)
[ info ] [ PARAM ] array (
)
[ info ] [ RUN ] app\home\controller\Index->index[ /home/wwwroot/default/application/home/controller/Index.php ]
[ info ] [ SESSION ] INIT array (
  'id' => '',
  'var_session_id' => '',
  'prefix' => 'think',
  'type' => '',
  'auto_start' => true,
)
[ info ] [ VIEW ] /home/wwwroot/default/application/home/view/index/index.html [ array (
) ]
[ info ] [ LOG ] INIT File

---------------------------------------------------------------
[ 2017-03-21T20:38:00+08:00 ] 120.27.153.16 185.135.68.1 GET /
[ log ] 120.033.153.020/ [运行时间：0.004190s][吞吐率：238.67req/s] [内存消耗：427.26kb] [文件加载：34]
[ info ] [ LANG ] /home/wwwroot/default/thinkphp/lang/zh-cn.php
[ info ] [ ROUTE ] array (
  'type' => 'module',
  'module' => 
  array (
    0 => '',
    1 => NULL,
    2 => NULL,
  ),
)
[ info ] [ HEADER ] array (
  'user-agent' => 'curl/7.17.1 (mips-unknown-linux-gnu) libcurl/7.17.1 OpenSSL/0.9.8i zlib/1.2.3',
  'host' => '120.033.153.020',
  'accept' => '*/*',
  'cache-control' => 'max-stale=0',
  'connection' => 'Keep-Alive',
)
[ info ] [ PARAM ] array (
)
[ info ] [ RUN ] app\home\controller\Index->index[ /home/wwwroot/default/application/home/controller/Index.php ]
[ info ] [ SESSION ] INIT array (
  'id' => '',
  'var_session_id' => '',
  'prefix' => 'think',
  'type' => '',
  'auto_start' => true,
)
[ info ] [ VIEW ] /home/wwwroot/default/application/home/view/index/index.html [ array (
) ]
[ info ] [ LOG ] INIT File

---------------------------------------------------------------
