[ 2017-03-24T01:35:11+08:00 ] 120.27.153.16 114.215.239.201 GET /
[ log ] 120.11.72.3:80/ [运行时间：0.006546s][吞吐率：152.77req/s] [内存消耗：426.27kb] [文件加载：34]
[ info ] [ LANG ] /home/wwwroot/default/thinkphp/lang/zh-cn.php
[ info ] [ ROUTE ] array (
  'type' => 'module',
  'module' => 
  array (
    0 => '',
    1 => NULL,
    2 => NULL,
  ),
)
[ info ] [ HEADER ] array (
  'host' => '120.11.72.3:80',
)
[ info ] [ PARAM ] array (
)
[ info ] [ RUN ] app\home\controller\Index->index[ /home/wwwroot/default/application/home/controller/Index.php ]
[ info ] [ SESSION ] INIT array (
  'id' => '',
  'var_session_id' => '',
  'prefix' => 'think',
  'type' => '',
  'auto_start' => true,
)
[ info ] [ VIEW ] /home/wwwroot/default/application/home/view/index/index.html [ array (
) ]
[ info ] [ LOG ] INIT File

---------------------------------------------------------------
[ 2017-03-24T03:17:05+08:00 ] 120.27.153.16 80.82.78.38 GET http://www.baidu.com/cache/global/img/gs.gif
[ log ] www.baidu.comhttp://www.baidu.com/cache/global/img/gs.gif [运行时间：0.006086s][吞吐率：164.31req/s] [内存消耗：334.84kb] [文件加载：26]
[ info ] [ LANG ] /home/wwwroot/default/thinkphp/lang/zh-cn.php
[ info ] [ ROUTE ] array (
  'type' => 'module',
  'module' => 
  array (
    0 => 'cache',
    1 => 'global',
    2 => 'img',
  ),
)
[ info ] [ HEADER ] array (
  'host' => 'www.baidu.com',
  'user-agent' => 'Mozilla',
  'if-modified-since' => 'Thu, 19 Apr 2012 09:51:20 GMT',
)
[ info ] [ PARAM ] array (
  '/cache/global/img/gs_gif' => '',
)
[ info ] [ LOG ] INIT File

---------------------------------------------------------------
[ 2017-03-24T05:36:01+08:00 ] 120.27.153.16 120.132.3.151 GET http://www.qq.com/404/search_children.js
[ log ] www.qq.comhttp://www.qq.com/404/search_children.js [运行时间：0.002702s][吞吐率：370.10req/s] [内存消耗：335.20kb] [文件加载：26]
[ info ] [ LANG ] /home/wwwroot/default/thinkphp/lang/zh-cn.php
[ info ] [ ROUTE ] array (
  'type' => 'module',
  'module' => 
  array (
    0 => '404',
    1 => 'search_children.js',
    2 => NULL,
  ),
)
[ info ] [ HEADER ] array (
  'host' => 'www.qq.com',
  'accept' => '*/*',
  'pragma' => 'no-cache',
  'user-agent' => 'Mozilla/5.0 (X11; Linux x86_64) AppleWebKit/537.36 (KHTML, like Gecko) Chrome/35.0.1916.114 Safari/537.36',
)
[ info ] [ PARAM ] array (
  '/404/search_children_js' => '',
)
[ info ] [ LOG ] INIT File

---------------------------------------------------------------
[ 2017-03-24T08:11:40+08:00 ] 120.27.153.16 47.90.92.26 GET /
[ log ] 49.213.10.160:80/ [运行时间：0.005071s][吞吐率：197.19req/s] [内存消耗：426.70kb] [文件加载：34]
[ info ] [ LANG ] /home/wwwroot/default/thinkphp/lang/zh-cn.php
[ info ] [ ROUTE ] array (
  'type' => 'module',
  'module' => 
  array (
    0 => '',
    1 => NULL,
    2 => NULL,
  ),
)
[ info ] [ HEADER ] array (
  'host' => '49.213.10.160:80',
  'connection' => 'Close',
  'accept-encoding' => 'identity',
)
[ info ] [ PARAM ] array (
)
[ info ] [ RUN ] app\home\controller\Index->index[ /home/wwwroot/default/application/home/controller/Index.php ]
[ info ] [ SESSION ] INIT array (
  'id' => '',
  'var_session_id' => '',
  'prefix' => 'think',
  'type' => '',
  'auto_start' => true,
)
[ info ] [ VIEW ] /home/wwwroot/default/application/home/view/index/index.html [ array (
) ]
[ info ] [ LOG ] INIT File

---------------------------------------------------------------
[ 2017-03-24T12:56:40+08:00 ] 120.27.153.16 140.205.201.36 POST /lnuchdktpqrv
[ log ] 120.27.153.16:80/lnuchdktpqrv [运行时间：0.005913s][吞吐率：169.12req/s] [内存消耗：335.48kb] [文件加载：26]
[ info ] [ LANG ] /home/wwwroot/default/thinkphp/lang/zh-cn.php
[ info ] [ ROUTE ] array (
  'type' => 'module',
  'module' => 
  array (
    0 => 'lnuchdktpqrv',
    1 => NULL,
    2 => NULL,
  ),
)
[ info ] [ HEADER ] array (
  'accept-encoding' => 'identity',
  'content-length' => '22',
  'host' => '120.27.153.16:80',
  'content-type' => 'application/x-www-form-urlencoded',
  'connection' => 'close',
  'user-agent' => 'Mozilla/4.0 (compatible; MSIE 6.0; Windows NT 5.1;Alibaba.Security.Heimdall.5448812.elasticsearch_unauthorized)',
)
[ info ] [ PARAM ] array (
  '/lnuchdktpqrv' => '',
  '{"aliyun":_"vulntest"}' => '',
)
[ info ] [ LOG ] INIT File

---------------------------------------------------------------
[ 2017-03-24T12:56:40+08:00 ] 120.27.153.16 140.205.201.36 GET /lnuchdktpqrv
[ log ] 120.27.153.16:80/lnuchdktpqrv [运行时间：0.005359s][吞吐率：186.60req/s] [内存消耗：335.13kb] [文件加载：26]
[ info ] [ LANG ] /home/wwwroot/default/thinkphp/lang/zh-cn.php
[ info ] [ ROUTE ] array (
  'type' => 'module',
  'module' => 
  array (
    0 => 'lnuchdktpqrv',
    1 => NULL,
    2 => NULL,
  ),
)
[ info ] [ HEADER ] array (
  'accept-encoding' => 'identity',
  'host' => '120.27.153.16:80',
  'connection' => 'close',
  'user-agent' => 'Mozilla/4.0 (compatible; MSIE 6.0; Windows NT 5.1;Alibaba.Security.Heimdall.5448812.elasticsearch_unauthorized)',
)
[ info ] [ PARAM ] array (
  '/lnuchdktpqrv' => '',
)
[ info ] [ LOG ] INIT File

---------------------------------------------------------------
[ 2017-03-24T12:56:40+08:00 ] 120.27.153.16 140.205.201.36 DELETE /lnuchdktpqrv
[ log ] 120.27.153.16:80/lnuchdktpqrv [运行时间：0.005657s][吞吐率：176.77req/s] [内存消耗：335.31kb] [文件加载：26]
[ info ] [ LANG ] /home/wwwroot/default/thinkphp/lang/zh-cn.php
[ info ] [ ROUTE ] array (
  'type' => 'module',
  'module' => 
  array (
    0 => 'lnuchdktpqrv',
    1 => NULL,
    2 => NULL,
  ),
)
[ info ] [ HEADER ] array (
  'accept-encoding' => 'identity',
  'host' => '120.27.153.16:80',
  'connection' => 'close',
  'user-agent' => 'Mozilla/4.0 (compatible; MSIE 6.0; Windows NT 5.1;Alibaba.Security.Heimdall.5448812.elasticsearch_unauthorized)',
)
[ info ] [ PARAM ] array (
  '/lnuchdktpqrv' => '',
)
[ info ] [ LOG ] INIT File

---------------------------------------------------------------
[ 2017-03-24T13:02:16+08:00 ] 120.27.153.16 140.205.201.36 GET /warning
[ log ] 120.27.153.16:80/warning [运行时间：0.004901s][吞吐率：204.03req/s] [内存消耗：335.59kb] [文件加载：26]
[ info ] [ LANG ] /home/wwwroot/default/thinkphp/lang/zh-cn.php
[ info ] [ ROUTE ] array (
  'type' => 'module',
  'module' => 
  array (
    0 => 'warning',
    1 => NULL,
    2 => NULL,
  ),
)
[ info ] [ HEADER ] array (
  'referer' => 'http://120.27.153.16/',
  'user-agent' => 'Mozilla/4.0 (compatible; MSIE 6.0; Windows NT 5.1;Alibaba.Security.Heimdall.5448812)',
  'host' => '120.27.153.16:80',
  'accept' => '*/*',
  'connection' => 'keep-alive',
)
[ info ] [ PARAM ] array (
  '/warning' => '',
)
[ info ] [ LOG ] INIT File

---------------------------------------------------------------
[ 2017-03-24T13:19:30+08:00 ] 120.27.153.16 140.205.201.36 GET /pleasereadthis
[ log ] 120.27.153.16:80/pleasereadthis [运行时间：0.003594s][吞吐率：278.23req/s] [内存消耗：335.59kb] [文件加载：26]
[ info ] [ LANG ] /home/wwwroot/default/thinkphp/lang/zh-cn.php
[ info ] [ ROUTE ] array (
  'type' => 'module',
  'module' => 
  array (
    0 => 'pleasereadthis',
    1 => NULL,
    2 => NULL,
  ),
)
[ info ] [ HEADER ] array (
  'referer' => 'http://120.27.153.16/',
  'user-agent' => 'Mozilla/4.0 (compatible; MSIE 6.0; Windows NT 5.1;Alibaba.Security.Heimdall.5448812)',
  'host' => '120.27.153.16:80',
  'accept' => '*/*',
  'connection' => 'keep-alive',
)
[ info ] [ PARAM ] array (
  '/pleasereadthis' => '',
)
[ info ] [ LOG ] INIT File

---------------------------------------------------------------
[ 2017-03-24T13:30:51+08:00 ] 120.27.153.16 140.205.201.36 GET /phpmyadmin/index.php
[ log ] 120.27.153.16:80/phpmyadmin/index.php [运行时间：0.006446s][吞吐率：155.13req/s] [内存消耗：336.06kb] [文件加载：26]
[ info ] [ LANG ] /home/wwwroot/default/thinkphp/lang/zh-cn.php
[ info ] [ ROUTE ] array (
  'type' => 'module',
  'module' => 
  array (
    0 => 'phpmyadmin',
    1 => 'index.php',
    2 => NULL,
  ),
)
[ info ] [ HEADER ] array (
  'host' => '120.27.153.16:80',
  'user-agent' => 'Mozilla/4.0 (compatible; MSIE 6.0; Windows NT 5.1;Alibaba.Security.Heimdall.5448812.p)',
  'referer' => 'http://120.27.153.16:80/phpmyadmin/index.php',
  'accept' => '*/*',
  'connection' => 'keep-alive',
  'accept-encoding' => 'gzip,deflate',
)
[ info ] [ PARAM ] array (
  '/phpmyadmin/index_php' => '',
)
[ info ] [ LOG ] INIT File

---------------------------------------------------------------
[ 2017-03-24T13:30:51+08:00 ] 120.27.153.16 140.205.201.36 GET /phpMyAdmin/index.php
[ log ] 120.27.153.16:80/phpMyAdmin/index.php [运行时间：0.004891s][吞吐率：204.45req/s] [内存消耗：336.06kb] [文件加载：26]
[ info ] [ LANG ] /home/wwwroot/default/thinkphp/lang/zh-cn.php
[ info ] [ ROUTE ] array (
  'type' => 'module',
  'module' => 
  array (
    0 => 'phpMyAdmin',
    1 => 'index.php',
    2 => NULL,
  ),
)
[ info ] [ HEADER ] array (
  'host' => '120.27.153.16:80',
  'user-agent' => 'Mozilla/4.0 (compatible; MSIE 6.0; Windows NT 5.1;Alibaba.Security.Heimdall.5448812.p)',
  'referer' => 'http://120.27.153.16:80/phpMyAdmin/index.php',
  'accept' => '*/*',
  'connection' => 'keep-alive',
  'accept-encoding' => 'gzip,deflate',
)
[ info ] [ PARAM ] array (
  '/phpMyAdmin/index_php' => '',
)
[ info ] [ LOG ] INIT File

---------------------------------------------------------------
[ 2017-03-24T13:30:51+08:00 ] 120.27.153.16 140.205.201.36 GET /pma/index.php
[ log ] 120.27.153.16:80/pma/index.php [运行时间：0.005509s][吞吐率：181.52req/s] [内存消耗：336.02kb] [文件加载：26]
[ info ] [ LANG ] /home/wwwroot/default/thinkphp/lang/zh-cn.php
[ info ] [ ROUTE ] array (
  'type' => 'module',
  'module' => 
  array (
    0 => 'pma',
    1 => 'index.php',
    2 => NULL,
  ),
)
[ info ] [ HEADER ] array (
  'host' => '120.27.153.16:80',
  'user-agent' => 'Mozilla/4.0 (compatible; MSIE 6.0; Windows NT 5.1;Alibaba.Security.Heimdall.5448812.p)',
  'referer' => 'http://120.27.153.16:80/pma/index.php',
  'accept' => '*/*',
  'connection' => 'keep-alive',
  'accept-encoding' => 'gzip,deflate',
)
[ info ] [ PARAM ] array (
  '/pma/index_php' => '',
)
[ info ] [ LOG ] INIT File

---------------------------------------------------------------
[ 2017-03-24T13:30:51+08:00 ] 120.27.153.16 140.205.201.36 GET /pmd/index.php
[ log ] 120.27.153.16:80/pmd/index.php [运行时间：0.006529s][吞吐率：153.16req/s] [内存消耗：336.02kb] [文件加载：26]
[ info ] [ LANG ] /home/wwwroot/default/thinkphp/lang/zh-cn.php
[ info ] [ ROUTE ] array (
  'type' => 'module',
  'module' => 
  array (
    0 => 'pmd',
    1 => 'index.php',
    2 => NULL,
  ),
)
[ info ] [ HEADER ] array (
  'host' => '120.27.153.16:80',
  'user-agent' => 'Mozilla/4.0 (compatible; MSIE 6.0; Windows NT 5.1;Alibaba.Security.Heimdall.5448812.p)',
  'referer' => 'http://120.27.153.16:80/pmd/index.php',
  'accept' => '*/*',
  'connection' => 'keep-alive',
  'accept-encoding' => 'gzip,deflate',
)
[ info ] [ PARAM ] array (
  '/pmd/index_php' => '',
)
[ info ] [ LOG ] INIT File

---------------------------------------------------------------
[ 2017-03-24T13:30:51+08:00 ] 120.27.153.16 140.205.201.36 GET /please_read/_search
[ log ] 120.27.153.16:80/please_read/_search [运行时间：0.005190s][吞吐率：192.68req/s] [内存消耗：335.70kb] [文件加载：26]
[ info ] [ LANG ] /home/wwwroot/default/thinkphp/lang/zh-cn.php
[ info ] [ ROUTE ] array (
  'type' => 'module',
  'module' => 
  array (
    0 => 'please_read',
    1 => '_search',
    2 => NULL,
  ),
)
[ info ] [ HEADER ] array (
  'referer' => 'http://120.27.153.16/',
  'user-agent' => 'Mozilla/4.0 (compatible; MSIE 6.0; Windows NT 5.1;Alibaba.Security.Heimdall.5448812)',
  'host' => '120.27.153.16:80',
  'accept' => '*/*',
  'connection' => 'keep-alive',
)
[ info ] [ PARAM ] array (
  '/please_read/_search' => '',
)
[ info ] [ LOG ] INIT File

---------------------------------------------------------------
[ 2017-03-24T13:32:54+08:00 ] 120.27.153.16 140.205.201.36 GET /phpmyadmin/index.php
[ log ] 120.27.153.16:80/phpmyadmin/index.php [运行时间：0.007056s][吞吐率：141.72req/s] [内存消耗：336.06kb] [文件加载：26]
[ info ] [ LANG ] /home/wwwroot/default/thinkphp/lang/zh-cn.php
[ info ] [ ROUTE ] array (
  'type' => 'module',
  'module' => 
  array (
    0 => 'phpmyadmin',
    1 => 'index.php',
    2 => NULL,
  ),
)
[ info ] [ HEADER ] array (
  'host' => '120.27.153.16:80',
  'user-agent' => 'Mozilla/4.0 (compatible; MSIE 6.0; Windows NT 5.1;Alibaba.Security.Heimdall.5448812.p)',
  'referer' => 'http://120.27.153.16:80/phpmyadmin/index.php',
  'accept' => '*/*',
  'connection' => 'keep-alive',
  'accept-encoding' => 'gzip,deflate',
)
[ info ] [ PARAM ] array (
  '/phpmyadmin/index_php' => '',
)
[ info ] [ LOG ] INIT File

---------------------------------------------------------------
[ 2017-03-24T13:32:54+08:00 ] 120.27.153.16 140.205.201.36 GET /phpMyAdmin/index.php
[ log ] 120.27.153.16:80/phpMyAdmin/index.php [运行时间：0.004221s][吞吐率：236.91req/s] [内存消耗：336.06kb] [文件加载：26]
[ info ] [ LANG ] /home/wwwroot/default/thinkphp/lang/zh-cn.php
[ info ] [ ROUTE ] array (
  'type' => 'module',
  'module' => 
  array (
    0 => 'phpMyAdmin',
    1 => 'index.php',
    2 => NULL,
  ),
)
[ info ] [ HEADER ] array (
  'host' => '120.27.153.16:80',
  'user-agent' => 'Mozilla/4.0 (compatible; MSIE 6.0; Windows NT 5.1;Alibaba.Security.Heimdall.5448812.p)',
  'referer' => 'http://120.27.153.16:80/phpMyAdmin/index.php',
  'accept' => '*/*',
  'connection' => 'keep-alive',
  'accept-encoding' => 'gzip,deflate',
)
[ info ] [ PARAM ] array (
  '/phpMyAdmin/index_php' => '',
)
[ info ] [ LOG ] INIT File

---------------------------------------------------------------
[ 2017-03-24T13:32:54+08:00 ] 120.27.153.16 140.205.201.36 GET /pma/index.php
[ log ] 120.27.153.16:80/pma/index.php [运行时间：0.006618s][吞吐率：151.10req/s] [内存消耗：336.02kb] [文件加载：26]
[ info ] [ LANG ] /home/wwwroot/default/thinkphp/lang/zh-cn.php
[ info ] [ ROUTE ] array (
  'type' => 'module',
  'module' => 
  array (
    0 => 'pma',
    1 => 'index.php',
    2 => NULL,
  ),
)
[ info ] [ HEADER ] array (
  'host' => '120.27.153.16:80',
  'user-agent' => 'Mozilla/4.0 (compatible; MSIE 6.0; Windows NT 5.1;Alibaba.Security.Heimdall.5448812.p)',
  'referer' => 'http://120.27.153.16:80/pma/index.php',
  'accept' => '*/*',
  'connection' => 'keep-alive',
  'accept-encoding' => 'gzip,deflate',
)
[ info ] [ PARAM ] array (
  '/pma/index_php' => '',
)
[ info ] [ LOG ] INIT File

---------------------------------------------------------------
[ 2017-03-24T13:32:54+08:00 ] 120.27.153.16 140.205.201.36 GET /pmd/index.php
[ log ] 120.27.153.16:80/pmd/index.php [运行时间：0.006699s][吞吐率：149.28req/s] [内存消耗：336.02kb] [文件加载：26]
[ info ] [ LANG ] /home/wwwroot/default/thinkphp/lang/zh-cn.php
[ info ] [ ROUTE ] array (
  'type' => 'module',
  'module' => 
  array (
    0 => 'pmd',
    1 => 'index.php',
    2 => NULL,
  ),
)
[ info ] [ HEADER ] array (
  'host' => '120.27.153.16:80',
  'user-agent' => 'Mozilla/4.0 (compatible; MSIE 6.0; Windows NT 5.1;Alibaba.Security.Heimdall.5448812.p)',
  'referer' => 'http://120.27.153.16:80/pmd/index.php',
  'accept' => '*/*',
  'connection' => 'keep-alive',
  'accept-encoding' => 'gzip,deflate',
)
[ info ] [ PARAM ] array (
  '/pmd/index_php' => '',
)
[ info ] [ LOG ] INIT File

---------------------------------------------------------------
[ 2017-03-24T13:36:53+08:00 ] 120.27.153.16 140.205.201.36 GET /about/
[ log ] 120.27.153.16:80/about/ [运行时间：0.005758s][吞吐率：173.67req/s] [内存消耗：335.58kb] [文件加载：26]
[ info ] [ LANG ] /home/wwwroot/default/thinkphp/lang/zh-cn.php
[ info ] [ ROUTE ] array (
  'type' => 'module',
  'module' => 
  array (
    0 => 'about',
    1 => NULL,
    2 => NULL,
  ),
)
[ info ] [ HEADER ] array (
  'referer' => 'http://120.27.153.16/',
  'user-agent' => 'Mozilla/4.0 (compatible; MSIE 6.0; Windows NT 5.1;Alibaba.Security.Heimdall.5448812)',
  'host' => '120.27.153.16:80',
  'accept' => '*/*',
  'connection' => 'keep-alive',
)
[ info ] [ PARAM ] array (
  '/about/' => '',
)
[ info ] [ LOG ] INIT File

---------------------------------------------------------------
[ 2017-03-24T13:44:00+08:00 ] 120.27.153.16 140.205.201.36 GET /clusters.jsf
[ log ] 120.27.153.16:80/clusters.jsf [运行时间：0.006093s][吞吐率：164.13req/s] [内存消耗：335.59kb] [文件加载：26]
[ info ] [ LANG ] /home/wwwroot/default/thinkphp/lang/zh-cn.php
[ info ] [ ROUTE ] array (
  'type' => 'module',
  'module' => 
  array (
    0 => 'clusters.jsf',
    1 => NULL,
    2 => NULL,
  ),
)
[ info ] [ HEADER ] array (
  'referer' => 'http://120.27.153.16/',
  'user-agent' => 'Mozilla/4.0 (compatible; MSIE 6.0; Windows NT 5.1;Alibaba.Security.Heimdall.5448812)',
  'host' => '120.27.153.16:80',
  'accept' => '*/*',
  'connection' => 'keep-alive',
)
[ info ] [ PARAM ] array (
  '/clusters_jsf' => '',
)
[ info ] [ LOG ] INIT File

---------------------------------------------------------------
[ 2017-03-24T13:56:38+08:00 ] 120.27.153.16 140.205.201.36 POST /jzbnwhrsixqf
[ log ] 120.27.153.16:80/jzbnwhrsixqf [运行时间：0.003792s][吞吐率：263.71req/s] [内存消耗：335.48kb] [文件加载：26]
[ info ] [ LANG ] /home/wwwroot/default/thinkphp/lang/zh-cn.php
[ info ] [ ROUTE ] array (
  'type' => 'module',
  'module' => 
  array (
    0 => 'jzbnwhrsixqf',
    1 => NULL,
    2 => NULL,
  ),
)
[ info ] [ HEADER ] array (
  'accept-encoding' => 'identity',
  'content-length' => '22',
  'host' => '120.27.153.16:80',
  'content-type' => 'application/x-www-form-urlencoded',
  'connection' => 'close',
  'user-agent' => 'Mozilla/4.0 (compatible; MSIE 6.0; Windows NT 5.1;Alibaba.Security.Heimdall.5448812.elasticsearch_unauthorized)',
)
[ info ] [ PARAM ] array (
  '/jzbnwhrsixqf' => '',
  '{"aliyun":_"vulntest"}' => '',
)
[ info ] [ LOG ] INIT File

---------------------------------------------------------------
[ 2017-03-24T13:56:38+08:00 ] 120.27.153.16 140.205.201.36 GET /jzbnwhrsixqf
[ log ] 120.27.153.16:80/jzbnwhrsixqf [运行时间：0.004849s][吞吐率：206.23req/s] [内存消耗：335.13kb] [文件加载：26]
[ info ] [ LANG ] /home/wwwroot/default/thinkphp/lang/zh-cn.php
[ info ] [ ROUTE ] array (
  'type' => 'module',
  'module' => 
  array (
    0 => 'jzbnwhrsixqf',
    1 => NULL,
    2 => NULL,
  ),
)
[ info ] [ HEADER ] array (
  'accept-encoding' => 'identity',
  'host' => '120.27.153.16:80',
  'connection' => 'close',
  'user-agent' => 'Mozilla/4.0 (compatible; MSIE 6.0; Windows NT 5.1;Alibaba.Security.Heimdall.5448812.elasticsearch_unauthorized)',
)
[ info ] [ PARAM ] array (
  '/jzbnwhrsixqf' => '',
)
[ info ] [ LOG ] INIT File

---------------------------------------------------------------
[ 2017-03-24T13:56:38+08:00 ] 120.27.153.16 140.205.201.36 DELETE /jzbnwhrsixqf
[ log ] 120.27.153.16:80/jzbnwhrsixqf [运行时间：0.005145s][吞吐率：194.37req/s] [内存消耗：335.31kb] [文件加载：26]
[ info ] [ LANG ] /home/wwwroot/default/thinkphp/lang/zh-cn.php
[ info ] [ ROUTE ] array (
  'type' => 'module',
  'module' => 
  array (
    0 => 'jzbnwhrsixqf',
    1 => NULL,
    2 => NULL,
  ),
)
[ info ] [ HEADER ] array (
  'accept-encoding' => 'identity',
  'host' => '120.27.153.16:80',
  'connection' => 'close',
  'user-agent' => 'Mozilla/4.0 (compatible; MSIE 6.0; Windows NT 5.1;Alibaba.Security.Heimdall.5448812.elasticsearch_unauthorized)',
)
[ info ] [ PARAM ] array (
  '/jzbnwhrsixqf' => '',
)
[ info ] [ LOG ] INIT File

---------------------------------------------------------------
[ 2017-03-24T14:07:22+08:00 ] 120.27.153.16 140.205.201.36 GET /phpmyadmin/index.php
[ log ] 120.27.153.16:80/phpmyadmin/index.php [运行时间：0.005762s][吞吐率：173.56req/s] [内存消耗：336.06kb] [文件加载：26]
[ info ] [ LANG ] /home/wwwroot/default/thinkphp/lang/zh-cn.php
[ info ] [ ROUTE ] array (
  'type' => 'module',
  'module' => 
  array (
    0 => 'phpmyadmin',
    1 => 'index.php',
    2 => NULL,
  ),
)
[ info ] [ HEADER ] array (
  'host' => '120.27.153.16:80',
  'user-agent' => 'Mozilla/4.0 (compatible; MSIE 6.0; Windows NT 5.1;Alibaba.Security.Heimdall.5448812.p)',
  'referer' => 'http://120.27.153.16:80/phpmyadmin/index.php',
  'accept' => '*/*',
  'connection' => 'keep-alive',
  'accept-encoding' => 'gzip,deflate',
)
[ info ] [ PARAM ] array (
  '/phpmyadmin/index_php' => '',
)
[ info ] [ LOG ] INIT File

---------------------------------------------------------------
[ 2017-03-24T14:07:22+08:00 ] 120.27.153.16 140.205.201.36 GET /phpMyAdmin/index.php
[ log ] 120.27.153.16:80/phpMyAdmin/index.php [运行时间：0.004211s][吞吐率：237.46req/s] [内存消耗：336.06kb] [文件加载：26]
[ info ] [ LANG ] /home/wwwroot/default/thinkphp/lang/zh-cn.php
[ info ] [ ROUTE ] array (
  'type' => 'module',
  'module' => 
  array (
    0 => 'phpMyAdmin',
    1 => 'index.php',
    2 => NULL,
  ),
)
[ info ] [ HEADER ] array (
  'host' => '120.27.153.16:80',
  'user-agent' => 'Mozilla/4.0 (compatible; MSIE 6.0; Windows NT 5.1;Alibaba.Security.Heimdall.5448812.p)',
  'referer' => 'http://120.27.153.16:80/phpMyAdmin/index.php',
  'accept' => '*/*',
  'connection' => 'keep-alive',
  'accept-encoding' => 'gzip,deflate',
)
[ info ] [ PARAM ] array (
  '/phpMyAdmin/index_php' => '',
)
[ info ] [ LOG ] INIT File

---------------------------------------------------------------
[ 2017-03-24T14:07:22+08:00 ] 120.27.153.16 140.205.201.36 GET /pma/index.php
[ log ] 120.27.153.16:80/pma/index.php [运行时间：0.003639s][吞吐率：274.78req/s] [内存消耗：336.02kb] [文件加载：26]
[ info ] [ LANG ] /home/wwwroot/default/thinkphp/lang/zh-cn.php
[ info ] [ ROUTE ] array (
  'type' => 'module',
  'module' => 
  array (
    0 => 'pma',
    1 => 'index.php',
    2 => NULL,
  ),
)
[ info ] [ HEADER ] array (
  'host' => '120.27.153.16:80',
  'user-agent' => 'Mozilla/4.0 (compatible; MSIE 6.0; Windows NT 5.1;Alibaba.Security.Heimdall.5448812.p)',
  'referer' => 'http://120.27.153.16:80/pma/index.php',
  'accept' => '*/*',
  'connection' => 'keep-alive',
  'accept-encoding' => 'gzip,deflate',
)
[ info ] [ PARAM ] array (
  '/pma/index_php' => '',
)
[ info ] [ LOG ] INIT File

---------------------------------------------------------------
[ 2017-03-24T14:07:22+08:00 ] 120.27.153.16 140.205.201.36 GET /pmd/index.php
[ log ] 120.27.153.16:80/pmd/index.php [运行时间：0.004039s][吞吐率：247.58req/s] [内存消耗：336.02kb] [文件加载：26]
[ info ] [ LANG ] /home/wwwroot/default/thinkphp/lang/zh-cn.php
[ info ] [ ROUTE ] array (
  'type' => 'module',
  'module' => 
  array (
    0 => 'pmd',
    1 => 'index.php',
    2 => NULL,
  ),
)
[ info ] [ HEADER ] array (
  'host' => '120.27.153.16:80',
  'user-agent' => 'Mozilla/4.0 (compatible; MSIE 6.0; Windows NT 5.1;Alibaba.Security.Heimdall.5448812.p)',
  'referer' => 'http://120.27.153.16:80/pmd/index.php',
  'accept' => '*/*',
  'connection' => 'keep-alive',
  'accept-encoding' => 'gzip,deflate',
)
[ info ] [ PARAM ] array (
  '/pmd/index_php' => '',
)
[ info ] [ LOG ] INIT File

---------------------------------------------------------------
[ 2017-03-24T14:09:19+08:00 ] 120.27.153.16 140.205.201.36 GET /phpmyadmin/index.php
[ log ] 120.27.153.16:80/phpmyadmin/index.php [运行时间：0.007125s][吞吐率：140.35req/s] [内存消耗：336.06kb] [文件加载：26]
[ info ] [ LANG ] /home/wwwroot/default/thinkphp/lang/zh-cn.php
[ info ] [ ROUTE ] array (
  'type' => 'module',
  'module' => 
  array (
    0 => 'phpmyadmin',
    1 => 'index.php',
    2 => NULL,
  ),
)
[ info ] [ HEADER ] array (
  'host' => '120.27.153.16:80',
  'user-agent' => 'Mozilla/4.0 (compatible; MSIE 6.0; Windows NT 5.1;Alibaba.Security.Heimdall.5448812.p)',
  'referer' => 'http://120.27.153.16:80/phpmyadmin/index.php',
  'accept' => '*/*',
  'connection' => 'keep-alive',
  'accept-encoding' => 'gzip,deflate',
)
[ info ] [ PARAM ] array (
  '/phpmyadmin/index_php' => '',
)
[ info ] [ LOG ] INIT File

---------------------------------------------------------------
[ 2017-03-24T14:09:19+08:00 ] 120.27.153.16 140.205.201.36 GET /phpMyAdmin/index.php
[ log ] 120.27.153.16:80/phpMyAdmin/index.php [运行时间：0.006710s][吞吐率：149.03req/s] [内存消耗：336.06kb] [文件加载：26]
[ info ] [ LANG ] /home/wwwroot/default/thinkphp/lang/zh-cn.php
[ info ] [ ROUTE ] array (
  'type' => 'module',
  'module' => 
  array (
    0 => 'phpMyAdmin',
    1 => 'index.php',
    2 => NULL,
  ),
)
[ info ] [ HEADER ] array (
  'host' => '120.27.153.16:80',
  'user-agent' => 'Mozilla/4.0 (compatible; MSIE 6.0; Windows NT 5.1;Alibaba.Security.Heimdall.5448812.p)',
  'referer' => 'http://120.27.153.16:80/phpMyAdmin/index.php',
  'accept' => '*/*',
  'connection' => 'keep-alive',
  'accept-encoding' => 'gzip,deflate',
)
[ info ] [ PARAM ] array (
  '/phpMyAdmin/index_php' => '',
)
[ info ] [ LOG ] INIT File

---------------------------------------------------------------
[ 2017-03-24T14:09:19+08:00 ] 120.27.153.16 140.205.201.36 GET /pma/index.php
[ log ] 120.27.153.16:80/pma/index.php [运行时间：0.006462s][吞吐率：154.75req/s] [内存消耗：336.02kb] [文件加载：26]
[ info ] [ LANG ] /home/wwwroot/default/thinkphp/lang/zh-cn.php
[ info ] [ ROUTE ] array (
  'type' => 'module',
  'module' => 
  array (
    0 => 'pma',
    1 => 'index.php',
    2 => NULL,
  ),
)
[ info ] [ HEADER ] array (
  'host' => '120.27.153.16:80',
  'user-agent' => 'Mozilla/4.0 (compatible; MSIE 6.0; Windows NT 5.1;Alibaba.Security.Heimdall.5448812.p)',
  'referer' => 'http://120.27.153.16:80/pma/index.php',
  'accept' => '*/*',
  'connection' => 'keep-alive',
  'accept-encoding' => 'gzip,deflate',
)
[ info ] [ PARAM ] array (
  '/pma/index_php' => '',
)
[ info ] [ LOG ] INIT File

---------------------------------------------------------------
[ 2017-03-24T14:09:19+08:00 ] 120.27.153.16 140.205.201.36 GET /pmd/index.php
[ log ] 120.27.153.16:80/pmd/index.php [运行时间：0.006712s][吞吐率：148.98req/s] [内存消耗：336.02kb] [文件加载：26]
[ info ] [ LANG ] /home/wwwroot/default/thinkphp/lang/zh-cn.php
[ info ] [ ROUTE ] array (
  'type' => 'module',
  'module' => 
  array (
    0 => 'pmd',
    1 => 'index.php',
    2 => NULL,
  ),
)
[ info ] [ HEADER ] array (
  'host' => '120.27.153.16:80',
  'user-agent' => 'Mozilla/4.0 (compatible; MSIE 6.0; Windows NT 5.1;Alibaba.Security.Heimdall.5448812.p)',
  'referer' => 'http://120.27.153.16:80/pmd/index.php',
  'accept' => '*/*',
  'connection' => 'keep-alive',
  'accept-encoding' => 'gzip,deflate',
)
[ info ] [ PARAM ] array (
  '/pmd/index_php' => '',
)
[ info ] [ LOG ] INIT File

---------------------------------------------------------------
[ 2017-03-24T14:11:55+08:00 ] 120.27.153.16 140.205.201.36 GET /
[ log ] 120.27.153.16:80/ [运行时间：0.005028s][吞吐率：198.89req/s] [内存消耗：427.26kb] [文件加载：34]
[ info ] [ LANG ] /home/wwwroot/default/thinkphp/lang/zh-cn.php
[ info ] [ ROUTE ] array (
  'type' => 'module',
  'module' => 
  array (
    0 => '',
    1 => NULL,
    2 => NULL,
  ),
)
[ info ] [ HEADER ] array (
  'referer' => 'http://120.27.153.16/',
  'user-agent' => 'Mozilla/4.0 (compatible; MSIE 6.0; Windows NT 5.1;Alibaba.Security.Heimdall.5448812)',
  'host' => '120.27.153.16:80',
  'accept' => '*/*',
  'connection' => 'keep-alive',
)
[ info ] [ PARAM ] array (
)
[ info ] [ RUN ] app\home\controller\Index->index[ /home/wwwroot/default/application/home/controller/Index.php ]
[ info ] [ SESSION ] INIT array (
  'id' => '',
  'var_session_id' => '',
  'prefix' => 'think',
  'type' => '',
  'auto_start' => true,
)
[ info ] [ VIEW ] /home/wwwroot/default/application/home/view/index/index.html [ array (
) ]
[ info ] [ LOG ] INIT File

---------------------------------------------------------------
[ 2017-03-24T14:13:25+08:00 ] 120.27.153.16 140.205.201.36 GET /hwi/
[ log ] 120.27.153.16:80/hwi/ [运行时间：0.005788s][吞吐率：172.77req/s] [内存消耗：335.60kb] [文件加载：26]
[ info ] [ LANG ] /home/wwwroot/default/thinkphp/lang/zh-cn.php
[ info ] [ ROUTE ] array (
  'type' => 'module',
  'module' => 
  array (
    0 => 'hwi',
    1 => NULL,
    2 => NULL,
  ),
)
[ info ] [ HEADER ] array (
  'referer' => 'http://120.27.153.16/',
  'user-agent' => 'Mozilla/4.0 (compatible; MSIE 6.0; Windows NT 5.1;Alibaba.Security.Heimdall.5448812)',
  'host' => '120.27.153.16:80',
  'accept' => '*/*',
  'connection' => 'keep-alive',
)
[ info ] [ PARAM ] array (
  '/hwi/' => '',
)
[ info ] [ LOG ] INIT File

---------------------------------------------------------------
[ 2017-03-24T14:19:10+08:00 ] 120.27.153.16 140.205.201.36 GET /
[ log ] 120.27.153.16:80/ [运行时间：0.007243s][吞吐率：138.06req/s] [内存消耗：427.26kb] [文件加载：34]
[ info ] [ LANG ] /home/wwwroot/default/thinkphp/lang/zh-cn.php
[ info ] [ ROUTE ] array (
  'type' => 'module',
  'module' => 
  array (
    0 => '',
    1 => NULL,
    2 => NULL,
  ),
)
[ info ] [ HEADER ] array (
  'referer' => 'http://120.27.153.16/',
  'user-agent' => 'Mozilla/4.0 (compatible; MSIE 6.0; Windows NT 5.1;Alibaba.Security.Heimdall.5448812)',
  'host' => '120.27.153.16:80',
  'accept' => '*/*',
  'connection' => 'keep-alive',
)
[ info ] [ PARAM ] array (
)
[ info ] [ RUN ] app\home\controller\Index->index[ /home/wwwroot/default/application/home/controller/Index.php ]
[ info ] [ SESSION ] INIT array (
  'id' => '',
  'var_session_id' => '',
  'prefix' => 'think',
  'type' => '',
  'auto_start' => true,
)
[ info ] [ VIEW ] /home/wwwroot/default/application/home/view/index/index.html [ array (
) ]
[ info ] [ LOG ] INIT File

---------------------------------------------------------------
[ 2017-03-24T14:24:42+08:00 ] 120.27.153.16 140.205.201.36 GET /
[ log ] 120.27.153.16:80/ [运行时间：0.004615s][吞吐率：216.68req/s] [内存消耗：427.26kb] [文件加载：34]
[ info ] [ LANG ] /home/wwwroot/default/thinkphp/lang/zh-cn.php
[ info ] [ ROUTE ] array (
  'type' => 'module',
  'module' => 
  array (
    0 => '',
    1 => NULL,
    2 => NULL,
  ),
)
[ info ] [ HEADER ] array (
  'referer' => 'http://120.27.153.16/',
  'user-agent' => 'Mozilla/4.0 (compatible; MSIE 6.0; Windows NT 5.1;Alibaba.Security.Heimdall.5448812)',
  'host' => '120.27.153.16:80',
  'accept' => '*/*',
  'connection' => 'keep-alive',
)
[ info ] [ PARAM ] array (
)
[ info ] [ RUN ] app\home\controller\Index->index[ /home/wwwroot/default/application/home/controller/Index.php ]
[ info ] [ SESSION ] INIT array (
  'id' => '',
  'var_session_id' => '',
  'prefix' => 'think',
  'type' => '',
  'auto_start' => true,
)
[ info ] [ VIEW ] /home/wwwroot/default/application/home/view/index/index.html [ array (
) ]
[ info ] [ LOG ] INIT File

---------------------------------------------------------------
[ 2017-03-24T14:24:55+08:00 ] 120.27.153.16 140.205.201.36 GET /
[ log ] 120.27.153.16:80/ [运行时间：0.006001s][吞吐率：166.64req/s] [内存消耗：427.27kb] [文件加载：34]
[ info ] [ LANG ] /home/wwwroot/default/thinkphp/lang/zh-cn.php
[ info ] [ ROUTE ] array (
  'type' => 'module',
  'module' => 
  array (
    0 => '',
    1 => NULL,
    2 => NULL,
  ),
)
[ info ] [ HEADER ] array (
  'referer' => 'http://120.27.153.16/',
  'user-agent' => 'Mozilla/4.0 (compatible; MSIE 6.0; Windows NT 5.1;Alibaba.Security.Heimdall.5448812)',
  'host' => '120.27.153.16:80',
  'accept' => '*/*',
  'connection' => 'keep-alive',
)
[ info ] [ PARAM ] array (
)
[ info ] [ RUN ] app\home\controller\Index->index[ /home/wwwroot/default/application/home/controller/Index.php ]
[ info ] [ SESSION ] INIT array (
  'id' => '',
  'var_session_id' => '',
  'prefix' => 'think',
  'type' => '',
  'auto_start' => true,
)
[ info ] [ VIEW ] /home/wwwroot/default/application/home/view/index/index.html [ array (
) ]
[ info ] [ LOG ] INIT File

---------------------------------------------------------------
[ 2017-03-24T14:25:02+08:00 ] 120.27.153.16 140.205.201.36 GET /ganglia/index.php
[ log ] 120.27.153.16:80/ganglia/index.php [运行时间：0.007157s][吞吐率：139.73req/s] [内存消耗：335.70kb] [文件加载：26]
[ info ] [ LANG ] /home/wwwroot/default/thinkphp/lang/zh-cn.php
[ info ] [ ROUTE ] array (
  'type' => 'module',
  'module' => 
  array (
    0 => 'ganglia',
    1 => 'index.php',
    2 => NULL,
  ),
)
[ info ] [ HEADER ] array (
  'referer' => 'http://120.27.153.16/',
  'user-agent' => 'Mozilla/4.0 (compatible; MSIE 6.0; Windows NT 5.1;Alibaba.Security.Heimdall.5448812)',
  'host' => '120.27.153.16:80',
  'accept' => '*/*',
  'connection' => 'keep-alive',
)
[ info ] [ PARAM ] array (
  '/ganglia/index_php' => '',
)
[ info ] [ LOG ] INIT File

---------------------------------------------------------------
[ 2017-03-24T14:25:05+08:00 ] 120.27.153.16 140.205.201.36 GET /index.php
[ log ] 120.27.153.16:80/index.php [运行时间：0.006114s][吞吐率：163.56req/s] [内存消耗：427.29kb] [文件加载：34]
[ info ] [ LANG ] /home/wwwroot/default/thinkphp/lang/zh-cn.php
[ info ] [ ROUTE ] array (
  'type' => 'module',
  'module' => 
  array (
    0 => '',
    1 => NULL,
    2 => NULL,
  ),
)
[ info ] [ HEADER ] array (
  'referer' => 'http://120.27.153.16/',
  'user-agent' => 'Mozilla/4.0 (compatible; MSIE 6.0; Windows NT 5.1;Alibaba.Security.Heimdall.5448812)',
  'host' => '120.27.153.16:80',
  'accept' => '*/*',
  'connection' => 'keep-alive',
)
[ info ] [ PARAM ] array (
)
[ info ] [ RUN ] app\home\controller\Index->index[ /home/wwwroot/default/application/home/controller/Index.php ]
[ info ] [ SESSION ] INIT array (
  'id' => '',
  'var_session_id' => '',
  'prefix' => 'think',
  'type' => '',
  'auto_start' => true,
)
[ info ] [ VIEW ] /home/wwwroot/default/application/home/view/index/index.html [ array (
) ]
[ info ] [ LOG ] INIT File

---------------------------------------------------------------
[ 2017-03-24T14:25:11+08:00 ] 120.27.153.16 140.205.201.36 GET /rs-status
[ log ] 120.27.153.16:80/rs-status [运行时间：0.004131s][吞吐率：242.07req/s] [内存消耗：335.63kb] [文件加载：26]
[ info ] [ LANG ] /home/wwwroot/default/thinkphp/lang/zh-cn.php
[ info ] [ ROUTE ] array (
  'type' => 'module',
  'module' => 
  array (
    0 => 'rs-status',
    1 => NULL,
    2 => NULL,
  ),
)
[ info ] [ HEADER ] array (
  'referer' => 'http://120.27.153.16/',
  'user-agent' => 'Mozilla/4.0 (compatible; MSIE 6.0; Windows NT 5.1;Alibaba.Security.Heimdall.5448812)',
  'host' => '120.27.153.16:80',
  'accept' => '*/*',
  'connection' => 'keep-alive',
)
[ info ] [ PARAM ] array (
  '/rs-status' => '',
)
[ info ] [ LOG ] INIT File

---------------------------------------------------------------
[ 2017-03-24T14:25:21+08:00 ] 120.27.153.16 140.205.201.36 GET /master-status
[ log ] 120.27.153.16:80/master-status [运行时间：0.007049s][吞吐率：141.86req/s] [内存消耗：335.61kb] [文件加载：26]
[ info ] [ LANG ] /home/wwwroot/default/thinkphp/lang/zh-cn.php
[ info ] [ ROUTE ] array (
  'type' => 'module',
  'module' => 
  array (
    0 => 'master-status',
    1 => NULL,
    2 => NULL,
  ),
)
[ info ] [ HEADER ] array (
  'referer' => 'http://120.27.153.16/',
  'user-agent' => 'Mozilla/4.0 (compatible; MSIE 6.0; Windows NT 5.1;Alibaba.Security.Heimdall.5448812)',
  'host' => '120.27.153.16:80',
  'accept' => '*/*',
  'connection' => 'keep-alive',
)
[ info ] [ PARAM ] array (
  '/master-status' => '',
)
[ info ] [ LOG ] INIT File

---------------------------------------------------------------
[ 2017-03-24T14:25:37+08:00 ] 120.27.153.16 140.205.201.36 GET /solr/
[ log ] 120.27.153.16:80/solr/ [运行时间：0.003064s][吞吐率：326.38req/s] [内存消耗：335.60kb] [文件加载：26]
[ info ] [ LANG ] /home/wwwroot/default/thinkphp/lang/zh-cn.php
[ info ] [ ROUTE ] array (
  'type' => 'module',
  'module' => 
  array (
    0 => 'solr',
    1 => NULL,
    2 => NULL,
  ),
)
[ info ] [ HEADER ] array (
  'referer' => 'http://120.27.153.16/',
  'user-agent' => 'Mozilla/4.0 (compatible; MSIE 6.0; Windows NT 5.1;Alibaba.Security.Heimdall.5448812)',
  'host' => '120.27.153.16:80',
  'accept' => '*/*',
  'connection' => 'keep-alive',
)
[ info ] [ PARAM ] array (
  '/solr/' => '',
)
[ info ] [ LOG ] INIT File

---------------------------------------------------------------
[ 2017-03-24T14:25:53+08:00 ] 120.27.153.16 140.205.201.36 GET /info
[ log ] 120.27.153.16:80/info [运行时间：0.004576s][吞吐率：218.53req/s] [内存消耗：335.60kb] [文件加载：26]
[ info ] [ LANG ] /home/wwwroot/default/thinkphp/lang/zh-cn.php
[ info ] [ ROUTE ] array (
  'type' => 'module',
  'module' => 
  array (
    0 => 'info',
    1 => NULL,
    2 => NULL,
  ),
)
[ info ] [ HEADER ] array (
  'referer' => 'http://120.27.153.16/',
  'user-agent' => 'Mozilla/4.0 (compatible; MSIE 6.0; Windows NT 5.1;Alibaba.Security.Heimdall.5448812)',
  'host' => '120.27.153.16:80',
  'accept' => '*/*',
  'connection' => 'keep-alive',
)
[ info ] [ PARAM ] array (
  '/info' => '',
)
[ info ] [ LOG ] INIT File

---------------------------------------------------------------
[ 2017-03-24T14:26:06+08:00 ] 120.27.153.16 140.205.201.36 GET /dfshealth.html
[ log ] 120.27.153.16:80/dfshealth.html [运行时间：0.006180s][吞吐率：161.81req/s] [内存消耗：335.63kb] [文件加载：26]
[ info ] [ LANG ] /home/wwwroot/default/thinkphp/lang/zh-cn.php
[ info ] [ ROUTE ] array (
  'type' => 'module',
  'module' => 
  array (
    0 => 'dfshealth',
    1 => NULL,
    2 => NULL,
  ),
)
[ info ] [ HEADER ] array (
  'referer' => 'http://120.27.153.16/',
  'user-agent' => 'Mozilla/4.0 (compatible; MSIE 6.0; Windows NT 5.1;Alibaba.Security.Heimdall.5448812)',
  'host' => '120.27.153.16:80',
  'accept' => '*/*',
  'connection' => 'keep-alive',
)
[ info ] [ PARAM ] array (
  '/dfshealth_html' => '',
)
[ info ] [ LOG ] INIT File

---------------------------------------------------------------
[ 2017-03-24T14:41:58+08:00 ] 120.27.153.16 139.162.119.197 GET /
[ log ] 120.27.153.16/ [运行时间：0.006485s][吞吐率：154.20req/s] [内存消耗：426.88kb] [文件加载：34]
[ info ] [ LANG ] /home/wwwroot/default/thinkphp/lang/zh-cn.php
[ info ] [ ROUTE ] array (
  'type' => 'module',
  'module' => 
  array (
    0 => '',
    1 => NULL,
    2 => NULL,
  ),
)
[ info ] [ HEADER ] array (
  'host' => '120.27.153.16',
  'user-agent' => 'Mozilla/5.0 (Windows NT 10.0; WOW64) AppleWebKit/537.36 (KHTML, like Gecko) Chrome/50.0.2661.102 Safari/537.36',
  'connection' => 'close',
)
[ info ] [ PARAM ] array (
)
[ info ] [ RUN ] app\home\controller\Index->index[ /home/wwwroot/default/application/home/controller/Index.php ]
[ info ] [ SESSION ] INIT array (
  'id' => '',
  'var_session_id' => '',
  'prefix' => 'think',
  'type' => '',
  'auto_start' => true,
)
[ info ] [ VIEW ] /home/wwwroot/default/application/home/view/index/index.html [ array (
) ]
[ info ] [ LOG ] INIT File

---------------------------------------------------------------
[ 2017-03-24T14:49:21+08:00 ] 120.27.153.16 123.151.42.61 GET http://www.baidu.com/
[ log ] www.baidu.comhttp://www.baidu.com/ [运行时间：0.008705s][吞吐率：114.87req/s] [内存消耗：427.12kb] [文件加载：34]
[ info ] [ LANG ] /home/wwwroot/default/thinkphp/lang/zh-cn.php
[ info ] [ ROUTE ] array (
  'type' => 'module',
  'module' => 
  array (
    0 => '',
    1 => NULL,
    2 => NULL,
  ),
)
[ info ] [ HEADER ] array (
  'host' => 'www.baidu.com',
  'accept' => '*/*',
  'content-type' => 'text/html',
  'proxy-connection' => 'Keep-Alive',
  'content-length' => '0',
)
[ info ] [ PARAM ] array (
)
[ info ] [ RUN ] app\home\controller\Index->index[ /home/wwwroot/default/application/home/controller/Index.php ]
[ info ] [ SESSION ] INIT array (
  'id' => '',
  'var_session_id' => '',
  'prefix' => 'think',
  'type' => '',
  'auto_start' => true,
)
[ info ] [ VIEW ] /home/wwwroot/default/application/home/view/index/index.html [ array (
) ]
[ info ] [ LOG ] INIT File

---------------------------------------------------------------
[ 2017-03-24T15:27:25+08:00 ] 120.27.153.16 140.205.201.36 GET /j_acegi_security_check
[ log ] 120.27.153.16:80/j_acegi_security_check [运行时间：0.006162s][吞吐率：162.28req/s] [内存消耗：335.71kb] [文件加载：26]
[ info ] [ LANG ] /home/wwwroot/default/thinkphp/lang/zh-cn.php
[ info ] [ ROUTE ] array (
  'type' => 'module',
  'module' => 
  array (
    0 => 'j_acegi_security_check',
    1 => NULL,
    2 => NULL,
  ),
)
[ info ] [ HEADER ] array (
  'referer' => 'http://120.27.153.16/',
  'user-agent' => 'Mozilla/4.0 (compatible; MSIE 6.0; Windows NT 5.1;Alibaba.Security.Heimdall.5448812)',
  'host' => '120.27.153.16:80',
  'accept' => '*/*',
  'connection' => 'keep-alive',
)
[ info ] [ PARAM ] array (
  '/j_acegi_security_check' => '',
)
[ info ] [ LOG ] INIT File

---------------------------------------------------------------
[ 2017-03-24T16:00:24+08:00 ] 120.27.153.16 140.205.201.36 GET /admin/
[ log ] 120.27.153.16:80/admin/ [运行时间：0.003700s][吞吐率：270.27req/s] [内存消耗：429.30kb] [文件加载：37]
[ info ] [ LANG ] /home/wwwroot/default/thinkphp/lang/zh-cn.php
[ info ] [ ROUTE ] array (
  'type' => 'module',
  'module' => 
  array (
    0 => 'admin',
    1 => NULL,
    2 => NULL,
  ),
)
[ info ] [ HEADER ] array (
  'authorization' => 'Basic MTox',
  'referer' => 'http://120.27.153.16/',
  'user-agent' => 'Mozilla/4.0 (compatible; MSIE 6.0; Windows NT 5.1;Alibaba.Security.Heimdall.5448812)',
  'host' => '120.27.153.16:80',
  'accept' => '*/*',
  'connection' => 'keep-alive',
)
[ info ] [ PARAM ] array (
  '/admin/' => '',
)
[ info ] [ SESSION ] INIT array (
  'id' => '',
  'var_session_id' => '',
  'prefix' => 'think',
  'type' => '',
  'auto_start' => true,
)
[ info ] [ LOG ] INIT File

---------------------------------------------------------------
[ 2017-03-24T16:01:56+08:00 ] 120.27.153.16 140.205.201.36 GET /
[ log ] 120.27.153.16:80/ [运行时间：0.008064s][吞吐率：124.01req/s] [内存消耗：427.45kb] [文件加载：34]
[ info ] [ LANG ] /home/wwwroot/default/thinkphp/lang/zh-cn.php
[ info ] [ ROUTE ] array (
  'type' => 'module',
  'module' => 
  array (
    0 => '',
    1 => NULL,
    2 => NULL,
  ),
)
[ info ] [ HEADER ] array (
  'authorization' => 'Basic MTox',
  'referer' => 'http://120.27.153.16/',
  'user-agent' => 'Mozilla/4.0 (compatible; MSIE 6.0; Windows NT 5.1;Alibaba.Security.Heimdall.5448812)',
  'host' => '120.27.153.16:80',
  'accept' => '*/*',
  'connection' => 'keep-alive',
)
[ info ] [ PARAM ] array (
)
[ info ] [ RUN ] app\home\controller\Index->index[ /home/wwwroot/default/application/home/controller/Index.php ]
[ info ] [ SESSION ] INIT array (
  'id' => '',
  'var_session_id' => '',
  'prefix' => 'think',
  'type' => '',
  'auto_start' => true,
)
[ info ] [ VIEW ] /home/wwwroot/default/application/home/view/index/index.html [ array (
) ]
[ info ] [ LOG ] INIT File

---------------------------------------------------------------
[ 2017-03-24T16:57:56+08:00 ] 120.27.153.16 212.47.246.179 GET http://www.baidu.com/cache/global/img/gs.gif
[ log ] www.baidu.comhttp://www.baidu.com/cache/global/img/gs.gif [运行时间：0.006032s][吞吐率：165.78req/s] [内存消耗：334.84kb] [文件加载：26]
[ info ] [ LANG ] /home/wwwroot/default/thinkphp/lang/zh-cn.php
[ info ] [ ROUTE ] array (
  'type' => 'module',
  'module' => 
  array (
    0 => 'cache',
    1 => 'global',
    2 => 'img',
  ),
)
[ info ] [ HEADER ] array (
  'host' => 'www.baidu.com',
  'user-agent' => 'Mozilla',
  'if-modified-since' => 'Thu, 19 Apr 2012 09:51:20 GMT',
)
[ info ] [ PARAM ] array (
  '/cache/global/img/gs_gif' => '',
)
[ info ] [ LOG ] INIT File

---------------------------------------------------------------
[ 2017-03-24T18:05:37+08:00 ] 120.27.153.16 104.148.75.27 GET /
[ log ] www.tgfopai5.cn/ [运行时间：0.005513s][吞吐率：181.39req/s] [内存消耗：426.96kb] [文件加载：34]
[ info ] [ LANG ] /home/wwwroot/default/thinkphp/lang/zh-cn.php
[ info ] [ ROUTE ] array (
  'type' => 'module',
  'module' => 
  array (
    0 => '',
    1 => NULL,
    2 => NULL,
  ),
)
[ info ] [ HEADER ] array (
  'host' => 'www.tgfopai5.cn',
  'user-agent' => 'Mozilla/4.0 (compatible; MSIE 8.0; Windows NT 6.1; Trident/4.0; SLCC2; .NET CLR 2.0.50727; .NET CLR 3.5.30729; .NET CLR 3.0.30729; Media Center PC 6.0)',
  'accept' => '*/*',
)
[ info ] [ PARAM ] array (
)
[ info ] [ RUN ] app\home\controller\Index->index[ /home/wwwroot/default/application/home/controller/Index.php ]
[ info ] [ SESSION ] INIT array (
  'id' => '',
  'var_session_id' => '',
  'prefix' => 'think',
  'type' => '',
  'auto_start' => true,
)
[ info ] [ VIEW ] /home/wwwroot/default/application/home/view/index/index.html [ array (
) ]
[ info ] [ LOG ] INIT File

---------------------------------------------------------------
[ 2017-03-24T18:44:14+08:00 ] 120.27.153.16 139.162.124.167 GET /
[ log ] 120.27.153.16/ [运行时间：0.006824s][吞吐率：146.54req/s] [内存消耗：426.92kb] [文件加载：34]
[ info ] [ LANG ] /home/wwwroot/default/thinkphp/lang/zh-cn.php
[ info ] [ ROUTE ] array (
  'type' => 'module',
  'module' => 
  array (
    0 => '',
    1 => NULL,
    2 => NULL,
  ),
)
[ info ] [ HEADER ] array (
  'host' => '120.27.153.16',
  'user-agent' => 'Mozilla/5.0',
  'accept-encoding' => 'gzip',
  'connection' => 'close',
)
[ info ] [ PARAM ] array (
)
[ info ] [ RUN ] app\home\controller\Index->index[ /home/wwwroot/default/application/home/controller/Index.php ]
[ info ] [ SESSION ] INIT array (
  'id' => '',
  'var_session_id' => '',
  'prefix' => 'think',
  'type' => '',
  'auto_start' => true,
)
[ info ] [ VIEW ] /home/wwwroot/default/application/home/view/index/index.html [ array (
) ]
[ info ] [ LOG ] INIT File

---------------------------------------------------------------
[ 2017-03-24T19:13:07+08:00 ] 120.27.153.16 23.228.117.154 GET /
[ log ] www.tgfopai.cn/ [运行时间：0.007296s][吞吐率：137.06req/s] [内存消耗：426.95kb] [文件加载：34]
[ info ] [ LANG ] /home/wwwroot/default/thinkphp/lang/zh-cn.php
[ info ] [ ROUTE ] array (
  'type' => 'module',
  'module' => 
  array (
    0 => '',
    1 => NULL,
    2 => NULL,
  ),
)
[ info ] [ HEADER ] array (
  'host' => 'www.tgfopai.cn',
  'user-agent' => 'Mozilla/4.0 (compatible; MSIE 8.0; Windows NT 6.1; Trident/4.0; SLCC2; .NET CLR 2.0.50727; .NET CLR 3.5.30729; .NET CLR 3.0.30729; Media Center PC 6.0)',
  'accept' => '*/*',
)
[ info ] [ PARAM ] array (
)
[ info ] [ RUN ] app\home\controller\Index->index[ /home/wwwroot/default/application/home/controller/Index.php ]
[ info ] [ SESSION ] INIT array (
  'id' => '',
  'var_session_id' => '',
  'prefix' => 'think',
  'type' => '',
  'auto_start' => true,
)
[ info ] [ VIEW ] /home/wwwroot/default/application/home/view/index/index.html [ array (
) ]
[ info ] [ LOG ] INIT File

---------------------------------------------------------------
[ 2017-03-24T20:22:18+08:00 ] 120.27.153.16 222.186.50.156 GET /console/login/LoginForm.jsp
[ log ] 120.27.153.16/console/login/LoginForm.jsp [运行时间：0.007003s][吞吐率：142.80req/s] [内存消耗：335.74kb] [文件加载：26]
[ info ] [ LANG ] /home/wwwroot/default/thinkphp/lang/zh-cn.php
[ info ] [ ROUTE ] array (
  'type' => 'module',
  'module' => 
  array (
    0 => 'console',
    1 => 'login',
    2 => 'LoginForm.jsp',
  ),
)
[ info ] [ HEADER ] array (
  'host' => '120.27.153.16',
  'connection' => 'keep-alive',
  'accept-encoding' => 'gzip, deflate',
  'accept' => '*/*',
  'user-agent' => 'python-requests/2.7.0 CPython/2.7.0 Windows/2003Server',
)
[ info ] [ PARAM ] array (
  '/console/login/LoginForm_jsp' => '',
)
[ info ] [ LOG ] INIT File

---------------------------------------------------------------
[ 2017-03-24T20:50:06+08:00 ] 120.27.153.16 101.226.51.228 GET /
[ log ] 120.27.153.16/ [运行时间：0.006345s][吞吐率：157.60req/s] [内存消耗：427.59kb] [文件加载：34]
[ info ] [ LANG ] /home/wwwroot/default/thinkphp/lang/zh-cn.php
[ info ] [ ROUTE ] array (
  'type' => 'module',
  'module' => 
  array (
    0 => '',
    1 => NULL,
    2 => NULL,
  ),
)
[ info ] [ HEADER ] array (
  'user-agent' => 'Mozilla/5.0 (Macintosh; Intel Mac OS X 10_12_4) AppleWebKit/537.36 (KHTML, like Gecko) 			Chrome/55.0.2883.95 Safari/537.36',
  'accept' => '*/*',
  'accept-encoding' => 'gzip, deflate, sdch, br',
  'accept-language' => 'zh-CN,zh;q=0.8,en-US;q=0.6,en;q=0.4',
  'host' => '120.27.153.16',
  'connection' => 'keep-alive',
)
[ info ] [ PARAM ] array (
)
[ info ] [ RUN ] app\home\controller\Index->index[ /home/wwwroot/default/application/home/controller/Index.php ]
[ info ] [ SESSION ] INIT array (
  'id' => '',
  'var_session_id' => '',
  'prefix' => 'think',
  'type' => '',
  'auto_start' => true,
)
[ info ] [ VIEW ] /home/wwwroot/default/application/home/view/index/index.html [ array (
) ]
[ info ] [ LOG ] INIT File

---------------------------------------------------------------
[ 2017-03-24T20:50:06+08:00 ] 120.27.153.16 101.226.125.100 GET /
[ log ] 120.27.153.16/ [运行时间：0.002674s][吞吐率：373.96req/s] [内存消耗：427.58kb] [文件加载：34]
[ info ] [ LANG ] /home/wwwroot/default/thinkphp/lang/zh-cn.php
[ info ] [ ROUTE ] array (
  'type' => 'module',
  'module' => 
  array (
    0 => '',
    1 => NULL,
    2 => NULL,
  ),
)
[ info ] [ HEADER ] array (
  'user-agent' => 'Mozilla/5.0 (Macintosh; Intel Mac OS X 10_12_4) AppleWebKit/537.36 (KHTML, like Gecko) 			Chrome/55.0.2883.95 Safari/537.36',
  'accept' => '*/*',
  'accept-encoding' => 'gzip, deflate, sdch, br',
  'accept-language' => 'zh-CN,zh;q=0.8,en-US;q=0.6,en;q=0.4',
  'host' => '120.27.153.16',
  'connection' => 'keep-alive',
)
[ info ] [ PARAM ] array (
)
[ info ] [ RUN ] app\home\controller\Index->index[ /home/wwwroot/default/application/home/controller/Index.php ]
[ info ] [ SESSION ] INIT array (
  'id' => '',
  'var_session_id' => '',
  'prefix' => 'think',
  'type' => '',
  'auto_start' => true,
)
[ info ] [ VIEW ] /home/wwwroot/default/application/home/view/index/index.html [ array (
) ]
[ info ] [ LOG ] INIT File

---------------------------------------------------------------
[ 2017-03-24T20:50:07+08:00 ] 120.27.153.16 39.181.86.12 GET /
[ log ] 120.27.153.16/ [运行时间：0.005907s][吞吐率：169.29req/s] [内存消耗：427.87kb] [文件加载：34]
[ info ] [ LANG ] /home/wwwroot/default/thinkphp/lang/zh-cn.php
[ info ] [ ROUTE ] array (
  'type' => 'module',
  'module' => 
  array (
    0 => '',
    1 => NULL,
    2 => NULL,
  ),
)
[ info ] [ HEADER ] array (
  'host' => '120.27.153.16',
  'connection' => 'keep-alive',
  'upgrade-insecure-requests' => '1',
  'user-agent' => 'Mozilla/5.0 (Windows NT 6.1; WOW64) AppleWebKit/537.36 (KHTML, like Gecko) Chrome/56.0.2924.87 Safari/537.36',
  'accept' => 'text/html,application/xhtml+xml,application/xml;q=0.9,image/webp,*/*;q=0.8',
  'accept-encoding' => 'gzip, deflate, sdch',
  'accept-language' => 'zh-CN,zh;q=0.8',
)
[ info ] [ PARAM ] array (
)
[ info ] [ RUN ] app\home\controller\Index->index[ /home/wwwroot/default/application/home/controller/Index.php ]
[ info ] [ SESSION ] INIT array (
  'id' => '',
  'var_session_id' => '',
  'prefix' => 'think',
  'type' => '',
  'auto_start' => true,
)
[ info ] [ VIEW ] /home/wwwroot/default/application/home/view/index/index.html [ array (
) ]
[ info ] [ LOG ] INIT File

---------------------------------------------------------------
[ 2017-03-24T20:50:23+08:00 ] 120.27.153.16 39.181.86.12 GET /favicon.ico
[ log ] 120.27.153.16/favicon.ico [运行时间：0.006674s][吞吐率：149.83req/s] [内存消耗：336.70kb] [文件加载：26]
[ info ] [ LANG ] /home/wwwroot/default/thinkphp/lang/zh-cn.php
[ info ] [ ROUTE ] array (
  'type' => 'module',
  'module' => 
  array (
    0 => 'favicon.ico',
    1 => NULL,
    2 => NULL,
  ),
)
[ info ] [ HEADER ] array (
  'host' => '120.27.153.16',
  'connection' => 'keep-alive',
  'user-agent' => 'Mozilla/5.0 (Windows NT 6.1; WOW64) AppleWebKit/537.36 (KHTML, like Gecko) Chrome/56.0.2924.87 Safari/537.36',
  'accept' => 'image/webp,image/*,*/*;q=0.8',
  'referer' => 'http://120.27.153.16/',
  'accept-encoding' => 'gzip, deflate, sdch',
  'accept-language' => 'zh-CN,zh;q=0.8',
  'cookie' => 'PHPSESSID=k12npi6k88q1ft18fokt7ebrr1',
)
[ info ] [ PARAM ] array (
  '/favicon_ico' => '',
)
[ info ] [ LOG ] INIT File

---------------------------------------------------------------
[ 2017-03-24T20:51:05+08:00 ] 120.27.153.16 39.181.86.12 POST /home/index/login_run.html
[ log ] 120.27.153.16/home/index/login_run.html [运行时间：0.013298s][吞吐率：75.20req/s] [内存消耗：638.27kb] [文件加载：43]
[ info ] [ LANG ] /home/wwwroot/default/thinkphp/lang/zh-cn.php
[ info ] [ ROUTE ] array (
  'type' => 'module',
  'module' => 
  array (
    0 => 'home',
    1 => 'index',
    2 => 'login_run',
  ),
)
[ info ] [ HEADER ] array (
  'host' => '120.27.153.16',
  'connection' => 'keep-alive',
  'content-length' => '31',
  'cache-control' => 'max-age=0',
  'origin' => 'http://120.27.153.16',
  'upgrade-insecure-requests' => '1',
  'user-agent' => 'Mozilla/5.0 (Windows NT 6.1; WOW64) AppleWebKit/537.36 (KHTML, like Gecko) Chrome/56.0.2924.87 Safari/537.36',
  'content-type' => 'application/x-www-form-urlencoded',
  'accept' => 'text/html,application/xhtml+xml,application/xml;q=0.9,image/webp,*/*;q=0.8',
  'referer' => 'http://120.27.153.16/',
  'accept-encoding' => 'gzip, deflate',
  'accept-language' => 'zh-CN,zh;q=0.8',
  'cookie' => 'PHPSESSID=k12npi6k88q1ft18fokt7ebrr1',
)
[ info ] [ PARAM ] array (
  '/home/index/login_run_html' => '',
  'email' => 'root',
  'password' => '1515TPXIwym',
)
[ info ] [ RUN ] app\home\controller\Index->login_run[ /home/wwwroot/default/application/home/controller/Index.php ]
[ info ] [ DB ] INIT mysql
[ info ] [ VIEW ] /home/wwwroot/default/thinkphp/tpl/dispatch_jump.tpl [ array (
  0 => 'code',
  1 => 'msg',
  2 => 'data',
  3 => 'url',
  4 => 'wait',
) ]
[ info ] [ LOG ] INIT File
[ sql ] [ DB ] CONNECT:[ UseTime:0.000827s ] mysql:dbname=thinkphp;host=127.0.0.1;port=3306;charset=utf8
[ sql ] [ SQL ] SHOW COLUMNS FROM `xx_user` [ RunTime:0.004084s ]
[ sql ] [ SQL ] SELECT * FROM `xx_user` WHERE  `email` = 'root' LIMIT 1 [ RunTime:0.000544s ]

---------------------------------------------------------------
[ 2017-03-24T20:51:08+08:00 ] 120.27.153.16 39.181.86.12 GET /
[ log ] 120.27.153.16/ [运行时间：0.003873s][吞吐率：258.19req/s] [内存消耗：427.93kb] [文件加载：34]
[ info ] [ LANG ] /home/wwwroot/default/thinkphp/lang/zh-cn.php
[ info ] [ ROUTE ] array (
  'type' => 'module',
  'module' => 
  array (
    0 => '',
    1 => NULL,
    2 => NULL,
  ),
)
[ info ] [ HEADER ] array (
  'host' => '120.27.153.16',
  'connection' => 'keep-alive',
  'upgrade-insecure-requests' => '1',
  'user-agent' => 'Mozilla/5.0 (Windows NT 6.1; WOW64) AppleWebKit/537.36 (KHTML, like Gecko) Chrome/56.0.2924.87 Safari/537.36',
  'accept' => 'text/html,application/xhtml+xml,application/xml;q=0.9,image/webp,*/*;q=0.8',
  'accept-encoding' => 'gzip, deflate, sdch',
  'accept-language' => 'zh-CN,zh;q=0.8',
  'cookie' => 'PHPSESSID=k12npi6k88q1ft18fokt7ebrr1',
)
[ info ] [ PARAM ] array (
)
[ info ] [ RUN ] app\home\controller\Index->index[ /home/wwwroot/default/application/home/controller/Index.php ]
[ info ] [ SESSION ] INIT array (
  'id' => '',
  'var_session_id' => '',
  'prefix' => 'think',
  'type' => '',
  'auto_start' => true,
)
[ info ] [ VIEW ] /home/wwwroot/default/application/home/view/index/index.html [ array (
) ]
[ info ] [ LOG ] INIT File

---------------------------------------------------------------
[ 2017-03-24T20:55:29+08:00 ] 120.27.153.16 42.227.86.192 GET /
[ log ] 120.27.153.16/ [运行时间：0.005959s][吞吐率：167.81req/s] [内存消耗：427.55kb] [文件加载：34]
[ info ] [ LANG ] /home/wwwroot/default/thinkphp/lang/zh-cn.php
[ info ] [ ROUTE ] array (
  'type' => 'module',
  'module' => 
  array (
    0 => '',
    1 => NULL,
    2 => NULL,
  ),
)
[ info ] [ HEADER ] array (
  'accept-language' => 'zh-CN,zh;q=0.8,en-US;q=0.6,en;q=0.4',
  'accept' => '*/*',
  'user-agent' => 'Mozilla/5.0 (Windows NT 6.1; WOW64) AppleWebKit/537.36 (KHTML, like Gecko) Chrome/45.0.2454.101 Safari/537.36',
  'host' => '120.27.153.16',
  'accept-encoding' => 'gzip, deflate, sdch, br',
  'connection' => 'Close',
)
[ info ] [ PARAM ] array (
)
[ info ] [ RUN ] app\home\controller\Index->index[ /home/wwwroot/default/application/home/controller/Index.php ]
[ info ] [ SESSION ] INIT array (
  'id' => '',
  'var_session_id' => '',
  'prefix' => 'think',
  'type' => '',
  'auto_start' => true,
)
[ info ] [ VIEW ] /home/wwwroot/default/application/home/view/index/index.html [ array (
) ]
[ info ] [ LOG ] INIT File

---------------------------------------------------------------
[ 2017-03-24T21:07:41+08:00 ] 120.27.153.16 107.179.45.57 GET /
[ log ] 120.27.153.16/ [运行时间：0.007154s][吞吐率：139.78req/s] [内存消耗：427.68kb] [文件加载：34]
[ info ] [ LANG ] /home/wwwroot/default/thinkphp/lang/zh-cn.php
[ info ] [ ROUTE ] array (
  'type' => 'module',
  'module' => 
  array (
    0 => '',
    1 => NULL,
    2 => NULL,
  ),
)
[ info ] [ HEADER ] array (
  'accept' => '*/*',
  'referer' => 'http://120.27.153.16:80/',
  'accept-language' => 'zh-cn',
  'content-type' => 'application/x-www-form-urlencoded',
  'user-agent' => 'Mozilla/4.0 (compatible; MSIE 9.0; Windows NT 6.1)',
  'host' => '120.27.153.16',
  'cache-control' => 'no-cache',
)
[ info ] [ PARAM ] array (
)
[ info ] [ RUN ] app\home\controller\Index->index[ /home/wwwroot/default/application/home/controller/Index.php ]
[ info ] [ SESSION ] INIT array (
  'id' => '',
  'var_session_id' => '',
  'prefix' => 'think',
  'type' => '',
  'auto_start' => true,
)
[ info ] [ VIEW ] /home/wwwroot/default/application/home/view/index/index.html [ array (
) ]
[ info ] [ LOG ] INIT File

---------------------------------------------------------------
[ 2017-03-24T22:39:32+08:00 ] 120.27.153.16 140.205.201.30 POST /crzelfpqgoid
[ log ] 120.27.153.16:80/crzelfpqgoid [运行时间：0.006116s][吞吐率：163.51req/s] [内存消耗：335.48kb] [文件加载：26]
[ info ] [ LANG ] /home/wwwroot/default/thinkphp/lang/zh-cn.php
[ info ] [ ROUTE ] array (
  'type' => 'module',
  'module' => 
  array (
    0 => 'crzelfpqgoid',
    1 => NULL,
    2 => NULL,
  ),
)
[ info ] [ HEADER ] array (
  'accept-encoding' => 'identity',
  'content-length' => '22',
  'host' => '120.27.153.16:80',
  'content-type' => 'application/x-www-form-urlencoded',
  'connection' => 'close',
  'user-agent' => 'Mozilla/4.0 (compatible; MSIE 6.0; Windows NT 5.1;Alibaba.Security.Heimdall.4015170.elasticsearch_unauthorized)',
)
[ info ] [ PARAM ] array (
  '/crzelfpqgoid' => '',
  '{"aliyun":_"vulntest"}' => '',
)
[ info ] [ LOG ] INIT File

---------------------------------------------------------------
[ 2017-03-24T22:39:32+08:00 ] 120.27.153.16 140.205.201.30 GET /crzelfpqgoid
[ log ] 120.27.153.16:80/crzelfpqgoid [运行时间：0.005496s][吞吐率：181.95req/s] [内存消耗：335.13kb] [文件加载：26]
[ info ] [ LANG ] /home/wwwroot/default/thinkphp/lang/zh-cn.php
[ info ] [ ROUTE ] array (
  'type' => 'module',
  'module' => 
  array (
    0 => 'crzelfpqgoid',
    1 => NULL,
    2 => NULL,
  ),
)
[ info ] [ HEADER ] array (
  'accept-encoding' => 'identity',
  'host' => '120.27.153.16:80',
  'connection' => 'close',
  'user-agent' => 'Mozilla/4.0 (compatible; MSIE 6.0; Windows NT 5.1;Alibaba.Security.Heimdall.4015170.elasticsearch_unauthorized)',
)
[ info ] [ PARAM ] array (
  '/crzelfpqgoid' => '',
)
[ info ] [ LOG ] INIT File

---------------------------------------------------------------
[ 2017-03-24T22:39:32+08:00 ] 120.27.153.16 140.205.201.30 DELETE /crzelfpqgoid
[ log ] 120.27.153.16:80/crzelfpqgoid [运行时间：0.005458s][吞吐率：183.21req/s] [内存消耗：335.31kb] [文件加载：26]
[ info ] [ LANG ] /home/wwwroot/default/thinkphp/lang/zh-cn.php
[ info ] [ ROUTE ] array (
  'type' => 'module',
  'module' => 
  array (
    0 => 'crzelfpqgoid',
    1 => NULL,
    2 => NULL,
  ),
)
[ info ] [ HEADER ] array (
  'accept-encoding' => 'identity',
  'host' => '120.27.153.16:80',
  'connection' => 'close',
  'user-agent' => 'Mozilla/4.0 (compatible; MSIE 6.0; Windows NT 5.1;Alibaba.Security.Heimdall.4015170.elasticsearch_unauthorized)',
)
[ info ] [ PARAM ] array (
  '/crzelfpqgoid' => '',
)
[ info ] [ LOG ] INIT File

---------------------------------------------------------------
[ 2017-03-24T22:39:41+08:00 ] 120.27.153.16 140.205.201.30 GET /
[ log ] 120.27.153.16/ [运行时间：0.003330s][吞吐率：300.30req/s] [内存消耗：427.22kb] [文件加载：34]
[ info ] [ LANG ] /home/wwwroot/default/thinkphp/lang/zh-cn.php
[ info ] [ ROUTE ] array (
  'type' => 'module',
  'module' => 
  array (
    0 => '',
    1 => NULL,
    2 => NULL,
  ),
)
[ info ] [ HEADER ] array (
  'referer' => 'http://120.27.153.16',
  'user-agent' => 'Mozilla/4.0 (compatible; MSIE 6.0; Windows NT 5.1;Alibaba.Security.Heimdall.4015170)',
  'host' => '120.27.153.16',
  'accept' => '*/*',
  'connection' => 'keep-alive',
)
[ info ] [ PARAM ] array (
)
[ info ] [ RUN ] app\home\controller\Index->index[ /home/wwwroot/default/application/home/controller/Index.php ]
[ info ] [ SESSION ] INIT array (
  'id' => '',
  'var_session_id' => '',
  'prefix' => 'think',
  'type' => '',
  'auto_start' => true,
)
[ info ] [ VIEW ] /home/wwwroot/default/application/home/view/index/index.html [ array (
) ]
[ info ] [ LOG ] INIT File

---------------------------------------------------------------
[ 2017-03-24T22:41:38+08:00 ] 120.27.153.16 140.205.201.30 GET /dfshealth.jsp
[ log ] 120.27.153.16:80/dfshealth.jsp [运行时间：0.005822s][吞吐率：171.76req/s] [内存消耗：335.61kb] [文件加载：26]
[ info ] [ LANG ] /home/wwwroot/default/thinkphp/lang/zh-cn.php
[ info ] [ ROUTE ] array (
  'type' => 'module',
  'module' => 
  array (
    0 => 'dfshealth.jsp',
    1 => NULL,
    2 => NULL,
  ),
)
[ info ] [ HEADER ] array (
  'referer' => 'http://120.27.153.16',
  'user-agent' => 'Mozilla/4.0 (compatible; MSIE 6.0; Windows NT 5.1;Alibaba.Security.Heimdall.4015170)',
  'host' => '120.27.153.16:80',
  'accept' => '*/*',
  'connection' => 'keep-alive',
)
[ info ] [ PARAM ] array (
  '/dfshealth_jsp' => '',
)
[ info ] [ LOG ] INIT File

---------------------------------------------------------------
