[ 2017-03-27T01:15:28+08:00 ] 120.27.153.16 107.179.45.57 GET /
[ log ] 120.27.153.16/ [运行时间：0.006569s][吞吐率：152.23req/s] [内存消耗：427.68kb] [文件加载：34]
[ info ] [ LANG ] /home/wwwroot/default/thinkphp/lang/zh-cn.php
[ info ] [ ROUTE ] array (
  'type' => 'module',
  'module' => 
  array (
    0 => '',
    1 => NULL,
    2 => NULL,
  ),
)
[ info ] [ HEADER ] array (
  'accept' => '*/*',
  'referer' => 'http://120.27.153.16:80/',
  'accept-language' => 'zh-cn',
  'content-type' => 'application/x-www-form-urlencoded',
  'user-agent' => 'Mozilla/4.0 (compatible; MSIE 9.0; Windows NT 6.1)',
  'host' => '120.27.153.16',
  'cache-control' => 'no-cache',
)
[ info ] [ PARAM ] array (
)
[ info ] [ RUN ] app\home\controller\Index->index[ /home/wwwroot/default/application/home/controller/Index.php ]
[ info ] [ SESSION ] INIT array (
  'id' => '',
  'var_session_id' => '',
  'prefix' => 'think',
  'type' => '',
  'auto_start' => true,
)
[ info ] [ VIEW ] /home/wwwroot/default/application/home/view/index/index.html [ array (
) ]
[ info ] [ LOG ] INIT File

---------------------------------------------------------------
[ 2017-03-27T02:15:40+08:00 ] 120.27.153.16 183.136.190.40 GET /
[ log ] mallapi.edianlai.com/ [运行时间：0.006354s][吞吐率：157.38req/s] [内存消耗：427.83kb] [文件加载：34]
[ info ] [ LANG ] /home/wwwroot/default/thinkphp/lang/zh-cn.php
[ info ] [ ROUTE ] array (
  'type' => 'module',
  'module' => 
  array (
    0 => '',
    1 => NULL,
    2 => NULL,
  ),
)
[ info ] [ HEADER ] array (
  'host' => 'mallapi.edianlai.com',
  'user-agent' => 'Mozilla/5.0 (Windows NT 6.1) AppleWebKit/537.36 (KHTML, like Gecko) Chrome/35.0.1916.153 Safari/537.36',
  'accept' => 'text/html,application/xhtml+xml,application/xml;q=0.9,image/webp,*/*;q=0.8',
  'accept-encoding' => '',
  'accept-language' => 'zh-CN,zh;q=0.8',
  'cache-control' => 'max-age=0',
  'connection' => 'close',
)
[ info ] [ PARAM ] array (
)
[ info ] [ RUN ] app\home\controller\Index->index[ /home/wwwroot/default/application/home/controller/Index.php ]
[ info ] [ SESSION ] INIT array (
  'id' => '',
  'var_session_id' => '',
  'prefix' => 'think',
  'type' => '',
  'auto_start' => true,
)
[ info ] [ VIEW ] /home/wwwroot/default/application/home/view/index/index.html [ array (
) ]
[ info ] [ LOG ] INIT File

---------------------------------------------------------------
[ 2017-03-27T06:22:59+08:00 ] 120.27.153.16 182.48.105.210 GET /
[ log ] 120.27.153.16/ [运行时间：0.007073s][吞吐率：141.38req/s] [内存消耗：427.65kb] [文件加载：34]
[ info ] [ LANG ] /home/wwwroot/default/thinkphp/lang/zh-cn.php
[ info ] [ ROUTE ] array (
  'type' => 'module',
  'module' => 
  array (
    0 => '',
    1 => NULL,
    2 => NULL,
  ),
)
[ info ] [ HEADER ] array (
  'host' => '120.27.153.16',
  'connection' => 'Close',
  'user-agent' => 'Mozilla/5.0 (compatible; MSIE 9.0; Windows NT 6.1; Win64; x64; Trident/5.0)',
  'accept-language' => 'en-US,en;q=0.5',
  'accept-encoding' => 'none',
  'referer' => 'http://120.27.153.16:80',
  'cookie' => 'a',
)
[ info ] [ PARAM ] array (
)
[ info ] [ RUN ] app\home\controller\Index->index[ /home/wwwroot/default/application/home/controller/Index.php ]
[ info ] [ SESSION ] INIT array (
  'id' => '',
  'var_session_id' => '',
  'prefix' => 'think',
  'type' => '',
  'auto_start' => true,
)
[ info ] [ VIEW ] /home/wwwroot/default/application/home/view/index/index.html [ array (
) ]
[ info ] [ LOG ] INIT File

---------------------------------------------------------------
[ 2017-03-27T07:08:03+08:00 ] 120.27.153.16 60.191.52.230 GET /
[ log ] 120.27.153.16/ [运行时间：0.005982s][吞吐率：167.17req/s] [内存消耗：427.07kb] [文件加载：34]
[ info ] [ LANG ] /home/wwwroot/default/thinkphp/lang/zh-cn.php
[ info ] [ ROUTE ] array (
  'type' => 'module',
  'module' => 
  array (
    0 => '',
    1 => NULL,
    2 => NULL,
  ),
)
[ info ] [ HEADER ] array (
  'host' => '120.27.153.16',
  'connection' => 'Keep-Alive',
  'accept-encoding' => 'gzip, deflate',
  'user-agent' => 'Mozilla/5.0 (X11; Linux x86_64) AppleWebKit/537.36 (KHTML, like Gecko) Chrome/47.0.2526.73 Safari/537.36',
)
[ info ] [ PARAM ] array (
)
[ info ] [ RUN ] app\home\controller\Index->index[ /home/wwwroot/default/application/home/controller/Index.php ]
[ info ] [ SESSION ] INIT array (
  'id' => '',
  'var_session_id' => '',
  'prefix' => 'think',
  'type' => '',
  'auto_start' => true,
)
[ info ] [ VIEW ] /home/wwwroot/default/application/home/view/index/index.html [ array (
) ]
[ info ] [ LOG ] INIT File

---------------------------------------------------------------
[ 2017-03-27T07:29:11+08:00 ] 120.27.153.16 177.53.74.74 GET /
[ log ] 120.027.153.016/ [运行时间：0.006920s][吞吐率：144.51req/s] [内存消耗：426.80kb] [文件加载：34]
[ info ] [ LANG ] /home/wwwroot/default/thinkphp/lang/zh-cn.php
[ info ] [ ROUTE ] array (
  'type' => 'module',
  'module' => 
  array (
    0 => '',
    1 => NULL,
    2 => NULL,
  ),
)
[ info ] [ HEADER ] array (
  'user-agent' => 'curl/7.17.1 (mips-unknown-linux-gnu) libcurl/7.17.1 OpenSSL/0.9.8i zlib/1.2.3',
  'host' => '120.027.153.016',
  'accept' => '*/*',
)
[ info ] [ PARAM ] array (
)
[ info ] [ RUN ] app\home\controller\Index->index[ /home/wwwroot/default/application/home/controller/Index.php ]
[ info ] [ SESSION ] INIT array (
  'id' => '',
  'var_session_id' => '',
  'prefix' => 'think',
  'type' => '',
  'auto_start' => true,
)
[ info ] [ VIEW ] /home/wwwroot/default/application/home/view/index/index.html [ array (
) ]
[ info ] [ LOG ] INIT File

---------------------------------------------------------------
[ 2017-03-27T08:33:48+08:00 ] 120.27.153.16 59.110.6.177 GET /
[ log ] 59.110.10.26:80/ [运行时间：0.006785s][吞吐率：147.38req/s] [内存消耗：426.70kb] [文件加载：34]
[ info ] [ LANG ] /home/wwwroot/default/thinkphp/lang/zh-cn.php
[ info ] [ ROUTE ] array (
  'type' => 'module',
  'module' => 
  array (
    0 => '',
    1 => NULL,
    2 => NULL,
  ),
)
[ info ] [ HEADER ] array (
  'host' => '59.110.10.26:80',
  'connection' => 'Close',
  'accept-encoding' => 'identity',
)
[ info ] [ PARAM ] array (
)
[ info ] [ RUN ] app\home\controller\Index->index[ /home/wwwroot/default/application/home/controller/Index.php ]
[ info ] [ SESSION ] INIT array (
  'id' => '',
  'var_session_id' => '',
  'prefix' => 'think',
  'type' => '',
  'auto_start' => true,
)
[ info ] [ VIEW ] /home/wwwroot/default/application/home/view/index/index.html [ array (
) ]
[ info ] [ LOG ] INIT File

---------------------------------------------------------------
[ 2017-03-27T08:45:02+08:00 ] 120.27.153.16 111.73.46.169 HEAD /pmd/
[ log ] 120.27.153.16/pmd/ [运行时间：0.004665s][吞吐率：214.36req/s] [内存消耗：334.13kb] [文件加载：26]
[ info ] [ LANG ] /home/wwwroot/default/thinkphp/lang/zh-cn.php
[ info ] [ ROUTE ] array (
  'type' => 'module',
  'module' => 
  array (
    0 => 'pmd',
    1 => NULL,
    2 => NULL,
  ),
)
[ info ] [ HEADER ] array (
  'host' => '120.27.153.16',
  'connection' => 'Keep-Alive',
)
[ info ] [ PARAM ] array (
  '/pmd/' => '',
)
[ info ] [ LOG ] INIT File

---------------------------------------------------------------
[ 2017-03-27T09:45:02+08:00 ] 120.27.153.16 139.162.108.53 GET /
[ log ] 120.27.153.16/ [运行时间：0.006680s][吞吐率：149.70req/s] [内存消耗：426.88kb] [文件加载：34]
[ info ] [ LANG ] /home/wwwroot/default/thinkphp/lang/zh-cn.php
[ info ] [ ROUTE ] array (
  'type' => 'module',
  'module' => 
  array (
    0 => '',
    1 => NULL,
    2 => NULL,
  ),
)
[ info ] [ HEADER ] array (
  'host' => '120.27.153.16',
  'user-agent' => 'Mozilla/5.0 (Windows NT 10.0; WOW64) AppleWebKit/537.36 (KHTML, like Gecko) Chrome/50.0.2661.102 Safari/537.36',
  'connection' => 'close',
)
[ info ] [ PARAM ] array (
)
[ info ] [ RUN ] app\home\controller\Index->index[ /home/wwwroot/default/application/home/controller/Index.php ]
[ info ] [ SESSION ] INIT array (
  'id' => '',
  'var_session_id' => '',
  'prefix' => 'think',
  'type' => '',
  'auto_start' => true,
)
[ info ] [ VIEW ] /home/wwwroot/default/application/home/view/index/index.html [ array (
) ]
[ info ] [ LOG ] INIT File

---------------------------------------------------------------
[ 2017-03-27T10:21:20+08:00 ] 120.27.153.16 120.26.55.211 GET /
[ log ] 120.27.153.16:80/ [运行时间：0.006288s][吞吐率：159.04req/s] [内存消耗：427.65kb] [文件加载：34]
[ info ] [ LANG ] /home/wwwroot/default/thinkphp/lang/zh-cn.php
[ info ] [ ROUTE ] array (
  'type' => 'module',
  'module' => 
  array (
    0 => '',
    1 => NULL,
    2 => NULL,
  ),
)
[ info ] [ HEADER ] array (
  'host' => '120.27.153.16:80',
  'content-type' => 'multipart/form-data; boundary=-333053153',
  'content-length' => '423',
)
[ info ] [ PARAM ] array (
)
[ info ] [ RUN ] app\home\controller\Index->index[ /home/wwwroot/default/application/home/controller/Index.php ]
[ info ] [ SESSION ] INIT array (
  'id' => '',
  'var_session_id' => '',
  'prefix' => 'think',
  'type' => '',
  'auto_start' => true,
)
[ info ] [ VIEW ] /home/wwwroot/default/application/home/view/index/index.html [ array (
) ]
[ info ] [ LOG ] INIT File

---------------------------------------------------------------
[ 2017-03-27T10:30:01+08:00 ] 120.27.153.16 120.26.55.211 GET /
[ log ] 120.27.153.16:80/ [运行时间：0.005617s][吞吐率：178.03req/s] [内存消耗：427.05kb] [文件加载：34]
[ info ] [ LANG ] /home/wwwroot/default/thinkphp/lang/zh-cn.php
[ info ] [ ROUTE ] array (
  'type' => 'module',
  'module' => 
  array (
    0 => '',
    1 => NULL,
    2 => NULL,
  ),
)
[ info ] [ HEADER ] array (
  'host' => '120.27.153.16:80',
  'content-type' => '${(#x0=\'multipart/form-data\').(#a1=642931843).(#a2=918028484).(#a3=#a1+#a2).(#a4=\'ttpServletResponse\').(#a6=\'com.opensympho\').(#a5=\'ny.xwork2.dispatcher.H\').(#a7=#a6+#a5+#a4).(#a8=\'un\').(#a9=\'_aliy\').(#a10=#a9+#a8).(#x1=#context[#a7].getWriter()).(#x1.print(#a3+#a10)).(#x1.close())}',
)
[ info ] [ PARAM ] array (
)
[ info ] [ RUN ] app\home\controller\Index->index[ /home/wwwroot/default/application/home/controller/Index.php ]
[ info ] [ SESSION ] INIT array (
  'id' => '',
  'var_session_id' => '',
  'prefix' => 'think',
  'type' => '',
  'auto_start' => true,
)
[ info ] [ VIEW ] /home/wwwroot/default/application/home/view/index/index.html [ array (
) ]
[ info ] [ LOG ] INIT File

---------------------------------------------------------------
[ 2017-03-27T10:56:40+08:00 ] 120.27.153.16 40.71.205.91 GET /muieblackcat
[ log ] 120.27.153.16/muieblackcat [运行时间：0.003549s][吞吐率：281.76req/s] [内存消耗：335.47kb] [文件加载：26]
[ info ] [ LANG ] /home/wwwroot/default/thinkphp/lang/zh-cn.php
[ info ] [ ROUTE ] array (
  'type' => 'module',
  'module' => 
  array (
    0 => 'muieblackcat',
    1 => NULL,
    2 => NULL,
  ),
)
[ info ] [ HEADER ] array (
  'accept' => '*/*',
  'accept-language' => 'en-us',
  'accept-encoding' => 'gzip, deflate',
  'host' => '120.27.153.16',
  'connection' => 'Close',
)
[ info ] [ PARAM ] array (
  '/muieblackcat' => '',
)
[ info ] [ LOG ] INIT File

---------------------------------------------------------------
[ 2017-03-27T10:56:42+08:00 ] 120.27.153.16 40.71.205.91 GET //pma/scripts/setup.php
[ log ] 120.27.153.16//pma/scripts/setup.php [运行时间：0.006912s][吞吐率：144.68req/s] [内存消耗：335.65kb] [文件加载：26]
[ info ] [ LANG ] /home/wwwroot/default/thinkphp/lang/zh-cn.php
[ info ] [ ROUTE ] array (
  'type' => 'module',
  'module' => 
  array (
    0 => 'pma',
    1 => 'scripts',
    2 => 'setup.php',
  ),
)
[ info ] [ HEADER ] array (
  'accept' => '*/*',
  'accept-language' => 'en-us',
  'accept-encoding' => 'gzip, deflate',
  'host' => '120.27.153.16',
  'connection' => 'Close',
)
[ info ] [ PARAM ] array (
  '/pma/scripts/setup_php' => '',
)
[ info ] [ LOG ] INIT File

---------------------------------------------------------------
[ 2017-03-27T14:34:21+08:00 ] 120.27.153.16 140.205.225.186 POST /sjdyvlbweuxp
[ log ] 120.27.153.16:80/sjdyvlbweuxp [运行时间：0.006369s][吞吐率：157.01req/s] [内存消耗：335.48kb] [文件加载：26]
[ info ] [ LANG ] /home/wwwroot/default/thinkphp/lang/zh-cn.php
[ info ] [ ROUTE ] array (
  'type' => 'module',
  'module' => 
  array (
    0 => 'sjdyvlbweuxp',
    1 => NULL,
    2 => NULL,
  ),
)
[ info ] [ HEADER ] array (
  'accept-encoding' => 'identity',
  'content-length' => '22',
  'host' => '120.27.153.16:80',
  'content-type' => 'application/x-www-form-urlencoded',
  'connection' => 'close',
  'user-agent' => 'Mozilla/4.0 (compatible; MSIE 6.0; Windows NT 5.1;Alibaba.Security.Heimdall.5448812.elasticsearch_unauthorized)',
)
[ info ] [ PARAM ] array (
  '/sjdyvlbweuxp' => '',
  '{"aliyun":_"vulntest"}' => '',
)
[ info ] [ LOG ] INIT File

---------------------------------------------------------------
[ 2017-03-27T14:34:21+08:00 ] 120.27.153.16 140.205.225.186 GET /sjdyvlbweuxp
[ log ] 120.27.153.16:80/sjdyvlbweuxp [运行时间：0.006153s][吞吐率：162.53req/s] [内存消耗：335.13kb] [文件加载：26]
[ info ] [ LANG ] /home/wwwroot/default/thinkphp/lang/zh-cn.php
[ info ] [ ROUTE ] array (
  'type' => 'module',
  'module' => 
  array (
    0 => 'sjdyvlbweuxp',
    1 => NULL,
    2 => NULL,
  ),
)
[ info ] [ HEADER ] array (
  'accept-encoding' => 'identity',
  'host' => '120.27.153.16:80',
  'connection' => 'close',
  'user-agent' => 'Mozilla/4.0 (compatible; MSIE 6.0; Windows NT 5.1;Alibaba.Security.Heimdall.5448812.elasticsearch_unauthorized)',
)
[ info ] [ PARAM ] array (
  '/sjdyvlbweuxp' => '',
)
[ info ] [ LOG ] INIT File

---------------------------------------------------------------
[ 2017-03-27T14:34:21+08:00 ] 120.27.153.16 140.205.225.186 DELETE /sjdyvlbweuxp
[ log ] 120.27.153.16:80/sjdyvlbweuxp [运行时间：0.005960s][吞吐率：167.79req/s] [内存消耗：335.31kb] [文件加载：26]
[ info ] [ LANG ] /home/wwwroot/default/thinkphp/lang/zh-cn.php
[ info ] [ ROUTE ] array (
  'type' => 'module',
  'module' => 
  array (
    0 => 'sjdyvlbweuxp',
    1 => NULL,
    2 => NULL,
  ),
)
[ info ] [ HEADER ] array (
  'accept-encoding' => 'identity',
  'host' => '120.27.153.16:80',
  'connection' => 'close',
  'user-agent' => 'Mozilla/4.0 (compatible; MSIE 6.0; Windows NT 5.1;Alibaba.Security.Heimdall.5448812.elasticsearch_unauthorized)',
)
[ info ] [ PARAM ] array (
  '/sjdyvlbweuxp' => '',
)
[ info ] [ LOG ] INIT File

---------------------------------------------------------------
[ 2017-03-27T14:34:24+08:00 ] 120.27.153.16 140.205.225.186 GET /warning
[ log ] 120.27.153.16:80/warning [运行时间：0.007057s][吞吐率：141.70req/s] [内存消耗：335.61kb] [文件加载：26]
[ info ] [ LANG ] /home/wwwroot/default/thinkphp/lang/zh-cn.php
[ info ] [ ROUTE ] array (
  'type' => 'module',
  'module' => 
  array (
    0 => 'warning',
    1 => NULL,
    2 => NULL,
  ),
)
[ info ] [ HEADER ] array (
  'referer' => 'http://120.27.153.16/',
  'user-agent' => 'Mozilla/4.0 (compatible; MSIE 6.0; Windows NT 5.1;Alibaba.Security.Heimdall.5448812)',
  'host' => '120.27.153.16:80',
  'accept' => '*/*',
  'connection' => 'keep-alive',
)
[ info ] [ PARAM ] array (
  '/warning' => '',
)
[ info ] [ LOG ] INIT File

---------------------------------------------------------------
[ 2017-03-27T14:39:08+08:00 ] 120.27.153.16 140.205.225.186 GET /pleasereadthis
[ log ] 120.27.153.16:80/pleasereadthis [运行时间：0.005869s][吞吐率：170.39req/s] [内存消耗：335.59kb] [文件加载：26]
[ info ] [ LANG ] /home/wwwroot/default/thinkphp/lang/zh-cn.php
[ info ] [ ROUTE ] array (
  'type' => 'module',
  'module' => 
  array (
    0 => 'pleasereadthis',
    1 => NULL,
    2 => NULL,
  ),
)
[ info ] [ HEADER ] array (
  'referer' => 'http://120.27.153.16/',
  'user-agent' => 'Mozilla/4.0 (compatible; MSIE 6.0; Windows NT 5.1;Alibaba.Security.Heimdall.5448812)',
  'host' => '120.27.153.16:80',
  'accept' => '*/*',
  'connection' => 'keep-alive',
)
[ info ] [ PARAM ] array (
  '/pleasereadthis' => '',
)
[ info ] [ LOG ] INIT File

---------------------------------------------------------------
[ 2017-03-27T14:42:07+08:00 ] 120.27.153.16 140.205.225.186 GET /phpmyadmin/index.php
[ log ] 120.27.153.16:80/phpmyadmin/index.php [运行时间：0.007413s][吞吐率：134.90req/s] [内存消耗：336.06kb] [文件加载：26]
[ info ] [ LANG ] /home/wwwroot/default/thinkphp/lang/zh-cn.php
[ info ] [ ROUTE ] array (
  'type' => 'module',
  'module' => 
  array (
    0 => 'phpmyadmin',
    1 => 'index.php',
    2 => NULL,
  ),
)
[ info ] [ HEADER ] array (
  'host' => '120.27.153.16:80',
  'user-agent' => 'Mozilla/4.0 (compatible; MSIE 6.0; Windows NT 5.1;Alibaba.Security.Heimdall.5448812.p)',
  'referer' => 'http://120.27.153.16:80/phpmyadmin/index.php',
  'accept' => '*/*',
  'connection' => 'keep-alive',
  'accept-encoding' => 'gzip,deflate',
)
[ info ] [ PARAM ] array (
  '/phpmyadmin/index_php' => '',
)
[ info ] [ LOG ] INIT File

---------------------------------------------------------------
[ 2017-03-27T14:42:08+08:00 ] 120.27.153.16 140.205.225.186 GET /phpMyAdmin/index.php
[ log ] 120.27.153.16:80/phpMyAdmin/index.php [运行时间：0.007099s][吞吐率：140.87req/s] [内存消耗：336.06kb] [文件加载：26]
[ info ] [ LANG ] /home/wwwroot/default/thinkphp/lang/zh-cn.php
[ info ] [ ROUTE ] array (
  'type' => 'module',
  'module' => 
  array (
    0 => 'phpMyAdmin',
    1 => 'index.php',
    2 => NULL,
  ),
)
[ info ] [ HEADER ] array (
  'host' => '120.27.153.16:80',
  'user-agent' => 'Mozilla/4.0 (compatible; MSIE 6.0; Windows NT 5.1;Alibaba.Security.Heimdall.5448812.p)',
  'referer' => 'http://120.27.153.16:80/phpMyAdmin/index.php',
  'accept' => '*/*',
  'connection' => 'keep-alive',
  'accept-encoding' => 'gzip,deflate',
)
[ info ] [ PARAM ] array (
  '/phpMyAdmin/index_php' => '',
)
[ info ] [ LOG ] INIT File

---------------------------------------------------------------
[ 2017-03-27T14:42:08+08:00 ] 120.27.153.16 140.205.225.186 GET /pma/index.php
[ log ] 120.27.153.16:80/pma/index.php [运行时间：0.006599s][吞吐率：151.54req/s] [内存消耗：336.02kb] [文件加载：26]
[ info ] [ LANG ] /home/wwwroot/default/thinkphp/lang/zh-cn.php
[ info ] [ ROUTE ] array (
  'type' => 'module',
  'module' => 
  array (
    0 => 'pma',
    1 => 'index.php',
    2 => NULL,
  ),
)
[ info ] [ HEADER ] array (
  'host' => '120.27.153.16:80',
  'user-agent' => 'Mozilla/4.0 (compatible; MSIE 6.0; Windows NT 5.1;Alibaba.Security.Heimdall.5448812.p)',
  'referer' => 'http://120.27.153.16:80/pma/index.php',
  'accept' => '*/*',
  'connection' => 'keep-alive',
  'accept-encoding' => 'gzip,deflate',
)
[ info ] [ PARAM ] array (
  '/pma/index_php' => '',
)
[ info ] [ LOG ] INIT File

---------------------------------------------------------------
[ 2017-03-27T14:42:08+08:00 ] 120.27.153.16 140.205.225.186 GET /pmd/index.php
[ log ] 120.27.153.16:80/pmd/index.php [运行时间：0.005006s][吞吐率：199.77req/s] [内存消耗：336.02kb] [文件加载：26]
[ info ] [ LANG ] /home/wwwroot/default/thinkphp/lang/zh-cn.php
[ info ] [ ROUTE ] array (
  'type' => 'module',
  'module' => 
  array (
    0 => 'pmd',
    1 => 'index.php',
    2 => NULL,
  ),
)
[ info ] [ HEADER ] array (
  'host' => '120.27.153.16:80',
  'user-agent' => 'Mozilla/4.0 (compatible; MSIE 6.0; Windows NT 5.1;Alibaba.Security.Heimdall.5448812.p)',
  'referer' => 'http://120.27.153.16:80/pmd/index.php',
  'accept' => '*/*',
  'connection' => 'keep-alive',
  'accept-encoding' => 'gzip,deflate',
)
[ info ] [ PARAM ] array (
  '/pmd/index_php' => '',
)
[ info ] [ LOG ] INIT File

---------------------------------------------------------------
[ 2017-03-27T14:42:09+08:00 ] 120.27.153.16 140.205.225.186 GET /please_read/_search
[ log ] 120.27.153.16:80/please_read/_search [运行时间：0.006280s][吞吐率：159.24req/s] [内存消耗：335.70kb] [文件加载：26]
[ info ] [ LANG ] /home/wwwroot/default/thinkphp/lang/zh-cn.php
[ info ] [ ROUTE ] array (
  'type' => 'module',
  'module' => 
  array (
    0 => 'please_read',
    1 => '_search',
    2 => NULL,
  ),
)
[ info ] [ HEADER ] array (
  'referer' => 'http://120.27.153.16/',
  'user-agent' => 'Mozilla/4.0 (compatible; MSIE 6.0; Windows NT 5.1;Alibaba.Security.Heimdall.5448812)',
  'host' => '120.27.153.16:80',
  'accept' => '*/*',
  'connection' => 'keep-alive',
)
[ info ] [ PARAM ] array (
  '/please_read/_search' => '',
)
[ info ] [ LOG ] INIT File

---------------------------------------------------------------
[ 2017-03-27T14:43:36+08:00 ] 120.27.153.16 140.205.225.186 GET /phpmyadmin/index.php
[ log ] 120.27.153.16:80/phpmyadmin/index.php [运行时间：0.007389s][吞吐率：135.34req/s] [内存消耗：336.06kb] [文件加载：26]
[ info ] [ LANG ] /home/wwwroot/default/thinkphp/lang/zh-cn.php
[ info ] [ ROUTE ] array (
  'type' => 'module',
  'module' => 
  array (
    0 => 'phpmyadmin',
    1 => 'index.php',
    2 => NULL,
  ),
)
[ info ] [ HEADER ] array (
  'host' => '120.27.153.16:80',
  'user-agent' => 'Mozilla/4.0 (compatible; MSIE 6.0; Windows NT 5.1;Alibaba.Security.Heimdall.5448812.p)',
  'referer' => 'http://120.27.153.16:80/phpmyadmin/index.php',
  'accept' => '*/*',
  'connection' => 'keep-alive',
  'accept-encoding' => 'gzip,deflate',
)
[ info ] [ PARAM ] array (
  '/phpmyadmin/index_php' => '',
)
[ info ] [ LOG ] INIT File

---------------------------------------------------------------
[ 2017-03-27T14:43:36+08:00 ] 120.27.153.16 140.205.225.186 GET /phpMyAdmin/index.php
[ log ] 120.27.153.16:80/phpMyAdmin/index.php [运行时间：0.006474s][吞吐率：154.46req/s] [内存消耗：336.06kb] [文件加载：26]
[ info ] [ LANG ] /home/wwwroot/default/thinkphp/lang/zh-cn.php
[ info ] [ ROUTE ] array (
  'type' => 'module',
  'module' => 
  array (
    0 => 'phpMyAdmin',
    1 => 'index.php',
    2 => NULL,
  ),
)
[ info ] [ HEADER ] array (
  'host' => '120.27.153.16:80',
  'user-agent' => 'Mozilla/4.0 (compatible; MSIE 6.0; Windows NT 5.1;Alibaba.Security.Heimdall.5448812.p)',
  'referer' => 'http://120.27.153.16:80/phpMyAdmin/index.php',
  'accept' => '*/*',
  'connection' => 'keep-alive',
  'accept-encoding' => 'gzip,deflate',
)
[ info ] [ PARAM ] array (
  '/phpMyAdmin/index_php' => '',
)
[ info ] [ LOG ] INIT File

---------------------------------------------------------------
[ 2017-03-27T14:43:36+08:00 ] 120.27.153.16 140.205.225.186 GET /pma/index.php
[ log ] 120.27.153.16:80/pma/index.php [运行时间：0.006658s][吞吐率：150.20req/s] [内存消耗：336.02kb] [文件加载：26]
[ info ] [ LANG ] /home/wwwroot/default/thinkphp/lang/zh-cn.php
[ info ] [ ROUTE ] array (
  'type' => 'module',
  'module' => 
  array (
    0 => 'pma',
    1 => 'index.php',
    2 => NULL,
  ),
)
[ info ] [ HEADER ] array (
  'host' => '120.27.153.16:80',
  'user-agent' => 'Mozilla/4.0 (compatible; MSIE 6.0; Windows NT 5.1;Alibaba.Security.Heimdall.5448812.p)',
  'referer' => 'http://120.27.153.16:80/pma/index.php',
  'accept' => '*/*',
  'connection' => 'keep-alive',
  'accept-encoding' => 'gzip,deflate',
)
[ info ] [ PARAM ] array (
  '/pma/index_php' => '',
)
[ info ] [ LOG ] INIT File

---------------------------------------------------------------
[ 2017-03-27T14:43:36+08:00 ] 120.27.153.16 140.205.225.186 GET /pmd/index.php
[ log ] 120.27.153.16:80/pmd/index.php [运行时间：0.004882s][吞吐率：204.83req/s] [内存消耗：336.02kb] [文件加载：26]
[ info ] [ LANG ] /home/wwwroot/default/thinkphp/lang/zh-cn.php
[ info ] [ ROUTE ] array (
  'type' => 'module',
  'module' => 
  array (
    0 => 'pmd',
    1 => 'index.php',
    2 => NULL,
  ),
)
[ info ] [ HEADER ] array (
  'host' => '120.27.153.16:80',
  'user-agent' => 'Mozilla/4.0 (compatible; MSIE 6.0; Windows NT 5.1;Alibaba.Security.Heimdall.5448812.p)',
  'referer' => 'http://120.27.153.16:80/pmd/index.php',
  'accept' => '*/*',
  'connection' => 'keep-alive',
  'accept-encoding' => 'gzip,deflate',
)
[ info ] [ PARAM ] array (
  '/pmd/index_php' => '',
)
[ info ] [ LOG ] INIT File

---------------------------------------------------------------
[ 2017-03-27T14:46:49+08:00 ] 120.27.153.16 140.205.225.186 GET /about/
[ log ] 120.27.153.16:80/about/ [运行时间：0.004828s][吞吐率：207.13req/s] [内存消耗：335.58kb] [文件加载：26]
[ info ] [ LANG ] /home/wwwroot/default/thinkphp/lang/zh-cn.php
[ info ] [ ROUTE ] array (
  'type' => 'module',
  'module' => 
  array (
    0 => 'about',
    1 => NULL,
    2 => NULL,
  ),
)
[ info ] [ HEADER ] array (
  'referer' => 'http://120.27.153.16/',
  'user-agent' => 'Mozilla/4.0 (compatible; MSIE 6.0; Windows NT 5.1;Alibaba.Security.Heimdall.5448812)',
  'host' => '120.27.153.16:80',
  'accept' => '*/*',
  'connection' => 'keep-alive',
)
[ info ] [ PARAM ] array (
  '/about/' => '',
)
[ info ] [ LOG ] INIT File

---------------------------------------------------------------
[ 2017-03-27T14:50:21+08:00 ] 120.27.153.16 140.205.225.186 GET /clusters.jsf
[ log ] 120.27.153.16:80/clusters.jsf [运行时间：0.005783s][吞吐率：172.92req/s] [内存消耗：335.59kb] [文件加载：26]
[ info ] [ LANG ] /home/wwwroot/default/thinkphp/lang/zh-cn.php
[ info ] [ ROUTE ] array (
  'type' => 'module',
  'module' => 
  array (
    0 => 'clusters.jsf',
    1 => NULL,
    2 => NULL,
  ),
)
[ info ] [ HEADER ] array (
  'referer' => 'http://120.27.153.16/',
  'user-agent' => 'Mozilla/4.0 (compatible; MSIE 6.0; Windows NT 5.1;Alibaba.Security.Heimdall.5448812)',
  'host' => '120.27.153.16:80',
  'accept' => '*/*',
  'connection' => 'keep-alive',
)
[ info ] [ PARAM ] array (
  '/clusters_jsf' => '',
)
[ info ] [ LOG ] INIT File

---------------------------------------------------------------
[ 2017-03-27T14:57:55+08:00 ] 120.27.153.16 140.205.225.186 GET /
[ log ] 120.27.153.16:80/ [运行时间：0.005071s][吞吐率：197.20req/s] [内存消耗：427.26kb] [文件加载：34]
[ info ] [ LANG ] /home/wwwroot/default/thinkphp/lang/zh-cn.php
[ info ] [ ROUTE ] array (
  'type' => 'module',
  'module' => 
  array (
    0 => '',
    1 => NULL,
    2 => NULL,
  ),
)
[ info ] [ HEADER ] array (
  'referer' => 'http://120.27.153.16/',
  'user-agent' => 'Mozilla/4.0 (compatible; MSIE 6.0; Windows NT 5.1;Alibaba.Security.Heimdall.5448812)',
  'host' => '120.27.153.16:80',
  'accept' => '*/*',
  'connection' => 'keep-alive',
)
[ info ] [ PARAM ] array (
)
[ info ] [ RUN ] app\home\controller\Index->index[ /home/wwwroot/default/application/home/controller/Index.php ]
[ info ] [ SESSION ] INIT array (
  'id' => '',
  'var_session_id' => '',
  'prefix' => 'think',
  'type' => '',
  'auto_start' => true,
)
[ info ] [ VIEW ] /home/wwwroot/default/application/home/view/index/index.html [ array (
) ]
[ info ] [ LOG ] INIT File

---------------------------------------------------------------
[ 2017-03-27T14:59:56+08:00 ] 120.27.153.16 140.205.225.186 GET /hwi/
[ log ] 120.27.153.16:80/hwi/ [运行时间：0.006362s][吞吐率：157.18req/s] [内存消耗：335.60kb] [文件加载：26]
[ info ] [ LANG ] /home/wwwroot/default/thinkphp/lang/zh-cn.php
[ info ] [ ROUTE ] array (
  'type' => 'module',
  'module' => 
  array (
    0 => 'hwi',
    1 => NULL,
    2 => NULL,
  ),
)
[ info ] [ HEADER ] array (
  'referer' => 'http://120.27.153.16/',
  'user-agent' => 'Mozilla/4.0 (compatible; MSIE 6.0; Windows NT 5.1;Alibaba.Security.Heimdall.5448812)',
  'host' => '120.27.153.16:80',
  'accept' => '*/*',
  'connection' => 'keep-alive',
)
[ info ] [ PARAM ] array (
  '/hwi/' => '',
)
[ info ] [ LOG ] INIT File

---------------------------------------------------------------
[ 2017-03-27T15:00:15+08:00 ] 120.27.153.16 140.205.225.186 POST /
[ log ] 120.27.153.16/ [运行时间：0.006860s][吞吐率：145.77req/s] [内存消耗：427.56kb] [文件加载：34]
[ info ] [ LANG ] /home/wwwroot/default/thinkphp/lang/zh-cn.php
[ info ] [ ROUTE ] array (
  'type' => 'module',
  'module' => 
  array (
    0 => '',
    1 => NULL,
    2 => NULL,
  ),
)
[ info ] [ HEADER ] array (
  'accept-encoding' => 'identity',
  'content-length' => '431',
  'host' => '120.27.153.16',
  'content-type' => 'multipart/form-data; boundary=-333053153',
  'connection' => 'close',
  'user-agent' => 'Mozilla/4.0 (compatible; MSIE 6.0; Windows NT 5.1;Alibaba.Security.Heimdall.5448812.struts-s2-046)',
)
[ info ] [ PARAM ] array (
)
[ info ] [ RUN ] app\home\controller\Index->index[ /home/wwwroot/default/application/home/controller/Index.php ]
[ info ] [ SESSION ] INIT array (
  'id' => '',
  'var_session_id' => '',
  'prefix' => 'think',
  'type' => '',
  'auto_start' => true,
)
[ info ] [ VIEW ] /home/wwwroot/default/application/home/view/index/index.html [ array (
) ]
[ info ] [ LOG ] INIT File

---------------------------------------------------------------
[ 2017-03-27T15:01:34+08:00 ] 120.27.153.16 140.205.225.186 GET /
[ log ] 120.27.153.16:80/ [运行时间：0.006908s][吞吐率：144.76req/s] [内存消耗：427.26kb] [文件加载：34]
[ info ] [ LANG ] /home/wwwroot/default/thinkphp/lang/zh-cn.php
[ info ] [ ROUTE ] array (
  'type' => 'module',
  'module' => 
  array (
    0 => '',
    1 => NULL,
    2 => NULL,
  ),
)
[ info ] [ HEADER ] array (
  'referer' => 'http://120.27.153.16/',
  'user-agent' => 'Mozilla/4.0 (compatible; MSIE 6.0; Windows NT 5.1;Alibaba.Security.Heimdall.5448812)',
  'host' => '120.27.153.16:80',
  'accept' => '*/*',
  'connection' => 'keep-alive',
)
[ info ] [ PARAM ] array (
)
[ info ] [ RUN ] app\home\controller\Index->index[ /home/wwwroot/default/application/home/controller/Index.php ]
[ info ] [ SESSION ] INIT array (
  'id' => '',
  'var_session_id' => '',
  'prefix' => 'think',
  'type' => '',
  'auto_start' => true,
)
[ info ] [ VIEW ] /home/wwwroot/default/application/home/view/index/index.html [ array (
) ]
[ info ] [ LOG ] INIT File

---------------------------------------------------------------
[ 2017-03-27T15:01:48+08:00 ] 120.27.153.16 140.205.225.186 GET /
[ log ] 120.27.153.16:80/ [运行时间：0.003116s][吞吐率：320.91req/s] [内存消耗：427.27kb] [文件加载：34]
[ info ] [ LANG ] /home/wwwroot/default/thinkphp/lang/zh-cn.php
[ info ] [ ROUTE ] array (
  'type' => 'module',
  'module' => 
  array (
    0 => '',
    1 => NULL,
    2 => NULL,
  ),
)
[ info ] [ HEADER ] array (
  'referer' => 'http://120.27.153.16/',
  'user-agent' => 'Mozilla/4.0 (compatible; MSIE 6.0; Windows NT 5.1;Alibaba.Security.Heimdall.5448812)',
  'host' => '120.27.153.16:80',
  'accept' => '*/*',
  'connection' => 'keep-alive',
)
[ info ] [ PARAM ] array (
)
[ info ] [ RUN ] app\home\controller\Index->index[ /home/wwwroot/default/application/home/controller/Index.php ]
[ info ] [ SESSION ] INIT array (
  'id' => '',
  'var_session_id' => '',
  'prefix' => 'think',
  'type' => '',
  'auto_start' => true,
)
[ info ] [ VIEW ] /home/wwwroot/default/application/home/view/index/index.html [ array (
) ]
[ info ] [ LOG ] INIT File

---------------------------------------------------------------
[ 2017-03-27T15:01:56+08:00 ] 120.27.153.16 140.205.225.186 GET /
[ log ] 120.27.153.16:80/ [运行时间：0.006025s][吞吐率：165.97req/s] [内存消耗：427.27kb] [文件加载：34]
[ info ] [ LANG ] /home/wwwroot/default/thinkphp/lang/zh-cn.php
[ info ] [ ROUTE ] array (
  'type' => 'module',
  'module' => 
  array (
    0 => '',
    1 => NULL,
    2 => NULL,
  ),
)
[ info ] [ HEADER ] array (
  'referer' => 'http://120.27.153.16/',
  'user-agent' => 'Mozilla/4.0 (compatible; MSIE 6.0; Windows NT 5.1;Alibaba.Security.Heimdall.5448812)',
  'host' => '120.27.153.16:80',
  'accept' => '*/*',
  'connection' => 'keep-alive',
)
[ info ] [ PARAM ] array (
)
[ info ] [ RUN ] app\home\controller\Index->index[ /home/wwwroot/default/application/home/controller/Index.php ]
[ info ] [ SESSION ] INIT array (
  'id' => '',
  'var_session_id' => '',
  'prefix' => 'think',
  'type' => '',
  'auto_start' => true,
)
[ info ] [ VIEW ] /home/wwwroot/default/application/home/view/index/index.html [ array (
) ]
[ info ] [ LOG ] INIT File

---------------------------------------------------------------
[ 2017-03-27T15:02:02+08:00 ] 120.27.153.16 140.205.225.186 GET /jobs/
[ log ] 120.27.153.16:80/jobs/ [运行时间：0.005616s][吞吐率：178.06req/s] [内存消耗：335.60kb] [文件加载：26]
[ info ] [ LANG ] /home/wwwroot/default/thinkphp/lang/zh-cn.php
[ info ] [ ROUTE ] array (
  'type' => 'module',
  'module' => 
  array (
    0 => 'jobs',
    1 => NULL,
    2 => NULL,
  ),
)
[ info ] [ HEADER ] array (
  'referer' => 'http://120.27.153.16/',
  'user-agent' => 'Mozilla/4.0 (compatible; MSIE 6.0; Windows NT 5.1;Alibaba.Security.Heimdall.5448812)',
  'host' => '120.27.153.16:80',
  'accept' => '*/*',
  'connection' => 'keep-alive',
)
[ info ] [ PARAM ] array (
  '/jobs/' => '',
)
[ info ] [ LOG ] INIT File

---------------------------------------------------------------
[ 2017-03-27T15:02:04+08:00 ] 120.27.153.16 140.205.225.186 GET /ganglia/index.php
[ log ] 120.27.153.16:80/ganglia/index.php [运行时间：0.006166s][吞吐率：162.18req/s] [内存消耗：335.70kb] [文件加载：26]
[ info ] [ LANG ] /home/wwwroot/default/thinkphp/lang/zh-cn.php
[ info ] [ ROUTE ] array (
  'type' => 'module',
  'module' => 
  array (
    0 => 'ganglia',
    1 => 'index.php',
    2 => NULL,
  ),
)
[ info ] [ HEADER ] array (
  'referer' => 'http://120.27.153.16/',
  'user-agent' => 'Mozilla/4.0 (compatible; MSIE 6.0; Windows NT 5.1;Alibaba.Security.Heimdall.5448812)',
  'host' => '120.27.153.16:80',
  'accept' => '*/*',
  'connection' => 'keep-alive',
)
[ info ] [ PARAM ] array (
  '/ganglia/index_php' => '',
)
[ info ] [ LOG ] INIT File

---------------------------------------------------------------
[ 2017-03-27T15:02:07+08:00 ] 120.27.153.16 140.205.225.186 GET /index.php
[ log ] 120.27.153.16:80/index.php [运行时间：0.004099s][吞吐率：243.97req/s] [内存消耗：427.29kb] [文件加载：34]
[ info ] [ LANG ] /home/wwwroot/default/thinkphp/lang/zh-cn.php
[ info ] [ ROUTE ] array (
  'type' => 'module',
  'module' => 
  array (
    0 => '',
    1 => NULL,
    2 => NULL,
  ),
)
[ info ] [ HEADER ] array (
  'referer' => 'http://120.27.153.16/',
  'user-agent' => 'Mozilla/4.0 (compatible; MSIE 6.0; Windows NT 5.1;Alibaba.Security.Heimdall.5448812)',
  'host' => '120.27.153.16:80',
  'accept' => '*/*',
  'connection' => 'keep-alive',
)
[ info ] [ PARAM ] array (
)
[ info ] [ RUN ] app\home\controller\Index->index[ /home/wwwroot/default/application/home/controller/Index.php ]
[ info ] [ SESSION ] INIT array (
  'id' => '',
  'var_session_id' => '',
  'prefix' => 'think',
  'type' => '',
  'auto_start' => true,
)
[ info ] [ VIEW ] /home/wwwroot/default/application/home/view/index/index.html [ array (
) ]
[ info ] [ LOG ] INIT File

---------------------------------------------------------------
[ 2017-03-27T15:02:12+08:00 ] 120.27.153.16 140.205.225.186 GET /rs-status
[ log ] 120.27.153.16:80/rs-status [运行时间：0.006296s][吞吐率：158.83req/s] [内存消耗：335.63kb] [文件加载：26]
[ info ] [ LANG ] /home/wwwroot/default/thinkphp/lang/zh-cn.php
[ info ] [ ROUTE ] array (
  'type' => 'module',
  'module' => 
  array (
    0 => 'rs-status',
    1 => NULL,
    2 => NULL,
  ),
)
[ info ] [ HEADER ] array (
  'referer' => 'http://120.27.153.16/',
  'user-agent' => 'Mozilla/4.0 (compatible; MSIE 6.0; Windows NT 5.1;Alibaba.Security.Heimdall.5448812)',
  'host' => '120.27.153.16:80',
  'accept' => '*/*',
  'connection' => 'keep-alive',
)
[ info ] [ PARAM ] array (
  '/rs-status' => '',
)
[ info ] [ LOG ] INIT File

---------------------------------------------------------------
[ 2017-03-27T15:02:19+08:00 ] 120.27.153.16 140.205.225.186 GET /master-status
[ log ] 120.27.153.16:80/master-status [运行时间：0.002959s][吞吐率：337.95req/s] [内存消耗：335.61kb] [文件加载：26]
[ info ] [ LANG ] /home/wwwroot/default/thinkphp/lang/zh-cn.php
[ info ] [ ROUTE ] array (
  'type' => 'module',
  'module' => 
  array (
    0 => 'master-status',
    1 => NULL,
    2 => NULL,
  ),
)
[ info ] [ HEADER ] array (
  'referer' => 'http://120.27.153.16/',
  'user-agent' => 'Mozilla/4.0 (compatible; MSIE 6.0; Windows NT 5.1;Alibaba.Security.Heimdall.5448812)',
  'host' => '120.27.153.16:80',
  'accept' => '*/*',
  'connection' => 'keep-alive',
)
[ info ] [ PARAM ] array (
  '/master-status' => '',
)
[ info ] [ LOG ] INIT File

---------------------------------------------------------------
[ 2017-03-27T15:02:21+08:00 ] 120.27.153.16 140.205.225.186 GET /dfshealth.html
[ log ] 120.27.153.16:80/dfshealth.html [运行时间：0.002626s][吞吐率：380.82req/s] [内存消耗：335.63kb] [文件加载：26]
[ info ] [ LANG ] /home/wwwroot/default/thinkphp/lang/zh-cn.php
[ info ] [ ROUTE ] array (
  'type' => 'module',
  'module' => 
  array (
    0 => 'dfshealth',
    1 => NULL,
    2 => NULL,
  ),
)
[ info ] [ HEADER ] array (
  'referer' => 'http://120.27.153.16/',
  'user-agent' => 'Mozilla/4.0 (compatible; MSIE 6.0; Windows NT 5.1;Alibaba.Security.Heimdall.5448812)',
  'host' => '120.27.153.16:80',
  'accept' => '*/*',
  'connection' => 'keep-alive',
)
[ info ] [ PARAM ] array (
  '/dfshealth_html' => '',
)
[ info ] [ LOG ] INIT File

---------------------------------------------------------------
[ 2017-03-27T15:02:26+08:00 ] 120.27.153.16 140.205.225.186 GET /
[ log ] 120.27.153.16/ [运行时间：0.006495s][吞吐率：153.96req/s] [内存消耗：428.14kb] [文件加载：34]
[ info ] [ LANG ] /home/wwwroot/default/thinkphp/lang/zh-cn.php
[ info ] [ ROUTE ] array (
  'type' => 'module',
  'module' => 
  array (
    0 => '',
    1 => NULL,
    2 => NULL,
  ),
)
[ info ] [ HEADER ] array (
  'host' => '120.27.153.16',
  'referer' => 'http://120.27.153.16/',
  'user-agent' => 'Mozilla/4.0 (compatible; MSIE 6.0; Windows NT 5.1;Alibaba.Security.Heimdall.5448812)',
  'content-type' => '${(\\u0023a1=333053153\\u0029\\u002e(#a2=1234567890).(#a3=#a1+#a2).(#a4=\'ttpS\\u0065rvletR\\u0065sponse\').(#a6=\'com.op\\u0065nsympho\').(#a5=\'ny.x\\u0077ork2.disp\\u0061tcher.H\').(#a7=#a6+#a5+#a4).(#a8=\'un\').(#a9=\'_\\u0061liy\').(#a10=#a9+#a8).(#x1=#cont\\u0065xt[#a7].getWr\\u0069ter()).(#x1.pr\\u0069nt(#a3+#a10)).(#x1.cl\\u006fse())}%0d%0a%20multipart/form-data',
  'accept' => '*/*',
  'connection' => 'keep-alive',
)
[ info ] [ PARAM ] array (
)
[ info ] [ RUN ] app\home\controller\Index->index[ /home/wwwroot/default/application/home/controller/Index.php ]
[ info ] [ SESSION ] INIT array (
  'id' => '',
  'var_session_id' => '',
  'prefix' => 'think',
  'type' => '',
  'auto_start' => true,
)
[ info ] [ VIEW ] /home/wwwroot/default/application/home/view/index/index.html [ array (
) ]
[ info ] [ LOG ] INIT File

---------------------------------------------------------------
[ 2017-03-27T15:02:28+08:00 ] 120.27.153.16 140.205.225.186 POST /
[ log ] 120.27.153.16/ [运行时间：0.004512s][吞吐率：221.63req/s] [内存消耗：428.55kb] [文件加载：34]
[ info ] [ LANG ] /home/wwwroot/default/thinkphp/lang/zh-cn.php
[ info ] [ ROUTE ] array (
  'type' => 'module',
  'module' => 
  array (
    0 => '',
    1 => NULL,
    2 => NULL,
  ),
)
[ info ] [ HEADER ] array (
  'host' => '120.27.153.16',
  'referer' => 'http://120.27.153.16/',
  'user-agent' => 'Mozilla/4.0 (compatible; MSIE 6.0; Windows NT 5.1;Alibaba.Security.Heimdall.5448812)',
  'content-type' => '${(\\u0023a1=333053153\\u0029\\u002e(#a2=1234567890).(#a3=#a1+#a2).(#a4=\'ttpS\\u0065rvletR\\u0065sponse\').(#a6=\'com.op\\u0065nsympho\').(#a5=\'ny.x\\u0077ork2.disp\\u0061tcher.H\').(#a7=#a6+#a5+#a4).(#a8=\'un\').(#a9=\'_\\u0061liy\').(#a10=#a9+#a8).(#x1=#cont\\u0065xt[#a7].getWr\\u0069ter()).(#x1.pr\\u0069nt(#a3+#a10)).(#x1.cl\\u006fse())}%0d%0a%20multipart/form-data',
  'accept' => '*/*',
  'connection' => 'keep-alive',
  'content-length' => '1',
)
[ info ] [ PARAM ] array (
)
[ info ] [ RUN ] app\home\controller\Index->index[ /home/wwwroot/default/application/home/controller/Index.php ]
[ info ] [ SESSION ] INIT array (
  'id' => '',
  'var_session_id' => '',
  'prefix' => 'think',
  'type' => '',
  'auto_start' => true,
)
[ info ] [ VIEW ] /home/wwwroot/default/application/home/view/index/index.html [ array (
) ]
[ info ] [ LOG ] INIT File

---------------------------------------------------------------
[ 2017-03-27T15:02:32+08:00 ] 120.27.153.16 140.205.225.186 GET /dfshealth.jsp
[ log ] 120.27.153.16:80/dfshealth.jsp [运行时间：0.005248s][吞吐率：190.55req/s] [内存消耗：335.61kb] [文件加载：26]
[ info ] [ LANG ] /home/wwwroot/default/thinkphp/lang/zh-cn.php
[ info ] [ ROUTE ] array (
  'type' => 'module',
  'module' => 
  array (
    0 => 'dfshealth.jsp',
    1 => NULL,
    2 => NULL,
  ),
)
[ info ] [ HEADER ] array (
  'referer' => 'http://120.27.153.16/',
  'user-agent' => 'Mozilla/4.0 (compatible; MSIE 6.0; Windows NT 5.1;Alibaba.Security.Heimdall.5448812)',
  'host' => '120.27.153.16:80',
  'accept' => '*/*',
  'connection' => 'keep-alive',
)
[ info ] [ PARAM ] array (
  '/dfshealth_jsp' => '',
)
[ info ] [ LOG ] INIT File

---------------------------------------------------------------
[ 2017-03-27T15:02:34+08:00 ] 120.27.153.16 140.205.225.186 GET /hadoop/dfshealth.jsp
[ log ] 120.27.153.16:80/hadoop/dfshealth.jsp [运行时间：0.004019s][吞吐率：248.82req/s] [内存消耗：335.69kb] [文件加载：26]
[ info ] [ LANG ] /home/wwwroot/default/thinkphp/lang/zh-cn.php
[ info ] [ ROUTE ] array (
  'type' => 'module',
  'module' => 
  array (
    0 => 'hadoop',
    1 => 'dfshealth.jsp',
    2 => NULL,
  ),
)
[ info ] [ HEADER ] array (
  'referer' => 'http://120.27.153.16/',
  'user-agent' => 'Mozilla/4.0 (compatible; MSIE 6.0; Windows NT 5.1;Alibaba.Security.Heimdall.5448812)',
  'host' => '120.27.153.16:80',
  'accept' => '*/*',
  'connection' => 'keep-alive',
)
[ info ] [ PARAM ] array (
  '/hadoop/dfshealth_jsp' => '',
)
[ info ] [ LOG ] INIT File

---------------------------------------------------------------
[ 2017-03-27T15:02:40+08:00 ] 120.27.153.16 140.205.225.186 GET /solr/
[ log ] 120.27.153.16:80/solr/ [运行时间：0.004701s][吞吐率：212.73req/s] [内存消耗：335.60kb] [文件加载：26]
[ info ] [ LANG ] /home/wwwroot/default/thinkphp/lang/zh-cn.php
[ info ] [ ROUTE ] array (
  'type' => 'module',
  'module' => 
  array (
    0 => 'solr',
    1 => NULL,
    2 => NULL,
  ),
)
[ info ] [ HEADER ] array (
  'referer' => 'http://120.27.153.16/',
  'user-agent' => 'Mozilla/4.0 (compatible; MSIE 6.0; Windows NT 5.1;Alibaba.Security.Heimdall.5448812)',
  'host' => '120.27.153.16:80',
  'accept' => '*/*',
  'connection' => 'keep-alive',
)
[ info ] [ PARAM ] array (
  '/solr/' => '',
)
[ info ] [ LOG ] INIT File

---------------------------------------------------------------
[ 2017-03-27T15:02:42+08:00 ] 120.27.153.16 140.205.225.186 GET /
[ log ] 120.27.153.16:80/ [运行时间：0.006785s][吞吐率：147.38req/s] [内存消耗：427.27kb] [文件加载：34]
[ info ] [ LANG ] /home/wwwroot/default/thinkphp/lang/zh-cn.php
[ info ] [ ROUTE ] array (
  'type' => 'module',
  'module' => 
  array (
    0 => '',
    1 => NULL,
    2 => NULL,
  ),
)
[ info ] [ HEADER ] array (
  'referer' => 'http://120.27.153.16/',
  'user-agent' => 'Mozilla/4.0 (compatible; MSIE 6.0; Windows NT 5.1;Alibaba.Security.Heimdall.5448812)',
  'host' => '120.27.153.16:80',
  'accept' => '*/*',
  'connection' => 'keep-alive',
)
[ info ] [ PARAM ] array (
)
[ info ] [ RUN ] app\home\controller\Index->index[ /home/wwwroot/default/application/home/controller/Index.php ]
[ info ] [ SESSION ] INIT array (
  'id' => '',
  'var_session_id' => '',
  'prefix' => 'think',
  'type' => '',
  'auto_start' => true,
)
[ info ] [ VIEW ] /home/wwwroot/default/application/home/view/index/index.html [ array (
) ]
[ info ] [ LOG ] INIT File

---------------------------------------------------------------
[ 2017-03-27T15:02:48+08:00 ] 120.27.153.16 140.205.225.186 GET /info
[ log ] 120.27.153.16:80/info [运行时间：0.005799s][吞吐率：172.44req/s] [内存消耗：335.60kb] [文件加载：26]
[ info ] [ LANG ] /home/wwwroot/default/thinkphp/lang/zh-cn.php
[ info ] [ ROUTE ] array (
  'type' => 'module',
  'module' => 
  array (
    0 => 'info',
    1 => NULL,
    2 => NULL,
  ),
)
[ info ] [ HEADER ] array (
  'referer' => 'http://120.27.153.16/',
  'user-agent' => 'Mozilla/4.0 (compatible; MSIE 6.0; Windows NT 5.1;Alibaba.Security.Heimdall.5448812)',
  'host' => '120.27.153.16:80',
  'accept' => '*/*',
  'connection' => 'keep-alive',
)
[ info ] [ PARAM ] array (
  '/info' => '',
)
[ info ] [ LOG ] INIT File

---------------------------------------------------------------
[ 2017-03-27T16:00:34+08:00 ] 120.27.153.16 140.205.225.186 GET /j_acegi_security_check
[ log ] 120.27.153.16:80/j_acegi_security_check [运行时间：0.005814s][吞吐率：172.00req/s] [内存消耗：335.71kb] [文件加载：26]
[ info ] [ LANG ] /home/wwwroot/default/thinkphp/lang/zh-cn.php
[ info ] [ ROUTE ] array (
  'type' => 'module',
  'module' => 
  array (
    0 => 'j_acegi_security_check',
    1 => NULL,
    2 => NULL,
  ),
)
[ info ] [ HEADER ] array (
  'referer' => 'http://120.27.153.16/',
  'user-agent' => 'Mozilla/4.0 (compatible; MSIE 6.0; Windows NT 5.1;Alibaba.Security.Heimdall.5448812)',
  'host' => '120.27.153.16:80',
  'accept' => '*/*',
  'connection' => 'keep-alive',
)
[ info ] [ PARAM ] array (
  '/j_acegi_security_check' => '',
)
[ info ] [ LOG ] INIT File

---------------------------------------------------------------
[ 2017-03-27T16:33:30+08:00 ] 120.27.153.16 140.205.225.186 GET /admin/
[ log ] 120.27.153.16:80/admin/ [运行时间：0.004543s][吞吐率：220.12req/s] [内存消耗：429.30kb] [文件加载：37]
[ info ] [ LANG ] /home/wwwroot/default/thinkphp/lang/zh-cn.php
[ info ] [ ROUTE ] array (
  'type' => 'module',
  'module' => 
  array (
    0 => 'admin',
    1 => NULL,
    2 => NULL,
  ),
)
[ info ] [ HEADER ] array (
  'authorization' => 'Basic MTox',
  'referer' => 'http://120.27.153.16/',
  'user-agent' => 'Mozilla/4.0 (compatible; MSIE 6.0; Windows NT 5.1;Alibaba.Security.Heimdall.5448812)',
  'host' => '120.27.153.16:80',
  'accept' => '*/*',
  'connection' => 'keep-alive',
)
[ info ] [ PARAM ] array (
  '/admin/' => '',
)
[ info ] [ SESSION ] INIT array (
  'id' => '',
  'var_session_id' => '',
  'prefix' => 'think',
  'type' => '',
  'auto_start' => true,
)
[ info ] [ LOG ] INIT File

---------------------------------------------------------------
[ 2017-03-27T16:33:34+08:00 ] 120.27.153.16 140.205.225.186 GET /
[ log ] 120.27.153.16:80/ [运行时间：0.006570s][吞吐率：152.20req/s] [内存消耗：427.46kb] [文件加载：34]
[ info ] [ LANG ] /home/wwwroot/default/thinkphp/lang/zh-cn.php
[ info ] [ ROUTE ] array (
  'type' => 'module',
  'module' => 
  array (
    0 => '',
    1 => NULL,
    2 => NULL,
  ),
)
[ info ] [ HEADER ] array (
  'authorization' => 'Basic MTox',
  'referer' => 'http://120.27.153.16/',
  'user-agent' => 'Mozilla/4.0 (compatible; MSIE 6.0; Windows NT 5.1;Alibaba.Security.Heimdall.5448812)',
  'host' => '120.27.153.16:80',
  'accept' => '*/*',
  'connection' => 'keep-alive',
)
[ info ] [ PARAM ] array (
)
[ info ] [ RUN ] app\home\controller\Index->index[ /home/wwwroot/default/application/home/controller/Index.php ]
[ info ] [ SESSION ] INIT array (
  'id' => '',
  'var_session_id' => '',
  'prefix' => 'think',
  'type' => '',
  'auto_start' => true,
)
[ info ] [ VIEW ] /home/wwwroot/default/application/home/view/index/index.html [ array (
) ]
[ info ] [ LOG ] INIT File

---------------------------------------------------------------
[ 2017-03-27T18:39:16+08:00 ] 120.27.153.16 111.73.46.169 HEAD /pmd/
[ log ] 120.27.153.16/pmd/ [运行时间：0.002474s][吞吐率：404.19req/s] [内存消耗：334.14kb] [文件加载：26]
[ info ] [ LANG ] /home/wwwroot/default/thinkphp/lang/zh-cn.php
[ info ] [ ROUTE ] array (
  'type' => 'module',
  'module' => 
  array (
    0 => 'pmd',
    1 => NULL,
    2 => NULL,
  ),
)
[ info ] [ HEADER ] array (
  'host' => '120.27.153.16',
  'connection' => 'Keep-Alive',
)
[ info ] [ PARAM ] array (
  '/pmd/' => '',
)
[ info ] [ LOG ] INIT File

---------------------------------------------------------------
[ 2017-03-27T18:39:16+08:00 ] 120.27.153.16 111.73.46.169 HEAD /phpMyAdmin/index.php
[ log ] 120.27.153.16/phpMyAdmin/index.php [运行时间：0.006562s][吞吐率：152.39req/s] [内存消耗：334.30kb] [文件加载：26]
[ info ] [ LANG ] /home/wwwroot/default/thinkphp/lang/zh-cn.php
[ info ] [ ROUTE ] array (
  'type' => 'module',
  'module' => 
  array (
    0 => 'phpMyAdmin',
    1 => 'index.php',
    2 => NULL,
  ),
)
[ info ] [ HEADER ] array (
  'host' => '120.27.153.16',
  'connection' => 'Keep-Alive',
)
[ info ] [ PARAM ] array (
  '/phpMyAdmin/index_php' => '',
)
[ info ] [ LOG ] INIT File

---------------------------------------------------------------
[ 2017-03-27T18:40:37+08:00 ] 120.27.153.16 117.41.237.102 HEAD /phpMyAdmin/index.php
[ log ] 120.27.153.16/phpMyAdmin/index.php [运行时间：0.009726s][吞吐率：102.82req/s] [内存消耗：334.30kb] [文件加载：26]
[ info ] [ LANG ] /home/wwwroot/default/thinkphp/lang/zh-cn.php
[ info ] [ ROUTE ] array (
  'type' => 'module',
  'module' => 
  array (
    0 => 'phpMyAdmin',
    1 => 'index.php',
    2 => NULL,
  ),
)
[ info ] [ HEADER ] array (
  'host' => '120.27.153.16',
  'connection' => 'Keep-Alive',
)
[ info ] [ PARAM ] array (
  '/phpMyAdmin/index_php' => '',
)
[ info ] [ LOG ] INIT File

---------------------------------------------------------------
[ 2017-03-27T18:40:37+08:00 ] 120.27.153.16 117.41.237.102 HEAD /pmd/index.php
[ log ] 120.27.153.16/pmd/index.php [运行时间：0.006889s][吞吐率：145.16req/s] [内存消耗：334.23kb] [文件加载：26]
[ info ] [ LANG ] /home/wwwroot/default/thinkphp/lang/zh-cn.php
[ info ] [ ROUTE ] array (
  'type' => 'module',
  'module' => 
  array (
    0 => 'pmd',
    1 => 'index.php',
    2 => NULL,
  ),
)
[ info ] [ HEADER ] array (
  'host' => '120.27.153.16',
  'connection' => 'Keep-Alive',
)
[ info ] [ PARAM ] array (
  '/pmd/index_php' => '',
)
[ info ] [ LOG ] INIT File

---------------------------------------------------------------
[ 2017-03-27T18:42:03+08:00 ] 120.27.153.16 116.62.176.205 GET /
[ log ] 101.37.16.138:80/ [运行时间：0.006399s][吞吐率：156.28req/s] [内存消耗：426.70kb] [文件加载：34]
[ info ] [ LANG ] /home/wwwroot/default/thinkphp/lang/zh-cn.php
[ info ] [ ROUTE ] array (
  'type' => 'module',
  'module' => 
  array (
    0 => '',
    1 => NULL,
    2 => NULL,
  ),
)
[ info ] [ HEADER ] array (
  'host' => '101.37.16.138:80',
  'connection' => 'Close',
  'accept-encoding' => 'identity',
)
[ info ] [ PARAM ] array (
)
[ info ] [ RUN ] app\home\controller\Index->index[ /home/wwwroot/default/application/home/controller/Index.php ]
[ info ] [ SESSION ] INIT array (
  'id' => '',
  'var_session_id' => '',
  'prefix' => 'think',
  'type' => '',
  'auto_start' => true,
)
[ info ] [ VIEW ] /home/wwwroot/default/application/home/view/index/index.html [ array (
) ]
[ info ] [ LOG ] INIT File

---------------------------------------------------------------
[ 2017-03-27T22:26:25+08:00 ] 120.27.153.16 80.82.78.38 GET http://www.baidu.com/cache/global/img/gs.gif
[ log ] www.baidu.comhttp://www.baidu.com/cache/global/img/gs.gif [运行时间：0.004034s][吞吐率：247.89req/s] [内存消耗：334.84kb] [文件加载：26]
[ info ] [ LANG ] /home/wwwroot/default/thinkphp/lang/zh-cn.php
[ info ] [ ROUTE ] array (
  'type' => 'module',
  'module' => 
  array (
    0 => 'cache',
    1 => 'global',
    2 => 'img',
  ),
)
[ info ] [ HEADER ] array (
  'host' => 'www.baidu.com',
  'user-agent' => 'Mozilla',
  'if-modified-since' => 'Thu, 19 Apr 2012 09:51:20 GMT',
)
[ info ] [ PARAM ] array (
  '/cache/global/img/gs_gif' => '',
)
[ info ] [ LOG ] INIT File

---------------------------------------------------------------
[ 2017-03-27T23:13:01+08:00 ] 120.27.153.16 190.147.155.131 OPTIONS /
[ log ] 120.27.153.16/ [运行时间：0.003558s][吞吐率：281.06req/s] [内存消耗：427.18kb] [文件加载：34]
[ info ] [ LANG ] /home/wwwroot/default/thinkphp/lang/zh-cn.php
[ info ] [ ROUTE ] array (
  'type' => 'module',
  'module' => 
  array (
    0 => '',
    1 => NULL,
    2 => NULL,
  ),
)
[ info ] [ HEADER ] array (
  'connection' => 'close',
  'origin' => 'example.com',
  'access-control-request-method' => 'HEAD',
  'user-agent' => 'Mozilla/5.0 (compatible; Nmap Scripting Engine; http://nmap.org/book/nse.html)',
  'host' => '120.27.153.16',
)
[ info ] [ PARAM ] array (
)
[ info ] [ RUN ] app\home\controller\Index->index[ /home/wwwroot/default/application/home/controller/Index.php ]
[ info ] [ SESSION ] INIT array (
  'id' => '',
  'var_session_id' => '',
  'prefix' => 'think',
  'type' => '',
  'auto_start' => true,
)
[ info ] [ VIEW ] /home/wwwroot/default/application/home/view/index/index.html [ array (
) ]
[ info ] [ LOG ] INIT File

---------------------------------------------------------------
[ 2017-03-27T23:13:01+08:00 ] 120.27.153.16 190.147.155.131 GET /
[ log ] 120.27.153.16/ [运行时间：0.014574s][吞吐率：68.62req/s] [内存消耗：426.80kb] [文件加载：34]
[ info ] [ LANG ] /home/wwwroot/default/thinkphp/lang/zh-cn.php
[ info ] [ ROUTE ] array (
  'type' => 'module',
  'module' => 
  array (
    0 => '',
    1 => NULL,
    2 => NULL,
  ),
)
[ info ] [ HEADER ] array (
  'connection' => 'close',
  'user-agent' => 'Mozilla/5.0 (compatible; Nmap Scripting Engine; http://nmap.org/book/nse.html)',
  'host' => '120.27.153.16',
)
[ info ] [ PARAM ] array (
)
[ info ] [ RUN ] app\home\controller\Index->index[ /home/wwwroot/default/application/home/controller/Index.php ]
[ info ] [ SESSION ] INIT array (
  'id' => '',
  'var_session_id' => '',
  'prefix' => 'think',
  'type' => '',
  'auto_start' => true,
)
[ info ] [ VIEW ] /home/wwwroot/default/application/home/view/index/index.html [ array (
) ]
[ info ] [ LOG ] INIT File

---------------------------------------------------------------
[ 2017-03-27T23:13:02+08:00 ] 120.27.153.16 190.147.155.131 GET /.git/HEAD
[ log ] 120.27.153.16/.git/HEAD [运行时间：0.010226s][吞吐率：97.79req/s] [内存消耗：334.73kb] [文件加载：26]
[ info ] [ LANG ] /home/wwwroot/default/thinkphp/lang/zh-cn.php
[ info ] [ ROUTE ] array (
  'type' => 'module',
  'module' => 
  array (
    0 => '.git',
    1 => 'HEAD',
    2 => NULL,
  ),
)
[ info ] [ HEADER ] array (
  'connection' => 'close',
  'user-agent' => 'Mozilla/5.0 (compatible; Nmap Scripting Engine; http://nmap.org/book/nse.html)',
  'host' => '120.27.153.16',
)
[ info ] [ PARAM ] array (
  '/_git/HEAD' => '',
)
[ info ] [ LOG ] INIT File

---------------------------------------------------------------
[ 2017-03-27T23:13:02+08:00 ] 120.27.153.16 190.147.155.131 OPTIONS /
[ log ] 120.27.153.16/ [运行时间：0.015441s][吞吐率：64.76req/s] [内存消耗：426.72kb] [文件加载：34]
[ info ] [ LANG ] /home/wwwroot/default/thinkphp/lang/zh-cn.php
[ info ] [ ROUTE ] array (
  'type' => 'module',
  'module' => 
  array (
    0 => '',
    1 => NULL,
    2 => NULL,
  ),
)
[ info ] [ HEADER ] array (
  'connection' => 'close',
  'user-agent' => 'Mozilla/5.0 (compatible; Nmap Scripting Engine; http://nmap.org/book/nse.html)',
  'host' => '120.27.153.16',
)
[ info ] [ PARAM ] array (
)
[ info ] [ RUN ] app\home\controller\Index->index[ /home/wwwroot/default/application/home/controller/Index.php ]
[ info ] [ SESSION ] INIT array (
  'id' => '',
  'var_session_id' => '',
  'prefix' => 'think',
  'type' => '',
  'auto_start' => true,
)
[ info ] [ VIEW ] /home/wwwroot/default/application/home/view/index/index.html [ array (
) ]
[ info ] [ LOG ] INIT File

---------------------------------------------------------------
[ 2017-03-27T23:13:02+08:00 ] 120.27.153.16 190.147.155.131 GET /robots.txt
[ log ] 120.27.153.16/robots.txt [运行时间：0.003009s][吞吐率：332.35req/s] [内存消耗：334.71kb] [文件加载：26]
[ info ] [ LANG ] /home/wwwroot/default/thinkphp/lang/zh-cn.php
[ info ] [ ROUTE ] array (
  'type' => 'module',
  'module' => 
  array (
    0 => 'robots.txt',
    1 => NULL,
    2 => NULL,
  ),
)
[ info ] [ HEADER ] array (
  'connection' => 'close',
  'user-agent' => 'Mozilla/5.0 (compatible; Nmap Scripting Engine; http://nmap.org/book/nse.html)',
  'host' => '120.27.153.16',
)
[ info ] [ PARAM ] array (
  '/robots_txt' => '',
)
[ info ] [ LOG ] INIT File

---------------------------------------------------------------
[ 2017-03-27T23:13:04+08:00 ] 120.27.153.16 190.147.155.131 GET /
[ log ] 120.27.153.16/ [运行时间：0.006108s][吞吐率：163.72req/s] [内存消耗：426.80kb] [文件加载：34]
[ info ] [ LANG ] /home/wwwroot/default/thinkphp/lang/zh-cn.php
[ info ] [ ROUTE ] array (
  'type' => 'module',
  'module' => 
  array (
    0 => '',
    1 => NULL,
    2 => NULL,
  ),
)
[ info ] [ HEADER ] array (
  'connection' => 'close',
  'user-agent' => 'Mozilla/5.0 (compatible; Nmap Scripting Engine; http://nmap.org/book/nse.html)',
  'host' => '120.27.153.16',
)
[ info ] [ PARAM ] array (
)
[ info ] [ RUN ] app\home\controller\Index->index[ /home/wwwroot/default/application/home/controller/Index.php ]
[ info ] [ SESSION ] INIT array (
  'id' => '',
  'var_session_id' => '',
  'prefix' => 'think',
  'type' => '',
  'auto_start' => true,
)
[ info ] [ VIEW ] /home/wwwroot/default/application/home/view/index/index.html [ array (
) ]
[ info ] [ LOG ] INIT File

---------------------------------------------------------------
[ 2017-03-27T23:13:05+08:00 ] 120.27.153.16 190.147.155.131 OPTIONS /
[ log ] 120.27.153.16/ [运行时间：0.006676s][吞吐率：149.79req/s] [内存消耗：427.18kb] [文件加载：34]
[ info ] [ LANG ] /home/wwwroot/default/thinkphp/lang/zh-cn.php
[ info ] [ ROUTE ] array (
  'type' => 'module',
  'module' => 
  array (
    0 => '',
    1 => NULL,
    2 => NULL,
  ),
)
[ info ] [ HEADER ] array (
  'connection' => 'close',
  'origin' => 'example.com',
  'access-control-request-method' => 'GET',
  'user-agent' => 'Mozilla/5.0 (compatible; Nmap Scripting Engine; http://nmap.org/book/nse.html)',
  'host' => '120.27.153.16',
)
[ info ] [ PARAM ] array (
)
[ info ] [ RUN ] app\home\controller\Index->index[ /home/wwwroot/default/application/home/controller/Index.php ]
[ info ] [ SESSION ] INIT array (
  'id' => '',
  'var_session_id' => '',
  'prefix' => 'think',
  'type' => '',
  'auto_start' => true,
)
[ info ] [ VIEW ] /home/wwwroot/default/application/home/view/index/index.html [ array (
) ]
[ info ] [ LOG ] INIT File

---------------------------------------------------------------
[ 2017-03-27T23:13:05+08:00 ] 120.27.153.16 190.147.155.131 GET /favicon.ico
[ log ] 120.27.153.16/favicon.ico [运行时间：0.004563s][吞吐率：219.15req/s] [内存消耗：334.71kb] [文件加载：26]
[ info ] [ LANG ] /home/wwwroot/default/thinkphp/lang/zh-cn.php
[ info ] [ ROUTE ] array (
  'type' => 'module',
  'module' => 
  array (
    0 => 'favicon.ico',
    1 => NULL,
    2 => NULL,
  ),
)
[ info ] [ HEADER ] array (
  'connection' => 'close',
  'user-agent' => 'Mozilla/5.0 (compatible; Nmap Scripting Engine; http://nmap.org/book/nse.html)',
  'host' => '120.27.153.16',
)
[ info ] [ PARAM ] array (
  '/favicon_ico' => '',
)
[ info ] [ LOG ] INIT File

---------------------------------------------------------------
[ 2017-03-27T23:13:06+08:00 ] 120.27.153.16 190.147.155.131 OPTIONS /
[ log ] 120.27.153.16/ [运行时间：0.010548s][吞吐率：94.81req/s] [内存消耗：428.24kb] [文件加载：34]
[ info ] [ LANG ] /home/wwwroot/default/thinkphp/lang/zh-cn.php
[ info ] [ ROUTE ] array (
  'type' => 'module',
  'module' => 
  array (
    0 => '',
    1 => NULL,
    2 => NULL,
  ),
)
[ info ] [ HEADER ] array (
  'connection' => 'close',
  'origin' => 'example.com',
  'access-control-request-method' => 'POST',
  'user-agent' => 'Mozilla/5.0 (compatible; Nmap Scripting Engine; http://nmap.org/book/nse.html)',
  'host' => '120.27.153.16',
)
[ info ] [ PARAM ] array (
)
[ info ] [ RUN ] app\home\controller\Index->index[ /home/wwwroot/default/application/home/controller/Index.php ]
[ info ] [ SESSION ] INIT array (
  'id' => '',
  'var_session_id' => '',
  'prefix' => 'think',
  'type' => '',
  'auto_start' => true,
)
[ info ] [ VIEW ] /home/wwwroot/default/application/home/view/index/index.html [ array (
) ]
[ info ] [ LOG ] INIT File

---------------------------------------------------------------
[ 2017-03-27T23:13:08+08:00 ] 120.27.153.16 190.147.155.131 OPTIONS /
[ log ] 120.27.153.16/ [运行时间：0.006054s][吞吐率：165.18req/s] [内存消耗：427.18kb] [文件加载：34]
[ info ] [ LANG ] /home/wwwroot/default/thinkphp/lang/zh-cn.php
[ info ] [ ROUTE ] array (
  'type' => 'module',
  'module' => 
  array (
    0 => '',
    1 => NULL,
    2 => NULL,
  ),
)
[ info ] [ HEADER ] array (
  'connection' => 'close',
  'origin' => 'example.com',
  'access-control-request-method' => 'PUT',
  'user-agent' => 'Mozilla/5.0 (compatible; Nmap Scripting Engine; http://nmap.org/book/nse.html)',
  'host' => '120.27.153.16',
)
[ info ] [ PARAM ] array (
)
[ info ] [ RUN ] app\home\controller\Index->index[ /home/wwwroot/default/application/home/controller/Index.php ]
[ info ] [ SESSION ] INIT array (
  'id' => '',
  'var_session_id' => '',
  'prefix' => 'think',
  'type' => '',
  'auto_start' => true,
)
[ info ] [ VIEW ] /home/wwwroot/default/application/home/view/index/index.html [ array (
) ]
[ info ] [ LOG ] INIT File

---------------------------------------------------------------
[ 2017-03-27T23:13:10+08:00 ] 120.27.153.16 190.147.155.131 OPTIONS /
[ log ] 120.27.153.16/ [运行时间：0.005835s][吞吐率：171.38req/s] [内存消耗：427.19kb] [文件加载：34]
[ info ] [ LANG ] /home/wwwroot/default/thinkphp/lang/zh-cn.php
[ info ] [ ROUTE ] array (
  'type' => 'module',
  'module' => 
  array (
    0 => '',
    1 => NULL,
    2 => NULL,
  ),
)
[ info ] [ HEADER ] array (
  'connection' => 'close',
  'origin' => 'example.com',
  'access-control-request-method' => 'DELETE',
  'user-agent' => 'Mozilla/5.0 (compatible; Nmap Scripting Engine; http://nmap.org/book/nse.html)',
  'host' => '120.27.153.16',
)
[ info ] [ PARAM ] array (
)
[ info ] [ RUN ] app\home\controller\Index->index[ /home/wwwroot/default/application/home/controller/Index.php ]
[ info ] [ SESSION ] INIT array (
  'id' => '',
  'var_session_id' => '',
  'prefix' => 'think',
  'type' => '',
  'auto_start' => true,
)
[ info ] [ VIEW ] /home/wwwroot/default/application/home/view/index/index.html [ array (
) ]
[ info ] [ LOG ] INIT File

---------------------------------------------------------------
[ 2017-03-27T23:13:11+08:00 ] 120.27.153.16 190.147.155.131 OPTIONS /
[ log ] 120.27.153.16/ [运行时间：0.006023s][吞吐率：166.03req/s] [内存消耗：427.18kb] [文件加载：34]
[ info ] [ LANG ] /home/wwwroot/default/thinkphp/lang/zh-cn.php
[ info ] [ ROUTE ] array (
  'type' => 'module',
  'module' => 
  array (
    0 => '',
    1 => NULL,
    2 => NULL,
  ),
)
[ info ] [ HEADER ] array (
  'connection' => 'close',
  'origin' => 'example.com',
  'access-control-request-method' => 'TRACE',
  'user-agent' => 'Mozilla/5.0 (compatible; Nmap Scripting Engine; http://nmap.org/book/nse.html)',
  'host' => '120.27.153.16',
)
[ info ] [ PARAM ] array (
)
[ info ] [ RUN ] app\home\controller\Index->index[ /home/wwwroot/default/application/home/controller/Index.php ]
[ info ] [ SESSION ] INIT array (
  'id' => '',
  'var_session_id' => '',
  'prefix' => 'think',
  'type' => '',
  'auto_start' => true,
)
[ info ] [ VIEW ] /home/wwwroot/default/application/home/view/index/index.html [ array (
) ]
[ info ] [ LOG ] INIT File

---------------------------------------------------------------
[ 2017-03-27T23:13:13+08:00 ] 120.27.153.16 190.147.155.131 OPTIONS /
[ log ] 120.27.153.16/ [运行时间：0.002950s][吞吐率：338.99req/s] [内存消耗：427.19kb] [文件加载：34]
[ info ] [ LANG ] /home/wwwroot/default/thinkphp/lang/zh-cn.php
[ info ] [ ROUTE ] array (
  'type' => 'module',
  'module' => 
  array (
    0 => '',
    1 => NULL,
    2 => NULL,
  ),
)
[ info ] [ HEADER ] array (
  'connection' => 'close',
  'origin' => 'example.com',
  'access-control-request-method' => 'OPTIONS',
  'user-agent' => 'Mozilla/5.0 (compatible; Nmap Scripting Engine; http://nmap.org/book/nse.html)',
  'host' => '120.27.153.16',
)
[ info ] [ PARAM ] array (
)
[ info ] [ RUN ] app\home\controller\Index->index[ /home/wwwroot/default/application/home/controller/Index.php ]
[ info ] [ SESSION ] INIT array (
  'id' => '',
  'var_session_id' => '',
  'prefix' => 'think',
  'type' => '',
  'auto_start' => true,
)
[ info ] [ VIEW ] /home/wwwroot/default/application/home/view/index/index.html [ array (
) ]
[ info ] [ LOG ] INIT File

---------------------------------------------------------------
[ 2017-03-27T23:13:14+08:00 ] 120.27.153.16 190.147.155.131 OPTIONS /
[ log ] 120.27.153.16/ [运行时间：0.006245s][吞吐率：160.13req/s] [内存消耗：427.19kb] [文件加载：34]
[ info ] [ LANG ] /home/wwwroot/default/thinkphp/lang/zh-cn.php
[ info ] [ ROUTE ] array (
  'type' => 'module',
  'module' => 
  array (
    0 => '',
    1 => NULL,
    2 => NULL,
  ),
)
[ info ] [ HEADER ] array (
  'connection' => 'close',
  'origin' => 'example.com',
  'access-control-request-method' => 'CONNECT',
  'user-agent' => 'Mozilla/5.0 (compatible; Nmap Scripting Engine; http://nmap.org/book/nse.html)',
  'host' => '120.27.153.16',
)
[ info ] [ PARAM ] array (
)
[ info ] [ RUN ] app\home\controller\Index->index[ /home/wwwroot/default/application/home/controller/Index.php ]
[ info ] [ SESSION ] INIT array (
  'id' => '',
  'var_session_id' => '',
  'prefix' => 'think',
  'type' => '',
  'auto_start' => true,
)
[ info ] [ VIEW ] /home/wwwroot/default/application/home/view/index/index.html [ array (
) ]
[ info ] [ LOG ] INIT File

---------------------------------------------------------------
[ 2017-03-27T23:13:16+08:00 ] 120.27.153.16 190.147.155.131 OPTIONS /
[ log ] 120.27.153.16/ [运行时间：0.003567s][吞吐率：280.35req/s] [内存消耗：427.18kb] [文件加载：34]
[ info ] [ LANG ] /home/wwwroot/default/thinkphp/lang/zh-cn.php
[ info ] [ ROUTE ] array (
  'type' => 'module',
  'module' => 
  array (
    0 => '',
    1 => NULL,
    2 => NULL,
  ),
)
[ info ] [ HEADER ] array (
  'connection' => 'close',
  'origin' => 'example.com',
  'access-control-request-method' => 'PATCH',
  'user-agent' => 'Mozilla/5.0 (compatible; Nmap Scripting Engine; http://nmap.org/book/nse.html)',
  'host' => '120.27.153.16',
)
[ info ] [ PARAM ] array (
)
[ info ] [ RUN ] app\home\controller\Index->index[ /home/wwwroot/default/application/home/controller/Index.php ]
[ info ] [ SESSION ] INIT array (
  'id' => '',
  'var_session_id' => '',
  'prefix' => 'think',
  'type' => '',
  'auto_start' => true,
)
[ info ] [ VIEW ] /home/wwwroot/default/application/home/view/index/index.html [ array (
) ]
[ info ] [ LOG ] INIT File

---------------------------------------------------------------
[ 2017-03-27T23:20:42+08:00 ] 120.27.153.16 182.33.48.161 GET /
[ log ] 120.27.153.16:80/ [运行时间：0.006814s][吞吐率：146.76req/s] [内存消耗：427.05kb] [文件加载：34]
[ info ] [ LANG ] /home/wwwroot/default/thinkphp/lang/zh-cn.php
[ info ] [ ROUTE ] array (
  'type' => 'module',
  'module' => 
  array (
    0 => '',
    1 => NULL,
    2 => NULL,
  ),
)
[ info ] [ HEADER ] array (
  'host' => '120.27.153.16:80',
  'user-agent' => 'Mozilla/5.0 (compatible; Googlebot/2.1; +http://www.google.com/bot.html)',
  'accept-encoding' => 'gzip',
  'connection' => 'close',
)
[ info ] [ PARAM ] array (
)
[ info ] [ RUN ] app\home\controller\Index->index[ /home/wwwroot/default/application/home/controller/Index.php ]
[ info ] [ SESSION ] INIT array (
  'id' => '',
  'var_session_id' => '',
  'prefix' => 'think',
  'type' => '',
  'auto_start' => true,
)
[ info ] [ VIEW ] /home/wwwroot/default/application/home/view/index/index.html [ array (
) ]
[ info ] [ LOG ] INIT File

---------------------------------------------------------------
[ 2017-03-27T23:29:36+08:00 ] 120.27.153.16 89.248.172.90 GET http://httpheader.net/
[ log ] httpheader.nethttp://httpheader.net/ [运行时间：0.006183s][吞吐率：161.74req/s] [内存消耗：428.38kb] [文件加载：34]
[ info ] [ LANG ] /home/wwwroot/default/thinkphp/lang/zh-cn.php
[ info ] [ ROUTE ] array (
  'type' => 'module',
  'module' => 
  array (
    0 => '',
    1 => NULL,
    2 => NULL,
  ),
)
[ info ] [ HEADER ] array (
  'user-agent' => 'Mozilla/5.0 (Windows; U; Windows NT 6.1; en-US; rv:1.9.2.28) Gecko/20120306 Firefox/3.6.28 (.NET CLR 3.5.30729)',
  'host' => 'httpheader.net',
  'accept-encoding' => 'deflate, gzip',
  'proxy-connection' => 'Keep-Alive',
  'accept-language' => 'en-gb,en;q=0.5',
  'accept' => 'text/html,application/xhtml+xml,application/xml;q=0.9,*/*;q=0.8',
  'accept-charset' => 'ISO-8859-1,utf-8;q=0.7,*;q=0.7',
  'pragma' => 'no-cache',
  'cache-control' => 'no-cache',
)
[ info ] [ PARAM ] array (
)
[ info ] [ RUN ] app\home\controller\Index->index[ /home/wwwroot/default/application/home/controller/Index.php ]
[ info ] [ SESSION ] INIT array (
  'id' => '',
  'var_session_id' => '',
  'prefix' => 'think',
  'type' => '',
  'auto_start' => true,
)
[ info ] [ VIEW ] /home/wwwroot/default/application/home/view/index/index.html [ array (
) ]
[ info ] [ LOG ] INIT File

---------------------------------------------------------------
[ 2017-03-27T23:29:36+08:00 ] 120.27.153.16 120.32.79.212 GET http://www.123cha.com
[ log ] www.123cha.comhttp://www.123cha.com [运行时间：0.005805s][吞吐率：172.26req/s] [内存消耗：426.89kb] [文件加载：34]
[ info ] [ LANG ] /home/wwwroot/default/thinkphp/lang/zh-cn.php
[ info ] [ ROUTE ] array (
  'type' => 'module',
  'module' => 
  array (
    0 => '',
    1 => NULL,
    2 => NULL,
  ),
)
[ info ] [ HEADER ] array (
  'host' => 'www.123cha.com',
  'proxy-connection' => 'keep-alive',
  'user-agent' => 'Mozilla/5.0 (Windows NT 5.1) AppleWebKit/537.36 (KHTML, like Gecko) Chrome/43.0.2357.132 Safari/537.36',
)
[ info ] [ PARAM ] array (
)
[ info ] [ RUN ] app\home\controller\Index->index[ /home/wwwroot/default/application/home/controller/Index.php ]
[ info ] [ SESSION ] INIT array (
  'id' => '',
  'var_session_id' => '',
  'prefix' => 'think',
  'type' => '',
  'auto_start' => true,
)
[ info ] [ VIEW ] /home/wwwroot/default/application/home/view/index/index.html [ array (
) ]
[ info ] [ LOG ] INIT File

---------------------------------------------------------------
